{"contracts/AAVE/AAVEDataTypes.sol":{"l":{},"path":"/Users/cola/Documents/codes/solidity/OK/LendingAggregator/contracts/AAVE/AAVEDataTypes.sol","s":{},"b":{},"f":{},"fnMap":{},"statementMap":{},"branchMap":{}},"contracts/AAVE/AAVELogic.sol":{"l":{"51":72,"52":72,"53":72,"57":1,"58":1,"65":2,"70":2,"72":2,"84":2,"89":2,"91":2,"105":1,"106":1,"107":0,"110":1,"112":1,"121":1,"122":1,"123":0,"126":1,"129":1,"145":1,"146":1,"147":1,"148":1,"156":0,"157":0,"166":1,"176":1,"178":1,"179":0,"180":0,"190":1,"204":0,"205":0,"206":0,"207":0,"210":0,"213":0,"215":0,"217":0,"233":1,"234":1,"235":1,"244":0,"245":0,"262":1,"263":1,"264":1,"265":0,"266":0,"269":1,"286":1,"287":1,"290":1,"299":1,"300":1,"303":1,"312":1,"313":1,"316":1,"319":1,"321":1,"323":1,"326":1,"328":1,"329":1,"338":1,"342":1,"346":1,"353":1,"360":1,"363":1,"364":0,"365":0,"366":0,"369":0,"373":0,"387":0,"396":0,"399":1,"408":1,"413":1,"414":0,"417":1,"421":1,"422":0,"423":0,"426":0,"435":1,"450":2,"453":2,"457":2,"481":2,"484":2,"489":2,"492":0,"495":0,"501":2,"510":2,"522":2,"533":9,"534":0,"536":9},"path":"/Users/cola/Documents/codes/solidity/OK/LendingAggregator/contracts/AAVE/AAVELogic.sol","s":{"1":1,"2":2,"3":2,"4":2,"5":2,"6":1,"7":1,"8":0,"9":1,"10":1,"11":1,"12":1,"13":0,"14":1,"15":1,"16":1,"17":1,"18":0,"19":0,"20":0,"21":0,"22":1,"23":1,"24":1,"25":1,"26":1,"27":1,"28":1,"29":1,"30":1,"31":1,"32":1,"33":1,"34":1,"35":1,"36":1,"37":1,"38":1,"39":1,"40":1,"41":1,"42":1,"43":1,"44":2,"45":2,"46":2,"47":2,"48":0,"49":2,"50":2,"51":2,"52":9,"53":0,"54":9},"b":{"1":[0,1],"2":[0,1],"3":[1,0],"4":[0,1],"5":[0,0],"6":[1,0],"7":[0,1],"8":[0,1],"9":[0,1],"10":[0,1],"11":[2,0],"12":[0,2],"13":[0,9]},"f":{"1":72,"2":1,"3":2,"4":2,"5":1,"6":1,"7":0,"8":1,"9":1,"10":0,"11":1,"12":1,"13":0,"14":1,"15":1,"16":1,"17":1,"18":1,"19":0,"20":2,"21":2,"22":2,"23":9},"fnMap":{"1":{"name":"constructor","line":46,"loc":{"start":{"line":46,"column":4},"end":{"line":54,"column":4}}},"2":{"name":"setInitialized","line":56,"loc":{"start":{"line":56,"column":4},"end":{"line":59,"column":4}}},"3":{"name":"updateSupplyShare","line":61,"loc":{"start":{"line":61,"column":4},"end":{"line":78,"column":4}}},"4":{"name":"updateBorrowShare","line":80,"loc":{"start":{"line":80,"column":4},"end":{"line":97,"column":4}}},"5":{"name":"lastSupplyInterest","line":99,"loc":{"start":{"line":99,"column":4},"end":{"line":113,"column":4}}},"6":{"name":"lastBorrowInterest","line":115,"loc":{"start":{"line":115,"column":4},"end":{"line":130,"column":4}}},"7":{"name":"getAddAssetData","line":132,"loc":{"start":{"line":132,"column":4},"end":{"line":137,"column":5}}},"8":{"name":"getSupplyData","line":139,"loc":{"start":{"line":139,"column":4},"end":{"line":168,"column":4}}},"9":{"name":"getRedeemData","line":170,"loc":{"start":{"line":170,"column":4},"end":{"line":196,"column":4}}},"10":{"name":"getRedeemAllData","line":198,"loc":{"start":{"line":198,"column":4},"end":{"line":225,"column":4}}},"11":{"name":"getBorrowData","line":227,"loc":{"start":{"line":227,"column":4},"end":{"line":254,"column":4}}},"12":{"name":"getRepayData","line":256,"loc":{"start":{"line":256,"column":4},"end":{"line":276,"column":4}}},"13":{"name":"claimRewards","line":278,"loc":{"start":{"line":278,"column":4},"end":{"line":278,"column":63}}},"14":{"name":"supplyOf","line":280,"loc":{"start":{"line":280,"column":4},"end":{"line":291,"column":4}}},"15":{"name":"debtOf","line":293,"loc":{"start":{"line":293,"column":4},"end":{"line":304,"column":4}}},"16":{"name":"totalColletralAndBorrow","line":306,"loc":{"start":{"line":306,"column":4},"end":{"line":330,"column":4}}},"17":{"name":"supplyToTargetSupplyRate","line":332,"loc":{"start":{"line":332,"column":4},"end":{"line":400,"column":4}}},"18":{"name":"borrowToTargetBorrowRate","line":402,"loc":{"start":{"line":402,"column":4},"end":{"line":436,"column":4}}},"19":{"name":"totalRewards","line":438,"loc":{"start":{"line":438,"column":4},"end":{"line":442,"column":56}}},"20":{"name":"getUsageParams","line":444,"loc":{"start":{"line":444,"column":4},"end":{"line":502,"column":4}}},"21":{"name":"getCurrentSupplyRate","line":504,"loc":{"start":{"line":504,"column":4},"end":{"line":514,"column":4}}},"22":{"name":"getCurrentBorrowRate","line":516,"loc":{"start":{"line":516,"column":4},"end":{"line":526,"column":4}}},"23":{"name":"replaceNative","line":528,"loc":{"start":{"line":528,"column":4},"end":{"line":538,"column":4}}}},"statementMap":{"1":{"start":{"line":58,"column":8},"end":{"line":58,"column":54}},"2":{"start":{"line":65,"column":8},"end":{"line":65,"column":1846}},"3":{"start":{"line":72,"column":8},"end":{"line":72,"column":2047}},"4":{"start":{"line":84,"column":8},"end":{"line":84,"column":2306}},"5":{"start":{"line":91,"column":8},"end":{"line":91,"column":2513}},"6":{"start":{"line":105,"column":8},"end":{"line":105,"column":77}},"7":{"start":{"line":106,"column":8},"end":{"line":106,"column":2891}},"8":{"start":{"line":107,"column":12},"end":{"line":107,"column":20}},"9":{"start":{"line":110,"column":8},"end":{"line":110,"column":2969}},"10":{"start":{"line":112,"column":8},"end":{"line":112,"column":54}},"11":{"start":{"line":121,"column":8},"end":{"line":121,"column":77}},"12":{"start":{"line":122,"column":8},"end":{"line":122,"column":3347}},"13":{"start":{"line":123,"column":12},"end":{"line":123,"column":20}},"14":{"start":{"line":126,"column":8},"end":{"line":126,"column":3425}},"15":{"start":{"line":129,"column":8},"end":{"line":129,"column":54}},"16":{"start":{"line":147,"column":8},"end":{"line":147,"column":3986}},"17":{"start":{"line":178,"column":8},"end":{"line":178,"column":4831}},"18":{"start":{"line":205,"column":8},"end":{"line":205,"column":5643}},"19":{"start":{"line":210,"column":8},"end":{"line":210,"column":5791}},"20":{"start":{"line":213,"column":8},"end":{"line":213,"column":5921}},"21":{"start":{"line":215,"column":8},"end":{"line":215,"column":77}},"22":{"start":{"line":234,"column":8},"end":{"line":234,"column":6551}},"23":{"start":{"line":264,"column":8},"end":{"line":264,"column":7460}},"24":{"start":{"line":287,"column":8},"end":{"line":287,"column":8097}},"25":{"start":{"line":290,"column":8},"end":{"line":290,"column":64}},"26":{"start":{"line":300,"column":8},"end":{"line":300,"column":8465}},"27":{"start":{"line":303,"column":8},"end":{"line":303,"column":75}},"28":{"start":{"line":316,"column":8},"end":{"line":316,"column":8993}},"29":{"start":{"line":319,"column":8},"end":{"line":319,"column":62}},"30":{"start":{"line":321,"column":8},"end":{"line":321,"column":9221}},"31":{"start":{"line":323,"column":8},"end":{"line":323,"column":9306}},"32":{"start":{"line":326,"column":8},"end":{"line":326,"column":37}},"33":{"start":{"line":338,"column":8},"end":{"line":338,"column":9756}},"34":{"start":{"line":346,"column":8},"end":{"line":346,"column":10011}},"35":{"start":{"line":353,"column":8},"end":{"line":353,"column":10277}},"36":{"start":{"line":360,"column":8},"end":{"line":360,"column":10596}},"37":{"start":{"line":363,"column":8},"end":{"line":363,"column":10669}},"38":{"start":{"line":399,"column":8},"end":{"line":399,"column":60}},"39":{"start":{"line":408,"column":8},"end":{"line":408,"column":12244}},"40":{"start":{"line":413,"column":8},"end":{"line":413,"column":12370}},"41":{"start":{"line":417,"column":8},"end":{"line":417,"column":12520}},"42":{"start":{"line":421,"column":8},"end":{"line":421,"column":12623}},"43":{"start":{"line":435,"column":8},"end":{"line":435,"column":60}},"44":{"start":{"line":450,"column":8},"end":{"line":450,"column":13555}},"45":{"start":{"line":453,"column":8},"end":{"line":453,"column":13677}},"46":{"start":{"line":457,"column":8},"end":{"line":457,"column":13809}},"47":{"start":{"line":489,"column":8},"end":{"line":489,"column":15204}},"48":{"start":{"line":492,"column":12},"end":{"line":492,"column":15360}},"49":{"start":{"line":501,"column":8},"end":{"line":501,"column":33}},"50":{"start":{"line":510,"column":8},"end":{"line":510,"column":15909}},"51":{"start":{"line":522,"column":8},"end":{"line":522,"column":16193}},"52":{"start":{"line":533,"column":8},"end":{"line":533,"column":16412}},"53":{"start":{"line":534,"column":12},"end":{"line":534,"column":32}},"54":{"start":{"line":536,"column":12},"end":{"line":536,"column":30}}},"branchMap":{"1":{"line":106,"type":"if","locations":[{"start":{"line":106,"column":8},"end":{"line":106,"column":8}},{"start":{"line":106,"column":8},"end":{"line":106,"column":8}}]},"2":{"line":122,"type":"if","locations":[{"start":{"line":122,"column":8},"end":{"line":122,"column":8}},{"start":{"line":122,"column":8},"end":{"line":122,"column":8}}]},"3":{"line":147,"type":"if","locations":[{"start":{"line":147,"column":8},"end":{"line":147,"column":8}},{"start":{"line":147,"column":8},"end":{"line":147,"column":8}}]},"4":{"line":178,"type":"if","locations":[{"start":{"line":178,"column":8},"end":{"line":178,"column":8}},{"start":{"line":178,"column":8},"end":{"line":178,"column":8}}]},"5":{"line":205,"type":"if","locations":[{"start":{"line":205,"column":8},"end":{"line":205,"column":8}},{"start":{"line":205,"column":8},"end":{"line":205,"column":8}}]},"6":{"line":234,"type":"if","locations":[{"start":{"line":234,"column":8},"end":{"line":234,"column":8}},{"start":{"line":234,"column":8},"end":{"line":234,"column":8}}]},"7":{"line":264,"type":"if","locations":[{"start":{"line":264,"column":8},"end":{"line":264,"column":8}},{"start":{"line":264,"column":8},"end":{"line":264,"column":8}}]},"8":{"line":363,"type":"if","locations":[{"start":{"line":363,"column":8},"end":{"line":363,"column":8}},{"start":{"line":363,"column":8},"end":{"line":363,"column":8}}]},"9":{"line":413,"type":"if","locations":[{"start":{"line":413,"column":8},"end":{"line":413,"column":8}},{"start":{"line":413,"column":8},"end":{"line":413,"column":8}}]},"10":{"line":421,"type":"if","locations":[{"start":{"line":421,"column":8},"end":{"line":421,"column":8}},{"start":{"line":421,"column":8},"end":{"line":421,"column":8}}]},"11":{"line":485,"type":"if","locations":[{"start":{"line":485,"column":14},"end":{"line":486,"column":35}},{"start":{"line":487,"column":14},"end":{"line":487,"column":14}}]},"12":{"line":489,"type":"if","locations":[{"start":{"line":489,"column":8},"end":{"line":489,"column":8}},{"start":{"line":489,"column":8},"end":{"line":489,"column":8}}]},"13":{"line":533,"type":"if","locations":[{"start":{"line":533,"column":8},"end":{"line":533,"column":8}},{"start":{"line":533,"column":8},"end":{"line":533,"column":8}}]}}},"contracts/AAVE/AAVEReserveConfigurationGetter.sol":{"l":{"77":0,"88":0,"101":0,"116":0,"130":0,"143":0,"156":0,"171":0,"183":0,"194":0,"205":0,"218":2,"233":0,"246":0,"259":0,"271":0,"284":0,"299":0,"324":0,"326":0,"357":1,"359":1,"384":0,"386":0},"path":"/Users/cola/Documents/codes/solidity/OK/LendingAggregator/contracts/AAVE/AAVEReserveConfigurationGetter.sol","s":{"1":0,"2":0,"3":0,"4":0,"5":0,"6":0,"7":0,"8":0,"9":0,"10":0,"11":0,"12":2,"13":0,"14":0,"15":0,"16":0,"17":0,"18":0,"19":0,"20":0,"21":1,"22":1,"23":0,"24":0},"b":{},"f":{"1":0,"2":0,"3":0,"4":0,"5":0,"6":0,"7":0,"8":0,"9":0,"10":0,"11":0,"12":2,"13":0,"14":0,"15":0,"16":0,"17":0,"18":0,"19":0,"20":1,"21":0},"fnMap":{"1":{"name":"getLtv","line":72,"loc":{"start":{"line":72,"column":4},"end":{"line":78,"column":4}}},"2":{"name":"getLiquidationThreshold","line":85,"loc":{"start":{"line":85,"column":4},"end":{"line":91,"column":4}}},"3":{"name":"getLiquidationBonus","line":98,"loc":{"start":{"line":98,"column":4},"end":{"line":104,"column":4}}},"4":{"name":"getDecimals","line":111,"loc":{"start":{"line":111,"column":4},"end":{"line":118,"column":4}}},"5":{"name":"getActive","line":125,"loc":{"start":{"line":125,"column":4},"end":{"line":131,"column":4}}},"6":{"name":"getFrozen","line":138,"loc":{"start":{"line":138,"column":4},"end":{"line":144,"column":4}}},"7":{"name":"getPaused","line":151,"loc":{"start":{"line":151,"column":4},"end":{"line":157,"column":4}}},"8":{"name":"getBorrowableInIsolation","line":168,"loc":{"start":{"line":168,"column":4},"end":{"line":172,"column":4}}},"9":{"name":"getSiloedBorrowing","line":180,"loc":{"start":{"line":180,"column":4},"end":{"line":184,"column":4}}},"10":{"name":"getBorrowingEnabled","line":191,"loc":{"start":{"line":191,"column":4},"end":{"line":195,"column":4}}},"11":{"name":"getStableRateBorrowingEnabled","line":202,"loc":{"start":{"line":202,"column":4},"end":{"line":206,"column":4}}},"12":{"name":"getReserveFactor","line":213,"loc":{"start":{"line":213,"column":4},"end":{"line":221,"column":4}}},"13":{"name":"getBorrowCap","line":228,"loc":{"start":{"line":228,"column":4},"end":{"line":234,"column":4}}},"14":{"name":"getSupplyCap","line":241,"loc":{"start":{"line":241,"column":4},"end":{"line":247,"column":4}}},"15":{"name":"getDebtCeiling","line":254,"loc":{"start":{"line":254,"column":4},"end":{"line":261,"column":4}}},"16":{"name":"getLiquidationProtocolFee","line":268,"loc":{"start":{"line":268,"column":4},"end":{"line":274,"column":4}}},"17":{"name":"getUnbackedMintCap","line":281,"loc":{"start":{"line":281,"column":4},"end":{"line":287,"column":4}}},"18":{"name":"getEModeCategory","line":294,"loc":{"start":{"line":294,"column":4},"end":{"line":302,"column":4}}},"19":{"name":"getFlags","line":313,"loc":{"start":{"line":313,"column":4},"end":{"line":333,"column":4}}},"20":{"name":"getParams","line":345,"loc":{"start":{"line":345,"column":4},"end":{"line":371,"column":4}}},"21":{"name":"getCaps","line":379,"loc":{"start":{"line":379,"column":4},"end":{"line":390,"column":4}}}},"statementMap":{"1":{"start":{"line":77,"column":8},"end":{"line":77,"column":36}},"2":{"start":{"line":88,"column":8},"end":{"line":88,"column":5830}},"3":{"start":{"line":101,"column":8},"end":{"line":101,"column":6247}},"4":{"start":{"line":116,"column":8},"end":{"line":116,"column":6716}},"5":{"start":{"line":130,"column":8},"end":{"line":130,"column":46}},"6":{"start":{"line":143,"column":8},"end":{"line":143,"column":46}},"7":{"start":{"line":156,"column":8},"end":{"line":156,"column":46}},"8":{"start":{"line":171,"column":8},"end":{"line":171,"column":63}},"9":{"start":{"line":183,"column":8},"end":{"line":183,"column":56}},"10":{"start":{"line":194,"column":8},"end":{"line":194,"column":49}},"11":{"start":{"line":205,"column":8},"end":{"line":205,"column":56}},"12":{"start":{"line":218,"column":8},"end":{"line":218,"column":10035}},"13":{"start":{"line":233,"column":8},"end":{"line":233,"column":78}},"14":{"start":{"line":246,"column":8},"end":{"line":246,"column":78}},"15":{"start":{"line":259,"column":8},"end":{"line":259,"column":11274}},"16":{"start":{"line":271,"column":8},"end":{"line":271,"column":11643}},"17":{"start":{"line":284,"column":8},"end":{"line":284,"column":12059}},"18":{"start":{"line":299,"column":8},"end":{"line":299,"column":12476}},"19":{"start":{"line":324,"column":8},"end":{"line":324,"column":37}},"20":{"start":{"line":326,"column":8},"end":{"line":326,"column":13228}},"21":{"start":{"line":357,"column":8},"end":{"line":357,"column":37}},"22":{"start":{"line":359,"column":8},"end":{"line":359,"column":14297}},"23":{"start":{"line":384,"column":8},"end":{"line":384,"column":37}},"24":{"start":{"line":386,"column":8},"end":{"line":386,"column":15295}}},"branchMap":{}},"contracts/AAVE/IAAVEInterestRateStrategy.sol":{"l":{},"path":"/Users/cola/Documents/codes/solidity/OK/LendingAggregator/contracts/AAVE/IAAVEInterestRateStrategy.sol","s":{},"b":{},"f":{},"fnMap":{},"statementMap":{},"branchMap":{}},"contracts/AAVE/IAAVEPool.sol":{"l":{},"path":"/Users/cola/Documents/codes/solidity/OK/LendingAggregator/contracts/AAVE/IAAVEPool.sol","s":{},"b":{},"f":{},"fnMap":{},"statementMap":{},"branchMap":{}},"contracts/AAVE/IAAVEPriceOracleGetter.sol":{"l":{},"path":"/Users/cola/Documents/codes/solidity/OK/LendingAggregator/contracts/AAVE/IAAVEPriceOracleGetter.sol","s":{},"b":{},"f":{},"fnMap":{},"statementMap":{},"branchMap":{}},"contracts/AAVE/IAToken.sol":{"l":{},"path":"/Users/cola/Documents/codes/solidity/OK/LendingAggregator/contracts/AAVE/IAToken.sol","s":{},"b":{},"f":{},"fnMap":{},"statementMap":{},"branchMap":{}},"contracts/AAVE/IPoolAddressesProvider.sol":{"l":{},"path":"/Users/cola/Documents/codes/solidity/OK/LendingAggregator/contracts/AAVE/IPoolAddressesProvider.sol","s":{},"b":{},"f":{},"fnMap":{},"statementMap":{},"branchMap":{}},"contracts/AAVE/IScaledBalanceToken.sol":{"l":{},"path":"/Users/cola/Documents/codes/solidity/OK/LendingAggregator/contracts/AAVE/IScaledBalanceToken.sol","s":{},"b":{},"f":{},"fnMap":{},"statementMap":{},"branchMap":{}},"contracts/AAVE/IVariableDebtToken.sol":{"l":{},"path":"/Users/cola/Documents/codes/solidity/OK/LendingAggregator/contracts/AAVE/IVariableDebtToken.sol","s":{},"b":{},"f":{},"fnMap":{},"statementMap":{},"branchMap":{}},"contracts/Compound/CERC20Interface.sol":{"l":{},"path":"/Users/cola/Documents/codes/solidity/OK/LendingAggregator/contracts/Compound/CERC20Interface.sol","s":{},"b":{},"f":{},"fnMap":{},"statementMap":{},"branchMap":{}},"contracts/Compound/CETHInterface.sol":{"l":{},"path":"/Users/cola/Documents/codes/solidity/OK/LendingAggregator/contracts/Compound/CETHInterface.sol","s":{},"b":{},"f":{},"fnMap":{},"statementMap":{},"branchMap":{}},"contracts/Compound/CompoundLogic.sol":{"l":{"40":39,"41":39,"42":39,"43":39,"45":39,"52":0,"59":0,"61":0,"66":0,"68":0,"80":0,"82":0,"84":0,"86":0,"88":0,"102":0,"103":0,"104":0,"105":0,"108":0,"110":0,"119":0,"120":0,"121":0,"122":0,"125":0,"126":0,"127":0,"137":0,"138":0,"139":0,"140":0,"152":0,"153":0,"154":0,"158":0,"159":0,"164":0,"173":0,"193":0,"205":0,"206":0,"218":0,"219":0,"231":0,"232":0,"233":0,"237":0,"238":0,"246":0,"257":0,"258":0,"264":0,"265":0,"278":0,"279":0,"280":0,"291":0,"294":0,"295":0,"296":0,"298":0,"305":0,"306":0,"308":0,"310":0,"312":0,"315":0,"316":0,"319":0,"321":0,"322":0,"331":0,"336":0,"338":0,"343":0,"346":0,"347":0,"349":0,"353":0,"354":0,"359":0,"367":0,"372":0,"373":0,"376":0,"379":0,"380":0,"381":0,"389":0,"398":0,"399":0,"406":0,"408":0,"419":0,"423":0,"424":0,"425":0,"433":0,"435":0,"486":0,"487":0,"488":0,"489":0,"491":0,"493":0,"494":0,"497":0,"498":0,"500":0,"501":0,"504":0,"516":0,"527":0,"537":0,"539":0,"541":0,"542":0,"543":0,"544":0,"545":0,"548":0,"551":0,"553":0,"555":0,"556":0,"564":0,"567":0,"568":0,"569":0,"570":0,"572":0,"573":0,"576":0,"579":0,"581":0,"583":0,"584":0,"586":0,"594":0,"595":0,"597":0,"600":0,"601":0,"602":0,"610":0,"612":0,"619":0},"path":"/Users/cola/Documents/codes/solidity/OK/LendingAggregator/contracts/Compound/CompoundLogic.sol","s":{"1":39,"2":39,"3":0,"4":0,"5":0,"6":0,"7":0,"8":0,"9":0,"10":0,"11":0,"12":0,"13":0,"14":0,"15":0,"16":0,"17":0,"18":0,"19":0,"20":0,"21":0,"22":0,"23":0,"24":0,"25":0,"26":0,"27":0,"28":0,"29":0,"30":0,"31":0,"32":0,"33":0,"34":0,"35":0,"36":0,"37":0,"38":0,"39":0,"40":0,"41":0,"42":0,"43":0,"44":0,"45":0,"46":0,"47":0,"48":0,"49":0,"50":0,"51":0,"52":0,"53":0,"54":0,"55":0,"56":0,"57":0,"58":0,"59":0,"60":0,"61":0,"62":0,"63":0,"64":0,"65":0,"66":0,"67":0,"68":0,"69":0,"70":0,"71":0,"72":0,"73":0,"74":0,"75":0,"76":0,"77":0,"78":0,"79":0,"80":0,"81":0,"82":0,"83":0,"84":0,"85":0,"86":0,"87":0,"88":0,"89":0,"90":0,"91":0,"92":0,"93":0,"94":0,"95":0,"96":0,"97":0,"98":0},"b":{"1":[39,0],"2":[0,0],"3":[0,0],"4":[0,0],"5":[0,0],"6":[0,0],"7":[0,0],"8":[0,0],"9":[0,0],"10":[0,0],"11":[0,0],"12":[0,0],"13":[0,0],"14":[0,0],"15":[0,0],"16":[0,0],"17":[0,0],"18":[0,0],"19":[0,0]},"f":{"1":39,"2":0,"3":0,"4":0,"5":0,"6":0,"7":0,"8":0,"9":0,"10":0,"11":0,"12":0,"13":0,"14":0,"15":0,"16":0,"17":0,"18":0,"19":0,"20":0,"21":0,"22":0,"23":0,"24":0,"25":0,"26":0,"27":0,"28":0},"fnMap":{"1":{"name":"constructor","line":35,"loc":{"start":{"line":35,"column":4},"end":{"line":46,"column":4}}},"2":{"name":"setInitialized","line":50,"loc":{"start":{"line":50,"column":4},"end":{"line":53,"column":4}}},"3":{"name":"updateSupplyShare","line":55,"loc":{"start":{"line":55,"column":4},"end":{"line":74,"column":4}}},"4":{"name":"updateBorrowShare","line":76,"loc":{"start":{"line":76,"column":4},"end":{"line":94,"column":4}}},"5":{"name":"lastSupplyInterest","line":96,"loc":{"start":{"line":96,"column":4},"end":{"line":111,"column":4}}},"6":{"name":"lastBorrowInterest","line":113,"loc":{"start":{"line":113,"column":4},"end":{"line":129,"column":4}}},"7":{"name":"getAddAssetData","line":131,"loc":{"start":{"line":131,"column":4},"end":{"line":144,"column":4}}},"8":{"name":"getSupplyData","line":146,"loc":{"start":{"line":146,"column":4},"end":{"line":165,"column":4}}},"9":{"name":"getRedeemData","line":167,"loc":{"start":{"line":167,"column":4},"end":{"line":197,"column":4}}},"10":{"name":"getRedeemAllData","line":199,"loc":{"start":{"line":199,"column":4},"end":{"line":210,"column":4}}},"11":{"name":"getBorrowData","line":212,"loc":{"start":{"line":212,"column":4},"end":{"line":223,"column":4}}},"12":{"name":"getRepayData","line":225,"loc":{"start":{"line":225,"column":4},"end":{"line":243,"column":4}}},"13":{"name":"claimRewards","line":245,"loc":{"start":{"line":245,"column":4},"end":{"line":247,"column":4}}},"14":{"name":"supplyOf","line":251,"loc":{"start":{"line":251,"column":4},"end":{"line":270,"column":4}}},"15":{"name":"debtOf","line":272,"loc":{"start":{"line":272,"column":4},"end":{"line":283,"column":4}}},"16":{"name":"totalColletralAndBorrow","line":285,"loc":{"start":{"line":285,"column":4},"end":{"line":323,"column":4}}},"17":{"name":"supplyToTargetSupplyRate","line":325,"loc":{"start":{"line":325,"column":4},"end":{"line":360,"column":4}}},"18":{"name":"borrowToTargetBorrowRate","line":362,"loc":{"start":{"line":362,"column":4},"end":{"line":390,"column":4}}},"19":{"name":"getUsageParams","line":392,"loc":{"start":{"line":392,"column":4},"end":{"line":420,"column":4}}},"20":{"name":"updateCTokenList","line":422,"loc":{"start":{"line":422,"column":4},"end":{"line":426,"column":4}}},"21":{"name":"totalRewards","line":428,"loc":{"start":{"line":428,"column":4},"end":{"line":439,"column":4}}},"22":{"name":"accrueInterest","line":476,"loc":{"start":{"line":476,"column":4},"end":{"line":508,"column":4}}},"23":{"name":"getCurrentSupplyRate","line":510,"loc":{"start":{"line":510,"column":4},"end":{"line":519,"column":4}}},"24":{"name":"getCurrentBorrowRate","line":521,"loc":{"start":{"line":521,"column":4},"end":{"line":530,"column":4}}},"25":{"name":"getSupplyReward","line":532,"loc":{"start":{"line":532,"column":4},"end":{"line":557,"column":4}}},"26":{"name":"getBorrowReward","line":559,"loc":{"start":{"line":559,"column":4},"end":{"line":587,"column":4}}},"27":{"name":"newBorrowReward","line":589,"loc":{"start":{"line":589,"column":4},"end":{"line":603,"column":4}}},"28":{"name":"getSupplyIndex","line":605,"loc":{"start":{"line":605,"column":4},"end":{"line":623,"column":4}}}},"statementMap":{"1":{"start":{"line":41,"column":8},"end":{"line":41,"column":56}},"2":{"start":{"line":42,"column":8},"end":{"line":42,"column":60}},"3":{"start":{"line":52,"column":8},"end":{"line":52,"column":54}},"4":{"start":{"line":59,"column":8},"end":{"line":59,"column":70}},"5":{"start":{"line":61,"column":8},"end":{"line":61,"column":1725}},"6":{"start":{"line":68,"column":8},"end":{"line":68,"column":1917}},"7":{"start":{"line":80,"column":8},"end":{"line":80,"column":70}},"8":{"start":{"line":82,"column":8},"end":{"line":82,"column":73}},"9":{"start":{"line":84,"column":8},"end":{"line":84,"column":69}},"10":{"start":{"line":88,"column":8},"end":{"line":88,"column":2459}},"11":{"start":{"line":102,"column":8},"end":{"line":102,"column":70}},"12":{"start":{"line":103,"column":8},"end":{"line":103,"column":77}},"13":{"start":{"line":104,"column":8},"end":{"line":104,"column":2909}},"14":{"start":{"line":105,"column":12},"end":{"line":105,"column":20}},"15":{"start":{"line":108,"column":8},"end":{"line":108,"column":77}},"16":{"start":{"line":110,"column":8},"end":{"line":110,"column":54}},"17":{"start":{"line":119,"column":8},"end":{"line":119,"column":70}},"18":{"start":{"line":120,"column":8},"end":{"line":120,"column":77}},"19":{"start":{"line":121,"column":8},"end":{"line":121,"column":3417}},"20":{"start":{"line":122,"column":12},"end":{"line":122,"column":20}},"21":{"start":{"line":125,"column":8},"end":{"line":125,"column":73}},"22":{"start":{"line":126,"column":8},"end":{"line":126,"column":53}},"23":{"start":{"line":127,"column":8},"end":{"line":127,"column":54}},"24":{"start":{"line":137,"column":8},"end":{"line":137,"column":55}},"25":{"start":{"line":153,"column":8},"end":{"line":153,"column":4355}},"26":{"start":{"line":232,"column":8},"end":{"line":232,"column":6750}},"27":{"start":{"line":246,"column":8},"end":{"line":246,"column":38}},"28":{"start":{"line":257,"column":8},"end":{"line":257,"column":70}},"29":{"start":{"line":258,"column":8},"end":{"line":258,"column":7568}},"30":{"start":{"line":264,"column":8},"end":{"line":264,"column":56}},"31":{"start":{"line":265,"column":8},"end":{"line":265,"column":7758}},"32":{"start":{"line":278,"column":8},"end":{"line":278,"column":70}},"33":{"start":{"line":279,"column":8},"end":{"line":279,"column":73}},"34":{"start":{"line":280,"column":8},"end":{"line":280,"column":8272}},"35":{"start":{"line":291,"column":8},"end":{"line":291,"column":8586}},"36":{"start":{"line":294,"column":8},"end":{"line":294,"column":45}},"37":{"start":{"line":295,"column":8},"end":{"line":295,"column":8736}},"38":{"start":{"line":296,"column":12},"end":{"line":296,"column":51}},"39":{"start":{"line":298,"column":12},"end":{"line":298,"column":8962}},"40":{"start":{"line":305,"column":12},"end":{"line":305,"column":67}},"41":{"start":{"line":306,"column":12},"end":{"line":306,"column":70}},"42":{"start":{"line":308,"column":12},"end":{"line":308,"column":9288}},"43":{"start":{"line":315,"column":8},"end":{"line":315,"column":40}},"44":{"start":{"line":316,"column":8},"end":{"line":316,"column":9540}},"45":{"start":{"line":319,"column":8},"end":{"line":319,"column":71}},"46":{"start":{"line":331,"column":8},"end":{"line":331,"column":10006}},"47":{"start":{"line":338,"column":8},"end":{"line":338,"column":10232}},"48":{"start":{"line":343,"column":8},"end":{"line":343,"column":10381}},"49":{"start":{"line":346,"column":8},"end":{"line":346,"column":10473}},"50":{"start":{"line":349,"column":12},"end":{"line":349,"column":10660}},"51":{"start":{"line":359,"column":8},"end":{"line":359,"column":60}},"52":{"start":{"line":367,"column":8},"end":{"line":367,"column":11235}},"53":{"start":{"line":372,"column":8},"end":{"line":372,"column":11369}},"54":{"start":{"line":376,"column":8},"end":{"line":376,"column":11479}},"55":{"start":{"line":379,"column":8},"end":{"line":379,"column":11570}},"56":{"start":{"line":389,"column":8},"end":{"line":389,"column":60}},"57":{"start":{"line":398,"column":8},"end":{"line":398,"column":70}},"58":{"start":{"line":399,"column":8},"end":{"line":399,"column":12337}},"59":{"start":{"line":406,"column":8},"end":{"line":406,"column":72}},"60":{"start":{"line":408,"column":8},"end":{"line":408,"column":12535}},"61":{"start":{"line":419,"column":8},"end":{"line":419,"column":33}},"62":{"start":{"line":423,"column":8},"end":{"line":423,"column":67}},"63":{"start":{"line":424,"column":8},"end":{"line":424,"column":60}},"64":{"start":{"line":433,"column":8},"end":{"line":433,"column":70}},"65":{"start":{"line":435,"column":8},"end":{"line":435,"column":13669}},"66":{"start":{"line":491,"column":8},"end":{"line":491,"column":72}},"67":{"start":{"line":493,"column":8},"end":{"line":493,"column":15447}},"68":{"start":{"line":494,"column":12},"end":{"line":494,"column":15543}},"69":{"start":{"line":497,"column":12},"end":{"line":497,"column":74}},"70":{"start":{"line":498,"column":12},"end":{"line":498,"column":15756}},"71":{"start":{"line":516,"column":8},"end":{"line":516,"column":16313}},"72":{"start":{"line":527,"column":8},"end":{"line":527,"column":16583}},"73":{"start":{"line":537,"column":8},"end":{"line":537,"column":16869}},"74":{"start":{"line":539,"column":8},"end":{"line":539,"column":56}},"75":{"start":{"line":541,"column":8},"end":{"line":541,"column":76}},"76":{"start":{"line":542,"column":8},"end":{"line":542,"column":17081}},"77":{"start":{"line":543,"column":12},"end":{"line":543,"column":55}},"78":{"start":{"line":544,"column":12},"end":{"line":544,"column":59}},"79":{"start":{"line":545,"column":12},"end":{"line":545,"column":17264}},"80":{"start":{"line":551,"column":8},"end":{"line":551,"column":36}},"81":{"start":{"line":553,"column":8},"end":{"line":553,"column":56}},"82":{"start":{"line":555,"column":8},"end":{"line":555,"column":60}},"83":{"start":{"line":564,"column":8},"end":{"line":564,"column":17815}},"84":{"start":{"line":567,"column":8},"end":{"line":567,"column":56}},"85":{"start":{"line":568,"column":8},"end":{"line":568,"column":76}},"86":{"start":{"line":569,"column":8},"end":{"line":569,"column":18027}},"87":{"start":{"line":570,"column":12},"end":{"line":570,"column":18110}},"88":{"start":{"line":572,"column":12},"end":{"line":572,"column":68}},"89":{"start":{"line":573,"column":12},"end":{"line":573,"column":18269}},"90":{"start":{"line":579,"column":8},"end":{"line":579,"column":36}},"91":{"start":{"line":581,"column":8},"end":{"line":581,"column":56}},"92":{"start":{"line":583,"column":8},"end":{"line":583,"column":76}},"93":{"start":{"line":584,"column":8},"end":{"line":584,"column":77}},"94":{"start":{"line":594,"column":8},"end":{"line":594,"column":78}},"95":{"start":{"line":595,"column":8},"end":{"line":595,"column":19066}},"96":{"start":{"line":602,"column":8},"end":{"line":602,"column":22}},"97":{"start":{"line":610,"column":8},"end":{"line":610,"column":51}},"98":{"start":{"line":612,"column":8},"end":{"line":612,"column":19620}}},"branchMap":{"1":{"line":42,"type":"if","locations":[{"start":{"line":42,"column":8},"end":{"line":42,"column":8}},{"start":{"line":42,"column":8},"end":{"line":42,"column":8}}]},"2":{"line":104,"type":"if","locations":[{"start":{"line":104,"column":8},"end":{"line":104,"column":8}},{"start":{"line":104,"column":8},"end":{"line":104,"column":8}}]},"3":{"line":121,"type":"if","locations":[{"start":{"line":121,"column":8},"end":{"line":121,"column":8}},{"start":{"line":121,"column":8},"end":{"line":121,"column":8}}]},"4":{"line":153,"type":"if","locations":[{"start":{"line":153,"column":8},"end":{"line":153,"column":8}},{"start":{"line":153,"column":8},"end":{"line":153,"column":8}}]},"5":{"line":232,"type":"if","locations":[{"start":{"line":232,"column":8},"end":{"line":232,"column":8}},{"start":{"line":232,"column":8},"end":{"line":232,"column":8}}]},"6":{"line":267,"type":"if","locations":[{"start":{"line":267,"column":18},"end":{"line":268,"column":73}},{"start":{"line":269,"column":18},"end":{"line":269,"column":18}}]},"7":{"line":306,"type":"if","locations":[{"start":{"line":306,"column":12},"end":{"line":306,"column":12}},{"start":{"line":306,"column":12},"end":{"line":306,"column":12}}]},"8":{"line":319,"type":"if","locations":[{"start":{"line":319,"column":8},"end":{"line":319,"column":8}},{"start":{"line":319,"column":8},"end":{"line":319,"column":8}}]},"9":{"line":346,"type":"if","locations":[{"start":{"line":346,"column":8},"end":{"line":346,"column":8}},{"start":{"line":346,"column":8},"end":{"line":346,"column":8}}]},"10":{"line":372,"type":"if","locations":[{"start":{"line":372,"column":8},"end":{"line":372,"column":8}},{"start":{"line":372,"column":8},"end":{"line":372,"column":8}}]},"11":{"line":379,"type":"if","locations":[{"start":{"line":379,"column":8},"end":{"line":379,"column":8}},{"start":{"line":379,"column":8},"end":{"line":379,"column":8}}]},"12":{"line":424,"type":"if","locations":[{"start":{"line":424,"column":8},"end":{"line":424,"column":8}},{"start":{"line":424,"column":8},"end":{"line":424,"column":8}}]},"13":{"line":437,"type":"if","locations":[{"start":{"line":437,"column":18},"end":{"line":437,"column":50}},{"start":{"line":438,"column":18},"end":{"line":438,"column":50}}]},"14":{"line":493,"type":"if","locations":[{"start":{"line":493,"column":8},"end":{"line":493,"column":8}},{"start":{"line":493,"column":8},"end":{"line":493,"column":8}}]},"15":{"line":542,"type":"if","locations":[{"start":{"line":542,"column":8},"end":{"line":542,"column":8}},{"start":{"line":542,"column":8},"end":{"line":542,"column":8}}]},"16":{"line":546,"type":"if","locations":[{"start":{"line":546,"column":18},"end":{"line":546,"column":51}},{"start":{"line":547,"column":18},"end":{"line":547,"column":18}}]},"17":{"line":569,"type":"if","locations":[{"start":{"line":569,"column":8},"end":{"line":569,"column":8}},{"start":{"line":569,"column":8},"end":{"line":569,"column":8}}]},"18":{"line":574,"type":"if","locations":[{"start":{"line":574,"column":18},"end":{"line":574,"column":51}},{"start":{"line":575,"column":18},"end":{"line":575,"column":18}}]},"19":{"line":620,"type":"if","locations":[{"start":{"line":620,"column":14},"end":{"line":621,"column":27}},{"start":{"line":622,"column":14},"end":{"line":622,"column":30}}]}}},"contracts/Compound/ComptrollerInterface.sol":{"l":{},"path":"/Users/cola/Documents/codes/solidity/OK/LendingAggregator/contracts/Compound/ComptrollerInterface.sol","s":{},"b":{},"f":{},"fnMap":{},"statementMap":{},"branchMap":{}},"contracts/Compound/CTokenInterface.sol":{"l":{},"path":"/Users/cola/Documents/codes/solidity/OK/LendingAggregator/contracts/Compound/CTokenInterface.sol","s":{},"b":{},"f":{},"fnMap":{},"statementMap":{},"branchMap":{}},"contracts/Compound/InterestRateModel.sol":{"l":{},"path":"/Users/cola/Documents/codes/solidity/OK/LendingAggregator/contracts/Compound/InterestRateModel.sol","s":{},"b":{},"f":{},"fnMap":{},"statementMap":{},"branchMap":{}},"contracts/Compound/IOracle.sol":{"l":{},"path":"/Users/cola/Documents/codes/solidity/OK/LendingAggregator/contracts/Compound/IOracle.sol","s":{},"b":{},"f":{},"fnMap":{},"statementMap":{},"branchMap":{}},"contracts/Config.sol":{"l":{"21":0,"22":0,"26":0,"33":0,"37":0,"44":0,"52":0,"56":0,"60":0,"61":0,"62":0,"64":0,"73":0,"77":0,"78":0,"79":0,"81":0,"91":0},"path":"/Users/cola/Documents/codes/solidity/OK/LendingAggregator/contracts/Config.sol","s":{"1":0,"2":0,"3":0,"4":0,"5":0,"6":0,"7":0,"8":0,"9":0,"10":0},"b":{"1":[0,0],"2":[0,0],"3":[0,0],"4":[0,0],"5":[0,0],"6":[0,0],"7":[0,0],"8":[0,0],"9":[0,0],"10":[0,0],"11":[0,0],"12":[0,0]},"f":{"1":0,"2":0,"3":0,"4":0,"5":0,"6":0,"7":0},"fnMap":{"1":{"name":"onlyRouter","line":20,"loc":{"start":{"line":20,"column":4},"end":{"line":23,"column":4}}},"2":{"name":"setRouter","line":25,"loc":{"start":{"line":25,"column":4},"end":{"line":27,"column":4}}},"3":{"name":"setBorrowConfig","line":29,"loc":{"start":{"line":29,"column":4},"end":{"line":38,"column":4}}},"4":{"name":"setUserColletral","line":42,"loc":{"start":{"line":40,"column":4},"end":{"line":45,"column":4}}},"5":{"name":"setUsingAsCollateral","line":47,"loc":{"start":{"line":47,"column":4},"end":{"line":66,"column":4}}},"6":{"name":"setBorrowing","line":72,"loc":{"start":{"line":68,"column":4},"end":{"line":83,"column":4}}},"7":{"name":"borrowConfigs","line":85,"loc":{"start":{"line":85,"column":4},"end":{"line":92,"column":4}}}},"statementMap":{"1":{"start":{"line":21,"column":8},"end":{"line":21,"column":59}},"2":{"start":{"line":33,"column":8},"end":{"line":33,"column":905}},"3":{"start":{"line":52,"column":8},"end":{"line":52,"column":1390}},"4":{"start":{"line":56,"column":8},"end":{"line":56,"column":1517}},"5":{"start":{"line":60,"column":8},"end":{"line":60,"column":53}},"6":{"start":{"line":61,"column":8},"end":{"line":61,"column":1702}},"7":{"start":{"line":73,"column":8},"end":{"line":73,"column":2020}},"8":{"start":{"line":77,"column":8},"end":{"line":77,"column":47}},"9":{"start":{"line":78,"column":8},"end":{"line":78,"column":2199}},"10":{"start":{"line":91,"column":8},"end":{"line":91,"column":37}}},"branchMap":{"1":{"line":21,"type":"if","locations":[{"start":{"line":21,"column":8},"end":{"line":21,"column":8}},{"start":{"line":21,"column":8},"end":{"line":21,"column":8}}]},"2":{"line":25,"type":"if","locations":[{"start":{"line":25,"column":58},"end":{"line":25,"column":58}},{"start":{"line":25,"column":58},"end":{"line":25,"column":58}}]},"3":{"line":33,"type":"if","locations":[{"start":{"line":33,"column":8},"end":{"line":33,"column":8}},{"start":{"line":33,"column":8},"end":{"line":33,"column":8}}]},"4":{"line":34,"type":"cond-expr","locations":[{"start":{"line":34,"column":12},"end":{"line":34,"column":31}},{"start":{"line":34,"column":36},"end":{"line":34,"column":56}}]},"5":{"line":42,"type":"if","locations":[{"start":{"line":42,"column":8},"end":{"line":42,"column":8}},{"start":{"line":42,"column":8},"end":{"line":42,"column":8}}]},"6":{"line":52,"type":"if","locations":[{"start":{"line":52,"column":8},"end":{"line":52,"column":8}},{"start":{"line":52,"column":8},"end":{"line":52,"column":8}}]},"7":{"line":53,"type":"cond-expr","locations":[{"start":{"line":53,"column":12},"end":{"line":53,"column":31}},{"start":{"line":53,"column":36},"end":{"line":53,"column":57}}]},"8":{"line":56,"type":"if","locations":[{"start":{"line":56,"column":8},"end":{"line":56,"column":8}},{"start":{"line":56,"column":8},"end":{"line":56,"column":8}}]},"9":{"line":61,"type":"if","locations":[{"start":{"line":61,"column":8},"end":{"line":61,"column":8}},{"start":{"line":61,"column":8},"end":{"line":61,"column":8}}]},"10":{"line":72,"type":"if","locations":[{"start":{"line":72,"column":24},"end":{"line":72,"column":24}},{"start":{"line":72,"column":24},"end":{"line":72,"column":24}}]},"11":{"line":73,"type":"if","locations":[{"start":{"line":73,"column":8},"end":{"line":73,"column":8}},{"start":{"line":73,"column":8},"end":{"line":73,"column":8}}]},"12":{"line":78,"type":"if","locations":[{"start":{"line":78,"column":8},"end":{"line":78,"column":8}},{"start":{"line":78,"column":8},"end":{"line":78,"column":8}}]}}},"contracts/DToken.sol":{"l":{"28":0,"30":0,"31":0,"32":0,"40":0,"43":0,"51":0,"54":0,"63":0,"72":0,"74":0,"81":0,"85":0,"86":0,"87":0,"88":0,"92":0,"94":0,"95":0,"96":0,"97":0,"99":0,"101":0},"path":"/Users/cola/Documents/codes/solidity/OK/LendingAggregator/contracts/DToken.sol","s":{"1":0,"2":0,"3":0,"4":0,"5":0,"6":0,"7":0,"8":0,"9":0,"10":0,"11":0,"12":0,"13":0},"b":{"1":[0,0],"2":[0,0],"3":[0,0],"4":[0,0],"5":[0,0],"6":[0,0],"7":[0,0],"8":[0,0],"9":[0,0]},"f":{"1":0,"2":0,"3":0,"4":0,"5":0,"6":0,"7":0,"8":0},"fnMap":{"1":{"name":"initialize","line":27,"loc":{"start":{"line":23,"column":4},"end":{"line":33,"column":4}}},"2":{"name":"mint","line":39,"loc":{"start":{"line":35,"column":4},"end":{"line":44,"column":4}}},"3":{"name":"burn","line":50,"loc":{"start":{"line":46,"column":4},"end":{"line":55,"column":4}}},"4":{"name":"scaledDebtOf","line":57,"loc":{"start":{"line":57,"column":4},"end":{"line":64,"column":4}}},"5":{"name":"scaledAmount","line":66,"loc":{"start":{"line":66,"column":4},"end":{"line":78,"column":4}}},"6":{"name":"totalDebt","line":80,"loc":{"start":{"line":80,"column":4},"end":{"line":82,"column":4}}},"7":{"name":"_mint","line":84,"loc":{"start":{"line":84,"column":4},"end":{"line":89,"column":4}}},"8":{"name":"_burn","line":91,"loc":{"start":{"line":91,"column":4},"end":{"line":102,"column":4}}}},"statementMap":{"1":{"start":{"line":28,"column":8},"end":{"line":28,"column":23}},"2":{"start":{"line":43,"column":8},"end":{"line":43,"column":30}},"3":{"start":{"line":54,"column":8},"end":{"line":54,"column":30}},"4":{"start":{"line":63,"column":8},"end":{"line":63,"column":48}},"5":{"start":{"line":72,"column":8},"end":{"line":72,"column":74}},"6":{"start":{"line":74,"column":8},"end":{"line":74,"column":1922}},"7":{"start":{"line":81,"column":8},"end":{"line":81,"column":57}},"8":{"start":{"line":85,"column":8},"end":{"line":85,"column":72}},"9":{"start":{"line":88,"column":8},"end":{"line":88,"column":34}},"10":{"start":{"line":92,"column":8},"end":{"line":92,"column":74}},"11":{"start":{"line":94,"column":8},"end":{"line":94,"column":51}},"12":{"start":{"line":95,"column":8},"end":{"line":95,"column":78}},"13":{"start":{"line":101,"column":8},"end":{"line":101,"column":34}}},"branchMap":{"1":{"line":27,"type":"if","locations":[{"start":{"line":27,"column":15},"end":{"line":27,"column":15}},{"start":{"line":27,"column":15},"end":{"line":27,"column":15}}]},"2":{"line":39,"type":"if","locations":[{"start":{"line":39,"column":24},"end":{"line":39,"column":24}},{"start":{"line":39,"column":24},"end":{"line":39,"column":24}}]},"3":{"line":41,"type":"if","locations":[{"start":{"line":41,"column":14},"end":{"line":41,"column":74}},{"start":{"line":42,"column":14},"end":{"line":42,"column":32}}]},"4":{"line":50,"type":"if","locations":[{"start":{"line":50,"column":24},"end":{"line":50,"column":24}},{"start":{"line":50,"column":24},"end":{"line":50,"column":24}}]},"5":{"line":52,"type":"if","locations":[{"start":{"line":52,"column":14},"end":{"line":52,"column":67}},{"start":{"line":53,"column":14},"end":{"line":53,"column":32}}]},"6":{"line":76,"type":"if","locations":[{"start":{"line":76,"column":18},"end":{"line":76,"column":63}},{"start":{"line":77,"column":18},"end":{"line":77,"column":24}}]},"7":{"line":85,"type":"if","locations":[{"start":{"line":85,"column":8},"end":{"line":85,"column":8}},{"start":{"line":85,"column":8},"end":{"line":85,"column":8}}]},"8":{"line":92,"type":"if","locations":[{"start":{"line":92,"column":8},"end":{"line":92,"column":8}},{"start":{"line":92,"column":8},"end":{"line":92,"column":8}}]},"9":{"line":95,"type":"if","locations":[{"start":{"line":95,"column":8},"end":{"line":95,"column":8}},{"start":{"line":95,"column":8},"end":{"line":95,"column":8}}]}}},"contracts/interfaces/IConfig.sol":{"l":{},"path":"/Users/cola/Documents/codes/solidity/OK/LendingAggregator/contracts/interfaces/IConfig.sol","s":{},"b":{},"f":{},"fnMap":{},"statementMap":{},"branchMap":{}},"contracts/interfaces/IDToken.sol":{"l":{},"path":"/Users/cola/Documents/codes/solidity/OK/LendingAggregator/contracts/interfaces/IDToken.sol","s":{},"b":{},"f":{},"fnMap":{},"statementMap":{},"branchMap":{}},"contracts/interfaces/IPriceOracle.sol":{"l":{},"path":"/Users/cola/Documents/codes/solidity/OK/LendingAggregator/contracts/interfaces/IPriceOracle.sol","s":{},"b":{},"f":{},"fnMap":{},"statementMap":{},"branchMap":{}},"contracts/interfaces/IProtocol.sol":{"l":{},"path":"/Users/cola/Documents/codes/solidity/OK/LendingAggregator/contracts/interfaces/IProtocol.sol","s":{},"b":{},"f":{},"fnMap":{},"statementMap":{},"branchMap":{}},"contracts/interfaces/IProtocolsHandler.sol":{"l":{},"path":"/Users/cola/Documents/codes/solidity/OK/LendingAggregator/contracts/interfaces/IProtocolsHandler.sol","s":{},"b":{},"f":{},"fnMap":{},"statementMap":{},"branchMap":{}},"contracts/interfaces/IRewards.sol":{"l":{},"path":"/Users/cola/Documents/codes/solidity/OK/LendingAggregator/contracts/interfaces/IRewards.sol","s":{},"b":{},"f":{},"fnMap":{},"statementMap":{},"branchMap":{}},"contracts/interfaces/IRouter.sol":{"l":{},"path":"/Users/cola/Documents/codes/solidity/OK/LendingAggregator/contracts/interfaces/IRouter.sol","s":{},"b":{},"f":{},"fnMap":{},"statementMap":{},"branchMap":{}},"contracts/interfaces/ISToken.sol":{"l":{},"path":"/Users/cola/Documents/codes/solidity/OK/LendingAggregator/contracts/interfaces/ISToken.sol","s":{},"b":{},"f":{},"fnMap":{},"statementMap":{},"branchMap":{}},"contracts/interfaces/IStrategy.sol":{"l":{},"path":"/Users/cola/Documents/codes/solidity/OK/LendingAggregator/contracts/interfaces/IStrategy.sol","s":{},"b":{},"f":{},"fnMap":{},"statementMap":{},"branchMap":{}},"contracts/interfaces/IWETH.sol":{"l":{},"path":"/Users/cola/Documents/codes/solidity/OK/LendingAggregator/contracts/interfaces/IWETH.sol","s":{},"b":{},"f":{},"fnMap":{},"statementMap":{},"branchMap":{}},"contracts/libraries/Math.sol":{"l":{"6":1,"11":1,"12":1,"13":1,"14":1,"15":76,"16":76,"19":0},"path":"/Users/cola/Documents/codes/solidity/OK/LendingAggregator/contracts/libraries/Math.sol","s":{"1":1,"2":1,"3":1,"4":1,"5":0},"b":{"1":[1,0],"2":[0,0]},"f":{"1":1,"2":1},"fnMap":{"1":{"name":"divCeil","line":5,"loc":{"start":{"line":5,"column":4},"end":{"line":7,"column":4}}},"2":{"name":"sqrt","line":10,"loc":{"start":{"line":10,"column":4},"end":{"line":21,"column":4}}}},"statementMap":{"1":{"start":{"line":6,"column":8},"end":{"line":6,"column":30}},"2":{"start":{"line":11,"column":8},"end":{"line":11,"column":387}},"3":{"start":{"line":13,"column":12},"end":{"line":13,"column":33}},"4":{"start":{"line":14,"column":12},"end":{"line":14,"column":470}},"5":{"start":{"line":18,"column":15},"end":{"line":18,"column":571}}},"branchMap":{"1":{"line":11,"type":"if","locations":[{"start":{"line":11,"column":8},"end":{"line":11,"column":8}},{"start":{"line":11,"column":8},"end":{"line":11,"column":8}}]},"2":{"line":18,"type":"if","locations":[{"start":{"line":18,"column":15},"end":{"line":18,"column":15}},{"start":{"line":18,"column":15},"end":{"line":18,"column":15}}]}}},"contracts/libraries/StrategyCalculations.sol":{"l":{"18":0,"19":0,"20":0,"21":0,"22":0,"23":0,"24":0,"32":0,"35":0,"36":0,"38":0,"40":0,"44":0,"45":0,"46":0,"50":0,"55":0,"59":0,"60":0,"63":0,"64":0,"68":0,"76":0,"80":0,"88":0,"90":0,"91":0,"95":0,"96":0,"100":0,"101":0,"109":0,"115":0,"118":0,"119":0,"121":0,"123":0,"127":0,"128":0,"129":0,"130":0,"131":0,"135":0,"136":0,"146":0,"147":0,"148":0,"150":0,"151":0,"152":0,"153":0,"154":0,"155":0,"161":0,"163":0,"164":0,"170":0,"171":0,"172":0,"175":0,"176":0,"178":0,"180":0,"184":0,"185":0,"186":0,"187":0,"188":0,"192":0,"193":0,"204":0,"208":0,"216":0,"220":0,"228":0,"232":0},"path":"/Users/cola/Documents/codes/solidity/OK/LendingAggregator/contracts/libraries/StrategyCalculations.sol","s":{"1":0,"2":0,"3":0,"4":0,"5":0,"6":0,"7":0,"8":0,"9":0,"10":0,"11":0,"12":0,"13":0,"14":0,"15":0,"16":0,"17":0,"18":0,"19":0,"20":0,"21":0,"22":0,"23":0,"24":0,"25":0,"26":0,"27":0,"28":0,"29":0,"30":0,"31":0,"32":0,"33":0,"34":0,"35":0,"36":0,"37":0,"38":0,"39":0,"40":0,"41":0,"42":0,"43":0,"44":0,"45":0},"b":{"1":[0,0],"2":[0,0],"3":[0,0],"4":[0,0],"5":[0,0],"6":[0,0],"7":[0,0],"8":[0,0],"9":[0,0],"10":[0,0],"11":[0,0],"12":[0,0],"13":[0,0],"14":[0,0],"15":[0,0],"16":[0,0],"17":[0,0],"18":[0,0],"19":[0,0]},"f":{"1":0,"2":0,"3":0,"4":0,"5":0,"6":0},"fnMap":{"1":{"name":"calculateAmountsToSupply","line":14,"loc":{"start":{"line":14,"column":4},"end":{"line":82,"column":4}}},"2":{"name":"calculateAmountsToBorrow","line":84,"loc":{"start":{"line":84,"column":4},"end":{"line":140,"column":4}}},"3":{"name":"calculateAmountsToRepay","line":142,"loc":{"start":{"line":142,"column":4},"end":{"line":197,"column":4}}},"4":{"name":"getAmountToSupply","line":199,"loc":{"start":{"line":199,"column":4},"end":{"line":209,"column":4}}},"5":{"name":"getAmountToBorrow","line":211,"loc":{"start":{"line":211,"column":4},"end":{"line":221,"column":4}}},"6":{"name":"getAmountToRepay","line":223,"loc":{"start":{"line":223,"column":4},"end":{"line":233,"column":4}}}},"statementMap":{"1":{"start":{"line":19,"column":8},"end":{"line":19,"column":35}},"2":{"start":{"line":20,"column":8},"end":{"line":20,"column":551}},"3":{"start":{"line":22,"column":12},"end":{"line":22,"column":72}},"4":{"start":{"line":23,"column":12},"end":{"line":23,"column":734}},"5":{"start":{"line":35,"column":12},"end":{"line":35,"column":1149}},"6":{"start":{"line":37,"column":19},"end":{"line":37,"column":1264}},"7":{"start":{"line":44,"column":8},"end":{"line":44,"column":1433}},"8":{"start":{"line":46,"column":12},"end":{"line":46,"column":26}},"9":{"start":{"line":50,"column":8},"end":{"line":50,"column":1658}},"10":{"start":{"line":55,"column":12},"end":{"line":55,"column":1817}},"11":{"start":{"line":63,"column":8},"end":{"line":63,"column":2064}},"12":{"start":{"line":64,"column":12},"end":{"line":64,"column":26}},"13":{"start":{"line":68,"column":8},"end":{"line":68,"column":2317}},"14":{"start":{"line":90,"column":8},"end":{"line":90,"column":35}},"15":{"start":{"line":91,"column":8},"end":{"line":91,"column":3107}},"16":{"start":{"line":96,"column":12},"end":{"line":96,"column":3319}},"17":{"start":{"line":100,"column":12},"end":{"line":100,"column":3444}},"18":{"start":{"line":101,"column":16},"end":{"line":101,"column":3515}},"19":{"start":{"line":118,"column":12},"end":{"line":118,"column":4112}},"20":{"start":{"line":120,"column":19},"end":{"line":120,"column":4227}},"21":{"start":{"line":127,"column":8},"end":{"line":127,"column":4396}},"22":{"start":{"line":128,"column":12},"end":{"line":128,"column":75}},"23":{"start":{"line":129,"column":12},"end":{"line":129,"column":4539}},"24":{"start":{"line":130,"column":16},"end":{"line":130,"column":4624}},"25":{"start":{"line":131,"column":20},"end":{"line":131,"column":4691}},"26":{"start":{"line":147,"column":8},"end":{"line":147,"column":34}},"27":{"start":{"line":148,"column":8},"end":{"line":148,"column":27}},"28":{"start":{"line":150,"column":8},"end":{"line":150,"column":5278}},"29":{"start":{"line":153,"column":12},"end":{"line":153,"column":72}},"30":{"start":{"line":154,"column":12},"end":{"line":154,"column":5489}},"31":{"start":{"line":155,"column":16},"end":{"line":155,"column":5560}},"32":{"start":{"line":163,"column":16},"end":{"line":163,"column":5814}},"33":{"start":{"line":175,"column":12},"end":{"line":175,"column":6242}},"34":{"start":{"line":177,"column":19},"end":{"line":177,"column":6356}},"35":{"start":{"line":184,"column":8},"end":{"line":184,"column":6524}},"36":{"start":{"line":185,"column":12},"end":{"line":185,"column":67}},"37":{"start":{"line":186,"column":12},"end":{"line":186,"column":6651}},"38":{"start":{"line":187,"column":16},"end":{"line":187,"column":6736}},"39":{"start":{"line":188,"column":20},"end":{"line":188,"column":6803}},"40":{"start":{"line":204,"column":8},"end":{"line":204,"column":7259}},"41":{"start":{"line":208,"column":8},"end":{"line":208,"column":47}},"42":{"start":{"line":216,"column":8},"end":{"line":216,"column":7600}},"43":{"start":{"line":220,"column":8},"end":{"line":220,"column":47}},"44":{"start":{"line":228,"column":8},"end":{"line":228,"column":7940}},"45":{"start":{"line":232,"column":8},"end":{"line":232,"column":48}}},"branchMap":{"1":{"line":35,"type":"if","locations":[{"start":{"line":35,"column":12},"end":{"line":35,"column":12}},{"start":{"line":35,"column":12},"end":{"line":35,"column":12}}]},"2":{"line":37,"type":"if","locations":[{"start":{"line":37,"column":19},"end":{"line":37,"column":19}},{"start":{"line":37,"column":19},"end":{"line":37,"column":19}}]},"3":{"line":44,"type":"if","locations":[{"start":{"line":44,"column":8},"end":{"line":44,"column":8}},{"start":{"line":44,"column":8},"end":{"line":44,"column":8}}]},"4":{"line":63,"type":"if","locations":[{"start":{"line":63,"column":8},"end":{"line":63,"column":8}},{"start":{"line":63,"column":8},"end":{"line":63,"column":8}}]},"5":{"line":92,"type":"cond-expr","locations":[{"start":{"line":92,"column":12},"end":{"line":92,"column":56}},{"start":{"line":93,"column":12},"end":{"line":93,"column":31}}]},"6":{"line":97,"type":"if","locations":[{"start":{"line":97,"column":18},"end":{"line":97,"column":54}},{"start":{"line":98,"column":18},"end":{"line":98,"column":56}}]},"7":{"line":110,"type":"if","locations":[{"start":{"line":110,"column":22},"end":{"line":113,"column":20}},{"start":{"line":114,"column":22},"end":{"line":114,"column":22}}]},"8":{"line":118,"type":"if","locations":[{"start":{"line":118,"column":12},"end":{"line":118,"column":12}},{"start":{"line":118,"column":12},"end":{"line":118,"column":12}}]},"9":{"line":120,"type":"if","locations":[{"start":{"line":120,"column":19},"end":{"line":120,"column":19}},{"start":{"line":120,"column":19},"end":{"line":120,"column":19}}]},"10":{"line":127,"type":"if","locations":[{"start":{"line":127,"column":8},"end":{"line":127,"column":8}},{"start":{"line":127,"column":8},"end":{"line":127,"column":8}}]},"11":{"line":130,"type":"if","locations":[{"start":{"line":130,"column":16},"end":{"line":130,"column":16}},{"start":{"line":130,"column":16},"end":{"line":130,"column":16}}]},"12":{"line":163,"type":"if","locations":[{"start":{"line":163,"column":16},"end":{"line":163,"column":16}},{"start":{"line":163,"column":16},"end":{"line":163,"column":16}}]},"13":{"line":175,"type":"if","locations":[{"start":{"line":175,"column":12},"end":{"line":175,"column":12}},{"start":{"line":175,"column":12},"end":{"line":175,"column":12}}]},"14":{"line":177,"type":"if","locations":[{"start":{"line":177,"column":19},"end":{"line":177,"column":19}},{"start":{"line":177,"column":19},"end":{"line":177,"column":19}}]},"15":{"line":184,"type":"if","locations":[{"start":{"line":184,"column":8},"end":{"line":184,"column":8}},{"start":{"line":184,"column":8},"end":{"line":184,"column":8}}]},"16":{"line":187,"type":"if","locations":[{"start":{"line":187,"column":16},"end":{"line":187,"column":16}},{"start":{"line":187,"column":16},"end":{"line":187,"column":16}}]},"17":{"line":208,"type":"if","locations":[{"start":{"line":208,"column":28},"end":{"line":208,"column":42}},{"start":{"line":208,"column":46},"end":{"line":208,"column":46}}]},"18":{"line":220,"type":"if","locations":[{"start":{"line":220,"column":28},"end":{"line":220,"column":42}},{"start":{"line":220,"column":46},"end":{"line":220,"column":46}}]},"19":{"line":232,"type":"if","locations":[{"start":{"line":232,"column":28},"end":{"line":232,"column":43}},{"start":{"line":232,"column":47},"end":{"line":232,"column":47}}]}}},"contracts/libraries/TransferHelper.sol":{"l":{"16":0,"17":0,"18":0,"20":0,"23":0,"32":0,"43":0,"53":0,"54":0,"56":0,"60":0,"61":0,"72":0,"80":0},"path":"/Users/cola/Documents/codes/solidity/OK/LendingAggregator/contracts/libraries/TransferHelper.sol","s":{"1":0,"2":0,"3":0,"4":0,"5":0,"6":0,"7":0,"8":0,"9":0,"10":0,"11":0},"b":{"1":[0,0],"2":[0,0],"3":[0,0],"4":[0,0],"5":[0,0],"6":[0,0],"7":[0,0]},"f":{"1":0,"2":0,"3":0,"4":0,"5":0,"6":0},"fnMap":{"1":{"name":"transferETH","line":11,"loc":{"start":{"line":11,"column":4},"end":{"line":24,"column":4}}},"2":{"name":"safeTransfer","line":26,"loc":{"start":{"line":26,"column":4},"end":{"line":35,"column":4}}},"3":{"name":"safeTransferFrom","line":37,"loc":{"start":{"line":37,"column":4},"end":{"line":44,"column":4}}},"4":{"name":"collect","line":46,"loc":{"start":{"line":46,"column":4},"end":{"line":64,"column":4}}},"5":{"name":"approve","line":67,"loc":{"start":{"line":67,"column":4},"end":{"line":73,"column":4}}},"6":{"name":"balanceOf","line":75,"loc":{"start":{"line":75,"column":4},"end":{"line":84,"column":4}}}},"statementMap":{"1":{"start":{"line":16,"column":8},"end":{"line":16,"column":20}},"2":{"start":{"line":17,"column":8},"end":{"line":17,"column":479}},"3":{"start":{"line":23,"column":8},"end":{"line":23,"column":52}},"4":{"start":{"line":43,"column":8},"end":{"line":43,"column":59}},"5":{"start":{"line":53,"column":8},"end":{"line":53,"column":1370}},"6":{"start":{"line":54,"column":12},"end":{"line":54,"column":63}},"7":{"start":{"line":56,"column":12},"end":{"line":56,"column":1490}},"8":{"start":{"line":60,"column":12},"end":{"line":60,"column":1627}},"9":{"start":{"line":61,"column":16},"end":{"line":61,"column":51}},"10":{"start":{"line":72,"column":8},"end":{"line":72,"column":52}},"11":{"start":{"line":80,"column":8},"end":{"line":80,"column":2120}}},"branchMap":{"1":{"line":17,"type":"if","locations":[{"start":{"line":17,"column":8},"end":{"line":17,"column":8}},{"start":{"line":17,"column":8},"end":{"line":17,"column":8}}]},"2":{"line":23,"type":"if","locations":[{"start":{"line":23,"column":8},"end":{"line":23,"column":8}},{"start":{"line":23,"column":8},"end":{"line":23,"column":8}}]},"3":{"line":33,"type":"if","locations":[{"start":{"line":33,"column":14},"end":{"line":33,"column":49}},{"start":{"line":34,"column":14},"end":{"line":34,"column":54}}]},"4":{"line":53,"type":"if","locations":[{"start":{"line":53,"column":8},"end":{"line":53,"column":8}},{"start":{"line":53,"column":8},"end":{"line":53,"column":8}}]},"5":{"line":56,"type":"if","locations":[{"start":{"line":56,"column":12},"end":{"line":56,"column":12}},{"start":{"line":56,"column":12},"end":{"line":56,"column":12}}]},"6":{"line":60,"type":"if","locations":[{"start":{"line":60,"column":12},"end":{"line":60,"column":12}},{"start":{"line":60,"column":12},"end":{"line":60,"column":12}}]},"7":{"line":82,"type":"if","locations":[{"start":{"line":82,"column":18},"end":{"line":82,"column":33}},{"start":{"line":83,"column":18},"end":{"line":83,"column":51}}]}}},"contracts/libraries/Types.sol":{"l":{},"path":"/Users/cola/Documents/codes/solidity/OK/LendingAggregator/contracts/libraries/Types.sol","s":{},"b":{},"f":{},"fnMap":{},"statementMap":{},"branchMap":{}},"contracts/libraries/UserAssetBitMap.sol":{"l":{"13":0,"21":0,"29":0},"path":"/Users/cola/Documents/codes/solidity/OK/LendingAggregator/contracts/libraries/UserAssetBitMap.sol","s":{"1":0,"2":0,"3":0},"b":{},"f":{"1":0,"2":0,"3":0},"fnMap":{"1":{"name":"isUsingAsCollateralOrBorrowing","line":9,"loc":{"start":{"line":9,"column":4},"end":{"line":14,"column":4}}},"2":{"name":"isBorrowing","line":16,"loc":{"start":{"line":16,"column":4},"end":{"line":22,"column":4}}},"3":{"name":"isUsingAsCollateral","line":24,"loc":{"start":{"line":24,"column":4},"end":{"line":30,"column":4}}}},"statementMap":{"1":{"start":{"line":13,"column":8},"end":{"line":13,"column":61}},"2":{"start":{"line":21,"column":8},"end":{"line":21,"column":61}},"3":{"start":{"line":29,"column":8},"end":{"line":29,"column":67}}},"branchMap":{}},"contracts/libraries/Utils.sol":{"l":{"22":0,"26":0,"34":0,"37":0,"38":0,"39":0,"44":0,"48":0,"56":0,"59":0,"60":0,"61":0,"66":0,"70":0},"path":"/Users/cola/Documents/codes/solidity/OK/LendingAggregator/contracts/libraries/Utils.sol","s":{"1":0,"2":0,"3":0,"4":0,"5":0,"6":0,"7":0,"8":0,"9":0,"10":0,"11":0,"12":0},"b":{"1":[0,0],"2":[0,0],"3":[0,0],"4":[0,0],"5":[0,0],"6":[0,0]},"f":{"1":0,"2":0,"3":0,"4":0},"fnMap":{"1":{"name":"minOf","line":21,"loc":{"start":{"line":21,"column":4},"end":{"line":23,"column":4}}},"2":{"name":"maxOf","line":25,"loc":{"start":{"line":25,"column":4},"end":{"line":27,"column":4}}},"3":{"name":"lowLevelCall","line":29,"loc":{"start":{"line":29,"column":4},"end":{"line":49,"column":4}}},"4":{"name":"lowLevelStaticCall","line":51,"loc":{"start":{"line":51,"column":4},"end":{"line":71,"column":4}}}},"statementMap":{"1":{"start":{"line":22,"column":8},"end":{"line":22,"column":28}},"2":{"start":{"line":26,"column":8},"end":{"line":26,"column":28}},"3":{"start":{"line":34,"column":8},"end":{"line":34,"column":1299}},"4":{"start":{"line":37,"column":8},"end":{"line":37,"column":1402}},"5":{"start":{"line":38,"column":12},"end":{"line":38,"column":1434}},"6":{"start":{"line":44,"column":16},"end":{"line":44,"column":38}},"7":{"start":{"line":48,"column":8},"end":{"line":48,"column":25}},"8":{"start":{"line":56,"column":8},"end":{"line":56,"column":1903}},"9":{"start":{"line":59,"column":8},"end":{"line":59,"column":2010}},"10":{"start":{"line":60,"column":12},"end":{"line":60,"column":2042}},"11":{"start":{"line":66,"column":16},"end":{"line":66,"column":38}},"12":{"start":{"line":70,"column":8},"end":{"line":70,"column":25}}},"branchMap":{"1":{"line":22,"type":"if","locations":[{"start":{"line":22,"column":23},"end":{"line":22,"column":23}},{"start":{"line":22,"column":27},"end":{"line":22,"column":27}}]},"2":{"line":26,"type":"if","locations":[{"start":{"line":26,"column":23},"end":{"line":26,"column":23}},{"start":{"line":26,"column":27},"end":{"line":26,"column":27}}]},"3":{"line":37,"type":"if","locations":[{"start":{"line":37,"column":8},"end":{"line":37,"column":8}},{"start":{"line":37,"column":8},"end":{"line":37,"column":8}}]},"4":{"line":38,"type":"if","locations":[{"start":{"line":38,"column":12},"end":{"line":38,"column":12}},{"start":{"line":38,"column":12},"end":{"line":38,"column":12}}]},"5":{"line":59,"type":"if","locations":[{"start":{"line":59,"column":8},"end":{"line":59,"column":8}},{"start":{"line":59,"column":8},"end":{"line":59,"column":8}}]},"6":{"line":60,"type":"if","locations":[{"start":{"line":60,"column":12},"end":{"line":60,"column":12}},{"start":{"line":60,"column":12},"end":{"line":60,"column":12}}]}}},"contracts/mocks/aave-core/dependencies/chainlink/AggregatorInterface.sol":{"l":{},"path":"/Users/cola/Documents/codes/solidity/OK/LendingAggregator/contracts/mocks/aave-core/dependencies/chainlink/AggregatorInterface.sol","s":{},"b":{},"f":{},"fnMap":{},"statementMap":{},"branchMap":{}},"contracts/mocks/aave-core/dependencies/gnosis/contracts/GPv2SafeERC20.sol":{"l":{"17":13,"20":13,"32":13,"43":16,"46":16,"59":16,"73":29},"path":"/Users/cola/Documents/codes/solidity/OK/LendingAggregator/contracts/mocks/aave-core/dependencies/gnosis/contracts/GPv2SafeERC20.sol","s":{"1":13,"2":13,"3":16,"4":16},"b":{"1":[13,0],"2":[16,0]},"f":{"1":13,"2":16,"3":29},"fnMap":{"1":{"name":"safeTransfer","line":12,"loc":{"start":{"line":12,"column":2},"end":{"line":33,"column":2}}},"2":{"name":"safeTransferFrom","line":37,"loc":{"start":{"line":37,"column":2},"end":{"line":60,"column":2}}},"3":{"name":"getLastTransferResult","line":65,"loc":{"start":{"line":65,"column":2},"end":{"line":123,"column":2}}}},"statementMap":{"1":{"start":{"line":17,"column":4},"end":{"line":17,"column":46}},"2":{"start":{"line":32,"column":4},"end":{"line":32,"column":65}},"3":{"start":{"line":43,"column":4},"end":{"line":43,"column":50}},"4":{"start":{"line":59,"column":4},"end":{"line":59,"column":69}}},"branchMap":{"1":{"line":32,"type":"if","locations":[{"start":{"line":32,"column":4},"end":{"line":32,"column":4}},{"start":{"line":32,"column":4},"end":{"line":32,"column":4}}]},"2":{"line":59,"type":"if","locations":[{"start":{"line":59,"column":4},"end":{"line":59,"column":4}},{"start":{"line":59,"column":4},"end":{"line":59,"column":4}}]}}},"contracts/mocks/aave-core/dependencies/openzeppelin/contracts/AccessControl.sol":{"l":{"69":72,"70":72,"77":0,"84":648,"95":72,"96":0,"116":72,"135":48,"153":24,"171":0,"173":0,"193":24,"202":0,"203":0,"204":0,"208":72,"209":72,"210":72,"215":24,"216":24,"217":24},"path":"/Users/cola/Documents/codes/solidity/OK/LendingAggregator/contracts/mocks/aave-core/dependencies/openzeppelin/contracts/AccessControl.sol","s":{"1":72,"2":0,"3":648,"4":72,"5":0,"6":72,"7":48,"8":24,"9":0,"10":0,"11":24,"12":0,"13":0,"14":72,"15":72,"16":24,"17":24},"b":{"1":[0,0],"2":[0,72],"3":[48,0],"4":[24,0],"5":[0,0],"6":[72,0],"7":[24,0]},"f":{"1":72,"2":0,"3":648,"4":72,"5":72,"6":48,"7":24,"8":0,"9":24,"10":0,"11":72,"12":24},"fnMap":{"1":{"name":"onlyRole","line":68,"loc":{"start":{"line":68,"column":2},"end":{"line":71,"column":2}}},"2":{"name":"supportsInterface","line":76,"loc":{"start":{"line":76,"column":2},"end":{"line":78,"column":2}}},"3":{"name":"hasRole","line":83,"loc":{"start":{"line":83,"column":2},"end":{"line":85,"column":2}}},"4":{"name":"_checkRole","line":94,"loc":{"start":{"line":94,"column":2},"end":{"line":107,"column":2}}},"5":{"name":"getRoleAdmin","line":115,"loc":{"start":{"line":115,"column":2},"end":{"line":117,"column":2}}},"6":{"name":"grantRole","line":133,"loc":{"start":{"line":129,"column":2},"end":{"line":136,"column":2}}},"7":{"name":"revokeRole","line":151,"loc":{"start":{"line":147,"column":2},"end":{"line":154,"column":2}}},"8":{"name":"renounceRole","line":170,"loc":{"start":{"line":170,"column":2},"end":{"line":174,"column":2}}},"9":{"name":"_setupRole","line":192,"loc":{"start":{"line":192,"column":2},"end":{"line":194,"column":2}}},"10":{"name":"_setRoleAdmin","line":201,"loc":{"start":{"line":201,"column":2},"end":{"line":205,"column":2}}},"11":{"name":"_grantRole","line":207,"loc":{"start":{"line":207,"column":2},"end":{"line":212,"column":2}}},"12":{"name":"_revokeRole","line":214,"loc":{"start":{"line":214,"column":2},"end":{"line":219,"column":2}}}},"statementMap":{"1":{"start":{"line":69,"column":4},"end":{"line":69,"column":33}},"2":{"start":{"line":77,"column":4},"end":{"line":77,"column":98}},"3":{"start":{"line":84,"column":4},"end":{"line":84,"column":40}},"4":{"start":{"line":95,"column":4},"end":{"line":95,"column":3201}},"5":{"start":{"line":96,"column":6},"end":{"line":96,"column":3240}},"6":{"start":{"line":116,"column":4},"end":{"line":116,"column":33}},"7":{"start":{"line":135,"column":4},"end":{"line":135,"column":28}},"8":{"start":{"line":153,"column":4},"end":{"line":153,"column":29}},"9":{"start":{"line":171,"column":4},"end":{"line":171,"column":86}},"10":{"start":{"line":173,"column":4},"end":{"line":173,"column":29}},"11":{"start":{"line":193,"column":4},"end":{"line":193,"column":28}},"12":{"start":{"line":202,"column":4},"end":{"line":202,"column":50}},"13":{"start":{"line":204,"column":4},"end":{"line":204,"column":61}},"14":{"start":{"line":208,"column":4},"end":{"line":208,"column":6263}},"15":{"start":{"line":210,"column":6},"end":{"line":210,"column":51}},"16":{"start":{"line":215,"column":4},"end":{"line":215,"column":6470}},"17":{"start":{"line":217,"column":6},"end":{"line":217,"column":51}}},"branchMap":{"1":{"line":77,"type":"cond-expr","locations":[{"start":{"line":77,"column":11},"end":{"line":77,"column":57}},{"start":{"line":77,"column":62},"end":{"line":77,"column":97}}]},"2":{"line":95,"type":"if","locations":[{"start":{"line":95,"column":4},"end":{"line":95,"column":4}},{"start":{"line":95,"column":4},"end":{"line":95,"column":4}}]},"3":{"line":133,"type":"if","locations":[{"start":{"line":133,"column":4},"end":{"line":133,"column":4}},{"start":{"line":133,"column":4},"end":{"line":133,"column":4}}]},"4":{"line":151,"type":"if","locations":[{"start":{"line":151,"column":4},"end":{"line":151,"column":4}},{"start":{"line":151,"column":4},"end":{"line":151,"column":4}}]},"5":{"line":171,"type":"if","locations":[{"start":{"line":171,"column":4},"end":{"line":171,"column":4}},{"start":{"line":171,"column":4},"end":{"line":171,"column":4}}]},"6":{"line":208,"type":"if","locations":[{"start":{"line":208,"column":4},"end":{"line":208,"column":4}},{"start":{"line":208,"column":4},"end":{"line":208,"column":4}}]},"7":{"line":215,"type":"if","locations":[{"start":{"line":215,"column":4},"end":{"line":215,"column":4}},{"start":{"line":215,"column":4},"end":{"line":215,"column":4}}]}}},"contracts/mocks/aave-core/dependencies/openzeppelin/contracts/Address.sol":{"l":{"29":336,"30":336,"32":336,"35":336,"55":0,"58":0,"59":0},"path":"/Users/cola/Documents/codes/solidity/OK/LendingAggregator/contracts/mocks/aave-core/dependencies/openzeppelin/contracts/Address.sol","s":{"1":336,"2":336,"3":336,"4":0,"5":0,"6":0},"b":{"1":[0,0],"2":[0,0]},"f":{"1":336,"2":0},"fnMap":{"1":{"name":"isContract","line":25,"loc":{"start":{"line":25,"column":2},"end":{"line":36,"column":2}}},"2":{"name":"sendValue","line":54,"loc":{"start":{"line":54,"column":2},"end":{"line":60,"column":2}}}},"statementMap":{"1":{"start":{"line":29,"column":4},"end":{"line":29,"column":20}},"2":{"start":{"line":30,"column":4},"end":{"line":30,"column":92}},"3":{"start":{"line":35,"column":4},"end":{"line":35,"column":55}},"4":{"start":{"line":55,"column":4},"end":{"line":55,"column":76}},"5":{"start":{"line":58,"column":4},"end":{"line":58,"column":56}},"6":{"start":{"line":59,"column":4},"end":{"line":59,"column":81}}},"branchMap":{"1":{"line":55,"type":"if","locations":[{"start":{"line":55,"column":4},"end":{"line":55,"column":4}},{"start":{"line":55,"column":4},"end":{"line":55,"column":4}}]},"2":{"line":59,"type":"if","locations":[{"start":{"line":59,"column":4},"end":{"line":59,"column":4}},{"start":{"line":59,"column":4},"end":{"line":59,"column":4}}]}}},"contracts/mocks/aave-core/dependencies/openzeppelin/contracts/Context.sol":{"l":{"16":570,"20":0,"21":0},"path":"/Users/cola/Documents/codes/solidity/OK/LendingAggregator/contracts/mocks/aave-core/dependencies/openzeppelin/contracts/Context.sol","s":{"1":570,"2":0},"b":{},"f":{"1":570,"2":0},"fnMap":{"1":{"name":"_msgSender","line":15,"loc":{"start":{"line":15,"column":2},"end":{"line":17,"column":2}}},"2":{"name":"_msgData","line":19,"loc":{"start":{"line":19,"column":2},"end":{"line":22,"column":2}}}},"statementMap":{"1":{"start":{"line":16,"column":4},"end":{"line":16,"column":30}},"2":{"start":{"line":21,"column":4},"end":{"line":21,"column":19}}},"branchMap":{}},"contracts/mocks/aave-core/dependencies/openzeppelin/contracts/ERC165.sol":{"l":{"26":0},"path":"/Users/cola/Documents/codes/solidity/OK/LendingAggregator/contracts/mocks/aave-core/dependencies/openzeppelin/contracts/ERC165.sol","s":{"1":0},"b":{},"f":{"1":0},"fnMap":{"1":{"name":"supportsInterface","line":25,"loc":{"start":{"line":25,"column":2},"end":{"line":27,"column":2}}}},"statementMap":{"1":{"start":{"line":26,"column":4},"end":{"line":26,"column":51}}},"branchMap":{}},"contracts/mocks/aave-core/dependencies/openzeppelin/contracts/ERC20.sol":{"l":{"58":0,"59":0,"60":0,"67":0,"75":0,"92":0,"99":0,"106":0,"118":0,"119":0,"132":0,"143":0,"144":0,"164":0,"165":0,"170":0,"186":0,"187":0,"209":0,"217":0,"239":0,"240":0,"242":0,"244":0,"245":0,"246":0,"259":0,"261":0,"263":0,"264":0,"265":0,"280":0,"282":0,"284":0,"285":0,"286":0,"307":0,"308":0,"310":0,"311":0,"322":0},"path":"/Users/cola/Documents/codes/solidity/OK/LendingAggregator/contracts/mocks/aave-core/dependencies/openzeppelin/contracts/ERC20.sol","s":{"1":0,"2":0,"3":0,"4":0,"5":0,"6":0,"7":0,"8":0,"9":0,"10":0,"11":0,"12":0,"13":0,"14":0,"15":0,"16":0,"17":0,"18":0,"19":0,"20":0,"21":0,"22":0,"23":0,"24":0,"25":0,"26":0,"27":0,"28":0,"29":0,"30":0},"b":{"1":[0,0],"2":[0,0],"3":[0,0],"4":[0,0],"5":[0,0],"6":[0,0]},"f":{"1":0,"2":0,"3":0,"4":0,"5":0,"6":0,"7":0,"8":0,"9":0,"10":0,"11":0,"12":0,"13":0,"14":0,"15":0,"16":0,"17":0,"18":0},"fnMap":{"1":{"name":"constructor","line":57,"loc":{"start":{"line":57,"column":2},"end":{"line":61,"column":2}}},"2":{"name":"name","line":66,"loc":{"start":{"line":66,"column":2},"end":{"line":68,"column":2}}},"3":{"name":"symbol","line":74,"loc":{"start":{"line":74,"column":2},"end":{"line":76,"column":2}}},"4":{"name":"decimals","line":91,"loc":{"start":{"line":91,"column":2},"end":{"line":93,"column":2}}},"5":{"name":"totalSupply","line":98,"loc":{"start":{"line":98,"column":2},"end":{"line":100,"column":2}}},"6":{"name":"balanceOf","line":105,"loc":{"start":{"line":105,"column":2},"end":{"line":107,"column":2}}},"7":{"name":"transfer","line":117,"loc":{"start":{"line":117,"column":2},"end":{"line":120,"column":2}}},"8":{"name":"allowance","line":125,"loc":{"start":{"line":125,"column":2},"end":{"line":133,"column":2}}},"9":{"name":"approve","line":142,"loc":{"start":{"line":142,"column":2},"end":{"line":145,"column":2}}},"10":{"name":"transferFrom","line":159,"loc":{"start":{"line":159,"column":2},"end":{"line":171,"column":2}}},"11":{"name":"increaseAllowance","line":185,"loc":{"start":{"line":185,"column":2},"end":{"line":188,"column":2}}},"12":{"name":"decreaseAllowance","line":204,"loc":{"start":{"line":204,"column":2},"end":{"line":218,"column":2}}},"13":{"name":"_transfer","line":234,"loc":{"start":{"line":234,"column":2},"end":{"line":247,"column":2}}},"14":{"name":"_mint","line":258,"loc":{"start":{"line":258,"column":2},"end":{"line":266,"column":2}}},"15":{"name":"_burn","line":279,"loc":{"start":{"line":279,"column":2},"end":{"line":287,"column":2}}},"16":{"name":"_approve","line":302,"loc":{"start":{"line":302,"column":2},"end":{"line":312,"column":2}}},"17":{"name":"_setupDecimals","line":321,"loc":{"start":{"line":321,"column":2},"end":{"line":323,"column":2}}},"18":{"name":"_beforeTokenTransfer","line":339,"loc":{"start":{"line":339,"column":2},"end":{"line":343,"column":22}}}},"statementMap":{"1":{"start":{"line":67,"column":4},"end":{"line":67,"column":16}},"2":{"start":{"line":75,"column":4},"end":{"line":75,"column":18}},"3":{"start":{"line":92,"column":4},"end":{"line":92,"column":20}},"4":{"start":{"line":99,"column":4},"end":{"line":99,"column":23}},"5":{"start":{"line":106,"column":4},"end":{"line":106,"column":29}},"6":{"start":{"line":118,"column":4},"end":{"line":118,"column":45}},"7":{"start":{"line":119,"column":4},"end":{"line":119,"column":15}},"8":{"start":{"line":132,"column":4},"end":{"line":132,"column":38}},"9":{"start":{"line":143,"column":4},"end":{"line":143,"column":42}},"10":{"start":{"line":144,"column":4},"end":{"line":144,"column":15}},"11":{"start":{"line":164,"column":4},"end":{"line":164,"column":39}},"12":{"start":{"line":165,"column":4},"end":{"line":165,"column":4810}},"13":{"start":{"line":170,"column":4},"end":{"line":170,"column":15}},"14":{"start":{"line":186,"column":4},"end":{"line":186,"column":86}},"15":{"start":{"line":187,"column":4},"end":{"line":187,"column":15}},"16":{"start":{"line":209,"column":4},"end":{"line":209,"column":6127}},"17":{"start":{"line":217,"column":4},"end":{"line":217,"column":15}},"18":{"start":{"line":239,"column":4},"end":{"line":239,"column":73}},"19":{"start":{"line":240,"column":4},"end":{"line":240,"column":74}},"20":{"start":{"line":242,"column":4},"end":{"line":242,"column":50}},"21":{"start":{"line":246,"column":4},"end":{"line":246,"column":44}},"22":{"start":{"line":259,"column":4},"end":{"line":259,"column":68}},"23":{"start":{"line":261,"column":4},"end":{"line":261,"column":52}},"24":{"start":{"line":265,"column":4},"end":{"line":265,"column":46}},"25":{"start":{"line":280,"column":4},"end":{"line":280,"column":70}},"26":{"start":{"line":282,"column":4},"end":{"line":282,"column":52}},"27":{"start":{"line":286,"column":4},"end":{"line":286,"column":46}},"28":{"start":{"line":307,"column":4},"end":{"line":307,"column":71}},"29":{"start":{"line":308,"column":4},"end":{"line":308,"column":71}},"30":{"start":{"line":311,"column":4},"end":{"line":311,"column":41}}},"branchMap":{"1":{"line":239,"type":"if","locations":[{"start":{"line":239,"column":4},"end":{"line":239,"column":4}},{"start":{"line":239,"column":4},"end":{"line":239,"column":4}}]},"2":{"line":240,"type":"if","locations":[{"start":{"line":240,"column":4},"end":{"line":240,"column":4}},{"start":{"line":240,"column":4},"end":{"line":240,"column":4}}]},"3":{"line":259,"type":"if","locations":[{"start":{"line":259,"column":4},"end":{"line":259,"column":4}},{"start":{"line":259,"column":4},"end":{"line":259,"column":4}}]},"4":{"line":280,"type":"if","locations":[{"start":{"line":280,"column":4},"end":{"line":280,"column":4}},{"start":{"line":280,"column":4},"end":{"line":280,"column":4}}]},"5":{"line":307,"type":"if","locations":[{"start":{"line":307,"column":4},"end":{"line":307,"column":4}},{"start":{"line":307,"column":4},"end":{"line":307,"column":4}}]},"6":{"line":308,"type":"if","locations":[{"start":{"line":308,"column":4},"end":{"line":308,"column":4}},{"start":{"line":308,"column":4},"end":{"line":308,"column":4}}]}}},"contracts/mocks/aave-core/dependencies/openzeppelin/contracts/IAccessControl.sol":{"l":{},"path":"/Users/cola/Documents/codes/solidity/OK/LendingAggregator/contracts/mocks/aave-core/dependencies/openzeppelin/contracts/IAccessControl.sol","s":{},"b":{},"f":{},"fnMap":{},"statementMap":{},"branchMap":{}},"contracts/mocks/aave-core/dependencies/openzeppelin/contracts/IERC165.sol":{"l":{},"path":"/Users/cola/Documents/codes/solidity/OK/LendingAggregator/contracts/mocks/aave-core/dependencies/openzeppelin/contracts/IERC165.sol","s":{},"b":{},"f":{},"fnMap":{},"statementMap":{},"branchMap":{}},"contracts/mocks/aave-core/dependencies/openzeppelin/contracts/IERC20.sol":{"l":{},"path":"/Users/cola/Documents/codes/solidity/OK/LendingAggregator/contracts/mocks/aave-core/dependencies/openzeppelin/contracts/IERC20.sol","s":{},"b":{},"f":{},"fnMap":{},"statementMap":{},"branchMap":{}},"contracts/mocks/aave-core/dependencies/openzeppelin/contracts/IERC20Detailed.sol":{"l":{},"path":"/Users/cola/Documents/codes/solidity/OK/LendingAggregator/contracts/mocks/aave-core/dependencies/openzeppelin/contracts/IERC20Detailed.sol","s":{},"b":{},"f":{},"fnMap":{},"statementMap":{},"branchMap":{}},"contracts/mocks/aave-core/dependencies/openzeppelin/contracts/Ownable.sol":{"l":{"28":144,"29":144,"30":144,"37":0,"44":216,"45":216,"56":0,"57":0,"65":72,"66":72,"67":72},"path":"/Users/cola/Documents/codes/solidity/OK/LendingAggregator/contracts/mocks/aave-core/dependencies/openzeppelin/contracts/Ownable.sol","s":{"1":144,"2":144,"3":0,"4":216,"5":0,"6":72,"7":72},"b":{"1":[216,0],"2":[0,0],"3":[72,0],"4":[72,0]},"f":{"1":144,"2":0,"3":216,"4":0,"5":72},"fnMap":{"1":{"name":"constructor","line":27,"loc":{"start":{"line":27,"column":2},"end":{"line":31,"column":2}}},"2":{"name":"owner","line":36,"loc":{"start":{"line":36,"column":2},"end":{"line":38,"column":2}}},"3":{"name":"onlyOwner","line":43,"loc":{"start":{"line":43,"column":2},"end":{"line":46,"column":2}}},"4":{"name":"renounceOwnership","line":55,"loc":{"start":{"line":55,"column":2},"end":{"line":58,"column":2}}},"5":{"name":"transferOwnership","line":64,"loc":{"start":{"line":64,"column":2},"end":{"line":68,"column":2}}}},"statementMap":{"1":{"start":{"line":28,"column":4},"end":{"line":28,"column":36}},"2":{"start":{"line":30,"column":4},"end":{"line":30,"column":52}},"3":{"start":{"line":37,"column":4},"end":{"line":37,"column":17}},"4":{"start":{"line":44,"column":4},"end":{"line":44,"column":70}},"5":{"start":{"line":56,"column":4},"end":{"line":56,"column":49}},"6":{"start":{"line":65,"column":4},"end":{"line":65,"column":76}},"7":{"start":{"line":66,"column":4},"end":{"line":66,"column":47}}},"branchMap":{"1":{"line":44,"type":"if","locations":[{"start":{"line":44,"column":4},"end":{"line":44,"column":4}},{"start":{"line":44,"column":4},"end":{"line":44,"column":4}}]},"2":{"line":55,"type":"if","locations":[{"start":{"line":55,"column":46},"end":{"line":55,"column":46}},{"start":{"line":55,"column":46},"end":{"line":55,"column":46}}]},"3":{"line":64,"type":"if","locations":[{"start":{"line":64,"column":62},"end":{"line":64,"column":62}},{"start":{"line":64,"column":62},"end":{"line":64,"column":62}}]},"4":{"line":65,"type":"if","locations":[{"start":{"line":65,"column":4},"end":{"line":65,"column":4}},{"start":{"line":65,"column":4},"end":{"line":65,"column":4}}]}}},"contracts/mocks/aave-core/dependencies/openzeppelin/contracts/SafeCast.sol":{"l":{"32":0,"33":0,"47":154,"48":154,"62":0,"63":0,"77":0,"78":0,"92":0,"93":0,"107":0,"108":0,"122":0,"123":0,"134":0,"135":0,"152":0,"156":0,"173":0,"177":0,"194":0,"198":0,"215":0,"219":0,"236":0,"240":0,"252":0,"253":0},"path":"/Users/cola/Documents/codes/solidity/OK/LendingAggregator/contracts/mocks/aave-core/dependencies/openzeppelin/contracts/SafeCast.sol","s":{"1":0,"2":0,"3":154,"4":154,"5":0,"6":0,"7":0,"8":0,"9":0,"10":0,"11":0,"12":0,"13":0,"14":0,"15":0,"16":0,"17":0,"18":0,"19":0,"20":0,"21":0,"22":0,"23":0,"24":0,"25":0,"26":0,"27":0,"28":0},"b":{"1":[0,0],"2":[154,0],"3":[0,0],"4":[0,0],"5":[0,0],"6":[0,0],"7":[0,0],"8":[0,0],"9":[0,0],"10":[0,0],"11":[0,0],"12":[0,0],"13":[0,0],"14":[0,0]},"f":{"1":0,"2":154,"3":0,"4":0,"5":0,"6":0,"7":0,"8":0,"9":0,"10":0,"11":0,"12":0,"13":0,"14":0},"fnMap":{"1":{"name":"toUint224","line":31,"loc":{"start":{"line":31,"column":2},"end":{"line":34,"column":2}}},"2":{"name":"toUint128","line":46,"loc":{"start":{"line":46,"column":2},"end":{"line":49,"column":2}}},"3":{"name":"toUint96","line":61,"loc":{"start":{"line":61,"column":2},"end":{"line":64,"column":2}}},"4":{"name":"toUint64","line":76,"loc":{"start":{"line":76,"column":2},"end":{"line":79,"column":2}}},"5":{"name":"toUint32","line":91,"loc":{"start":{"line":91,"column":2},"end":{"line":94,"column":2}}},"6":{"name":"toUint16","line":106,"loc":{"start":{"line":106,"column":2},"end":{"line":109,"column":2}}},"7":{"name":"toUint8","line":121,"loc":{"start":{"line":121,"column":2},"end":{"line":124,"column":2}}},"8":{"name":"toUint256","line":133,"loc":{"start"
[...]
":{"line":301,"column":16},"end":{"line":301,"column":73}},"71":{"start":{"line":305,"column":8},"end":{"line":305,"column":9335}},"72":{"start":{"line":312,"column":8},"end":{"line":312,"column":63}},"73":{"start":{"line":319,"column":8},"end":{"line":319,"column":79}},"74":{"start":{"line":322,"column":8},"end":{"line":322,"column":26}},"75":{"start":{"line":324,"column":8},"end":{"line":324,"column":52}},"76":{"start":{"line":325,"column":8},"end":{"line":325,"column":62}},"77":{"start":{"line":326,"column":8},"end":{"line":326,"column":10049}},"78":{"start":{"line":329,"column":8},"end":{"line":329,"column":10141}},"79":{"start":{"line":334,"column":8},"end":{"line":334,"column":59}},"80":{"start":{"line":336,"column":8},"end":{"line":336,"column":56}},"81":{"start":{"line":338,"column":8},"end":{"line":338,"column":10418}},"82":{"start":{"line":344,"column":8},"end":{"line":344,"column":59}},"83":{"start":{"line":350,"column":8},"end":{"line":350,"column":10756}},"84":{"start":{"line":355,"column":8},"end":{"line":355,"column":65}},"85":{"start":{"line":356,"column":8},"end":{"line":356,"column":10943}},"86":{"start":{"line":366,"column":8},"end":{"line":366,"column":11172}},"87":{"start":{"line":377,"column":8},"end":{"line":377,"column":67}},"88":{"start":{"line":378,"column":8},"end":{"line":378,"column":39}},"89":{"start":{"line":380,"column":8},"end":{"line":380,"column":11529}},"90":{"start":{"line":381,"column":12},"end":{"line":381,"column":11596}},"91":{"start":{"line":382,"column":16},"end":{"line":382,"column":65}},"92":{"start":{"line":384,"column":16},"end":{"line":384,"column":11753}},"93":{"start":{"line":385,"column":20},"end":{"line":385,"column":66}},"94":{"start":{"line":386,"column":20},"end":{"line":386,"column":11904}},"95":{"start":{"line":392,"column":20},"end":{"line":392,"column":12110}},"96":{"start":{"line":397,"column":16},"end":{"line":397,"column":12267}},"97":{"start":{"line":398,"column":20},"end":{"line":398,"column":66}},"98":{"start":{"line":399,"column":20},"end":{"line":399,"column":12410}},"99":{"start":{"line":404,"column":20},"end":{"line":404,"column":12615}},"100":{"start":{"line":411,"column":8},"end":{"line":411,"column":55}},"101":{"start":{"line":419,"column":8},"end":{"line":419,"column":74}},"102":{"start":{"line":420,"column":8},"end":{"line":420,"column":13046}},"103":{"start":{"line":425,"column":8},"end":{"line":425,"column":13192}},"104":{"start":{"line":427,"column":8},"end":{"line":427,"column":56}},"105":{"start":{"line":434,"column":8},"end":{"line":434,"column":13496}},"106":{"start":{"line":439,"column":8},"end":{"line":439,"column":13625}},"107":{"start":{"line":444,"column":8},"end":{"line":444,"column":13792}},"108":{"start":{"line":447,"column":8},"end":{"line":447,"column":13944}},"109":{"start":{"line":452,"column":8},"end":{"line":452,"column":43}},"110":{"start":{"line":454,"column":8},"end":{"line":454,"column":52}},"111":{"start":{"line":462,"column":8},"end":{"line":462,"column":67}},"112":{"start":{"line":463,"column":8},"end":{"line":463,"column":14421}},"113":{"start":{"line":464,"column":12},"end":{"line":464,"column":14488}},"114":{"start":{"line":465,"column":16},"end":{"line":465,"column":65}},"115":{"start":{"line":467,"column":16},"end":{"line":467,"column":14645}},"116":{"start":{"line":468,"column":20},"end":{"line":468,"column":66}},"117":{"start":{"line":469,"column":20},"end":{"line":469,"column":76}},"118":{"start":{"line":476,"column":16},"end":{"line":476,"column":15060}},"119":{"start":{"line":477,"column":20},"end":{"line":477,"column":66}},"120":{"start":{"line":478,"column":20},"end":{"line":478,"column":73}},"121":{"start":{"line":489,"column":8},"end":{"line":489,"column":26}},"122":{"start":{"line":499,"column":8},"end":{"line":499,"column":15772}},"123":{"start":{"line":510,"column":8},"end":{"line":510,"column":52}},"124":{"start":{"line":511,"column":8},"end":{"line":511,"column":16073}},"125":{"start":{"line":514,"column":8},"end":{"line":514,"column":16178}},"126":{"start":{"line":519,"column":8},"end":{"line":519,"column":47}},"127":{"start":{"line":528,"column":8},"end":{"line":528,"column":52}},"128":{"start":{"line":529,"column":8},"end":{"line":529,"column":16553}},"129":{"start":{"line":532,"column":8},"end":{"line":532,"column":16657}},"130":{"start":{"line":537,"column":8},"end":{"line":537,"column":46}},"131":{"start":{"line":542,"column":8},"end":{"line":542,"column":39}},"132":{"start":{"line":543,"column":8},"end":{"line":543,"column":37}},"133":{"start":{"line":552,"column":8},"end":{"line":552,"column":57}},"134":{"start":{"line":553,"column":8},"end":{"line":553,"column":17261}},"135":{"start":{"line":557,"column":8},"end":{"line":557,"column":45}},"136":{"start":{"line":566,"column":8},"end":{"line":566,"column":17653}},"137":{"start":{"line":572,"column":8},"end":{"line":572,"column":17801}},"138":{"start":{"line":579,"column":8},"end":{"line":579,"column":75}}},"branchMap":{"1":{"line":34,"type":"if","locations":[{"start":{"line":34,"column":15},"end":{"line":34,"column":15}},{"start":{"line":34,"column":15},"end":{"line":34,"column":15}}]},"2":{"line":74,"type":"if","locations":[{"start":{"line":74,"column":8},"end":{"line":74,"column":8}},{"start":{"line":74,"column":8},"end":{"line":74,"column":8}}]},"3":{"line":80,"type":"if","locations":[{"start":{"line":80,"column":8},"end":{"line":80,"column":8}},{"start":{"line":80,"column":8},"end":{"line":80,"column":8}}]},"4":{"line":119,"type":"if","locations":[{"start":{"line":119,"column":8},"end":{"line":119,"column":8}},{"start":{"line":119,"column":8},"end":{"line":119,"column":8}}]},"5":{"line":155,"type":"if","locations":[{"start":{"line":155,"column":8},"end":{"line":155,"column":8}},{"start":{"line":155,"column":8},"end":{"line":155,"column":8}}]},"6":{"line":165,"type":"if","locations":[{"start":{"line":165,"column":8},"end":{"line":165,"column":8}},{"start":{"line":165,"column":8},"end":{"line":165,"column":8}}]},"7":{"line":169,"type":"if","locations":[{"start":{"line":169,"column":18},"end":{"line":169,"column":41}},{"start":{"line":170,"column":18},"end":{"line":170,"column":18}}]},"8":{"line":188,"type":"if","locations":[{"start":{"line":188,"column":8},"end":{"line":188,"column":8}},{"start":{"line":188,"column":8},"end":{"line":188,"column":8}}]},"9":{"line":213,"type":"if","locations":[{"start":{"line":213,"column":8},"end":{"line":213,"column":8}},{"start":{"line":213,"column":8},"end":{"line":213,"column":8}}]},"10":{"line":222,"type":"if","locations":[{"start":{"line":222,"column":12},"end":{"line":222,"column":12}},{"start":{"line":222,"column":12},"end":{"line":222,"column":12}}]},"11":{"line":229,"type":"if","locations":[{"start":{"line":229,"column":8},"end":{"line":229,"column":8}},{"start":{"line":229,"column":8},"end":{"line":229,"column":8}}]},"12":{"line":249,"type":"if","locations":[{"start":{"line":249,"column":8},"end":{"line":249,"column":8}},{"start":{"line":249,"column":8},"end":{"line":249,"column":8}}]},"13":{"line":261,"type":"if","locations":[{"start":{"line":261,"column":8},"end":{"line":261,"column":8}},{"start":{"line":261,"column":8},"end":{"line":261,"column":8}}]},"14":{"line":286,"type":"if","locations":[{"start":{"line":286,"column":8},"end":{"line":286,"column":8}},{"start":{"line":286,"column":8},"end":{"line":286,"column":8}}]},"15":{"line":298,"type":"if","locations":[{"start":{"line":298,"column":12},"end":{"line":298,"column":12}},{"start":{"line":298,"column":12},"end":{"line":298,"column":12}}]},"16":{"line":356,"type":"if","locations":[{"start":{"line":356,"column":8},"end":{"line":356,"column":8}},{"start":{"line":356,"column":8},"end":{"line":356,"column":8}}]},"17":{"line":381,"type":"if","locations":[{"start":{"line":381,"column":12},"end":{"line":381,"column":12}},{"start":{"line":381,"column":12},"end":{"line":381,"column":12}}]},"18":{"line":384,"type":"if","locations":[{"start":{"line":384,"column":16},"end":{"line":384,"column":16}},{"start":{"line":384,"column":16},"end":{"line":384,"column":16}}]},"19":{"line":397,"type":"if","locations":[{"start":{"line":397,"column":16},"end":{"line":397,"column":16}},{"start":{"line":397,"column":16},"end":{"line":397,"column":16}}]},"20":{"line":439,"type":"if","locations":[{"start":{"line":439,"column":8},"end":{"line":439,"column":8}},{"start":{"line":439,"column":8},"end":{"line":439,"column":8}}]},"21":{"line":448,"type":"if","locations":[{"start":{"line":448,"column":46},"end":{"line":448,"column":59}},{"start":{"line":448,"column":63},"end":{"line":448,"column":76}}]},"22":{"line":464,"type":"if","locations":[{"start":{"line":464,"column":12},"end":{"line":464,"column":12}},{"start":{"line":464,"column":12},"end":{"line":464,"column":12}}]},"23":{"line":467,"type":"if","locations":[{"start":{"line":467,"column":16},"end":{"line":467,"column":16}},{"start":{"line":467,"column":16},"end":{"line":467,"column":16}}]},"24":{"line":472,"type":"if","locations":[{"start":{"line":472,"column":26},"end":{"line":472,"column":32}},{"start":{"line":473,"column":26},"end":{"line":473,"column":78}}]},"25":{"line":476,"type":"if","locations":[{"start":{"line":476,"column":16},"end":{"line":476,"column":16}},{"start":{"line":476,"column":16},"end":{"line":476,"column":16}}]},"26":{"line":481,"type":"if","locations":[{"start":{"line":481,"column":26},"end":{"line":481,"column":32}},{"start":{"line":482,"column":26},"end":{"line":482,"column":78}}]},"27":{"line":541,"type":"if","locations":[{"start":{"line":541,"column":64},"end":{"line":541,"column":64}},{"start":{"line":541,"column":64},"end":{"line":541,"column":64}}]},"28":{"line":549,"type":"if","locations":[{"start":{"line":549,"column":8},"end":{"line":549,"column":8}},{"start":{"line":549,"column":8},"end":{"line":549,"column":8}}]},"29":{"line":553,"type":"if","locations":[{"start":{"line":553,"column":8},"end":{"line":553,"column":8}},{"start":{"line":553,"column":8},"end":{"line":553,"column":8}}]},"30":{"line":582,"type":"if","locations":[{"start":{"line":582,"column":61},"end":{"line":582,"column":61}},{"start":{"line":582,"column":61},"end":{"line":582,"column":61}}]},"31":{"line":586,"type":"if","locations":[{"start":{"line":586,"column":61},"end":{"line":586,"column":61}},{"start":{"line":586,"column":61},"end":{"line":586,"column":61}}]},"32":{"line":590,"type":"if","locations":[{"start":{"line":590,"column":61},"end":{"line":590,"column":61}},{"start":{"line":590,"column":61},"end":{"line":590,"column":61}}]},"33":{"line":597,"type":"if","locations":[{"start":{"line":597,"column":8},"end":{"line":597,"column":8}},{"start":{"line":597,"column":8},"end":{"line":597,"column":8}}]},"34":{"line":605,"type":"if","locations":[{"start":{"line":605,"column":8},"end":{"line":605,"column":8}},{"start":{"line":605,"column":8},"end":{"line":605,"column":8}}]}}},"contracts/SToken.sol":{"l":{"23":0,"24":0,"26":0,"34":0,"35":0,"38":0,"46":0,"47":0,"56":0,"65":0,"66":0,"67":0,"76":0,"77":0,"82":0},"path":"/Users/cola/Documents/codes/solidity/OK/LendingAggregator/contracts/SToken.sol","s":{"1":0,"2":0,"3":0,"4":0,"5":0,"6":0,"7":0,"8":0,"9":0,"10":0,"11":0,"12":0},"b":{"1":[0,0],"2":[0,0],"3":[0,0],"4":[0,0],"5":[0,0],"6":[0,0]},"f":{"1":0,"2":0,"3":0,"4":0,"5":0,"6":0,"7":0},"fnMap":{"1":{"name":"initialize","line":22,"loc":{"start":{"line":18,"column":4},"end":{"line":27,"column":4}}},"2":{"name":"mint","line":33,"loc":{"start":{"line":29,"column":4},"end":{"line":39,"column":4}}},"3":{"name":"burn","line":45,"loc":{"start":{"line":41,"column":4},"end":{"line":48,"column":4}}},"4":{"name":"scaledBalanceOf","line":50,"loc":{"start":{"line":50,"column":4},"end":{"line":57,"column":4}}},"5":{"name":"scaledAmount","line":59,"loc":{"start":{"line":59,"column":4},"end":{"line":68,"column":4}}},"6":{"name":"unscaledAmount","line":70,"loc":{"start":{"line":70,"column":4},"end":{"line":79,"column":4}}},"7":{"name":"scaledTotalSupply","line":81,"loc":{"start":{"line":81,"column":4},"end":{"line":83,"column":4}}}},"statementMap":{"1":{"start":{"line":23,"column":8},"end":{"line":23,"column":23}},"2":{"start":{"line":24,"column":8},"end":{"line":24,"column":33}},"3":{"start":{"line":34,"column":8},"end":{"line":34,"column":43}},"4":{"start":{"line":38,"column":8},"end":{"line":38,"column":30}},"5":{"start":{"line":47,"column":8},"end":{"line":47,"column":28}},"6":{"start":{"line":56,"column":8},"end":{"line":56,"column":48}},"7":{"start":{"line":65,"column":8},"end":{"line":65,"column":43}},"8":{"start":{"line":66,"column":8},"end":{"line":66,"column":74}},"9":{"start":{"line":67,"column":8},"end":{"line":67,"column":76}},"10":{"start":{"line":76,"column":8},"end":{"line":76,"column":43}},"11":{"start":{"line":77,"column":8},"end":{"line":77,"column":2225}},"12":{"start":{"line":82,"column":8},"end":{"line":82,"column":57}}},"branchMap":{"1":{"line":22,"type":"if","locations":[{"start":{"line":22,"column":15},"end":{"line":22,"column":15}},{"start":{"line":22,"column":15},"end":{"line":22,"column":15}}]},"2":{"line":33,"type":"if","locations":[{"start":{"line":33,"column":24},"end":{"line":33,"column":24}},{"start":{"line":33,"column":24},"end":{"line":33,"column":24}}]},"3":{"line":36,"type":"if","locations":[{"start":{"line":36,"column":14},"end":{"line":36,"column":67}},{"start":{"line":37,"column":14},"end":{"line":37,"column":32}}]},"4":{"line":45,"type":"if","locations":[{"start":{"line":45,"column":24},"end":{"line":45,"column":24}},{"start":{"line":45,"column":24},"end":{"line":45,"column":24}}]},"5":{"line":67,"type":"if","locations":[{"start":{"line":67,"column":33},"end":{"line":67,"column":71}},{"start":{"line":67,"column":75},"end":{"line":67,"column":75}}]},"6":{"line":78,"type":"if","locations":[{"start":{"line":78,"column":33},"end":{"line":78,"column":74}},{"start":{"line":78,"column":78},"end":{"line":78,"column":78}}]}}},"contracts/Strategy.sol":{"l":{"14":0,"28":0,"29":0,"30":0,"31":0,"32":0,"36":0,"41":0,"42":0,"44":0,"45":0,"47":0,"48":0,"49":0,"50":0,"51":0,"53":0,"63":0,"64":0,"65":0,"67":0,"68":0,"69":0,"71":0,"72":0,"75":0,"76":0,"84":0,"85":0,"86":0,"87":0,"89":0,"90":0,"92":0,"97":0,"99":0,"100":0,"103":0,"105":0,"107":0,"115":0,"116":0,"117":0,"118":0,"119":0,"120":0,"121":0,"122":0,"124":0,"125":0,"133":0,"134":0,"136":0,"137":0,"139":0,"140":0,"141":0,"143":0,"148":0,"149":0,"151":0,"152":0,"155":0,"156":0,"158":0,"162":0,"165":0,"173":0,"175":0,"176":0,"187":0,"189":0,"190":0,"204":0,"206":0,"207":0,"215":0,"217":0,"218":0},"path":"/Users/cola/Documents/codes/solidity/OK/LendingAggregator/contracts/Strategy.sol","s":{"1":0,"2":0,"3":0,"4":0,"5":0,"6":0,"7":0,"8":0,"9":0,"10":0,"11":0,"12":0,"13":0,"14":0,"15":0,"16":0,"17":0,"18":0,"19":0,"20":0,"21":0,"22":0,"23":0,"24":0,"25":0,"26":0,"27":0,"28":0,"29":0,"30":0,"31":0,"32":0,"33":0,"34":0,"35":0,"36":0,"37":0},"b":{"1":[0,0],"2":[0,0],"3":[0,0],"4":[0,0],"5":[0,0],"6":[0,0],"7":[0,0]},"f":{"1":0,"2":0,"3":0,"4":0,"5":0,"6":0,"7":0,"8":0,"9":0,"10":0},"fnMap":{"1":{"name":"constructor","line":13,"loc":{"start":{"line":13,"column":4},"end":{"line":15,"column":4}}},"2":{"name":"getSupplyStrategy","line":17,"loc":{"start":{"line":17,"column":4},"end":{"line":56,"column":4}}},"3":{"name":"getSimulateSupplyStrategy","line":58,"loc":{"start":{"line":58,"column":4},"end":{"line":77,"column":4}}},"4":{"name":"getBorrowStrategy","line":79,"loc":{"start":{"line":79,"column":4},"end":{"line":108,"column":4}}},"5":{"name":"getSimulateBorrowStrategy","line":110,"loc":{"start":{"line":110,"column":4},"end":{"line":126,"column":4}}},"6":{"name":"getRepayStrategy","line":128,"loc":{"start":{"line":128,"column":4},"end":{"line":166,"column":4}}},"7":{"name":"minSupplyNeeded","line":168,"loc":{"start":{"line":168,"column":4},"end":{"line":180,"column":4}}},"8":{"name":"maxRedeemAllowed","line":182,"loc":{"start":{"line":182,"column":4},"end":{"line":197,"column":4}}},"9":{"name":"maxBorrowAllowed","line":199,"loc":{"start":{"line":199,"column":4},"end":{"line":208,"column":4}}},"10":{"name":"minRepayNeeded","line":210,"loc":{"start":{"line":210,"column":4},"end":{"line":219,"column":4}}}},"statementMap":{"1":{"start":{"line":28,"column":8},"end":{"line":28,"column":42}},"2":{"start":{"line":31,"column":8},"end":{"line":31,"column":824}},"3":{"start":{"line":41,"column":12},"end":{"line":41,"column":69}},"4":{"start":{"line":45,"column":8},"end":{"line":45,"column":78}},"5":{"start":{"line":49,"column":8},"end":{"line":49,"column":1562}},"6":{"start":{"line":50,"column":12},"end":{"line":50,"column":1625}},"7":{"start":{"line":63,"column":8},"end":{"line":63,"column":42}},"8":{"start":{"line":67,"column":8},"end":{"line":67,"column":2220}},"9":{"start":{"line":71,"column":12},"end":{"line":71,"column":69}},"10":{"start":{"line":84,"column":8},"end":{"line":84,"column":42}},"11":{"start":{"line":87,"column":8},"end":{"line":87,"column":31}},"12":{"start":{"line":89,"column":8},"end":{"line":89,"column":3044}},"13":{"start":{"line":99,"column":12},"end":{"line":99,"column":69}},"14":{"start":{"line":103,"column":8},"end":{"line":103,"column":76}},"15":{"start":{"line":115,"column":8},"end":{"line":115,"column":42}},"16":{"start":{"line":118,"column":8},"end":{"line":118,"column":4089}},"17":{"start":{"line":121,"column":12},"end":{"line":121,"column":69}},"18":{"start":{"line":133,"column":8},"end":{"line":133,"column":42}},"19":{"start":{"line":139,"column":8},"end":{"line":139,"column":30}},"20":{"start":{"line":140,"column":8},"end":{"line":140,"column":4985}},"21":{"start":{"line":151,"column":12},"end":{"line":151,"column":69}},"22":{"start":{"line":155,"column":8},"end":{"line":155,"column":5578}},"23":{"start":{"line":158,"column":12},"end":{"line":158,"column":5671}},"24":{"start":{"line":162,"column":12},"end":{"line":162,"column":34}},"25":{"start":{"line":165,"column":8},"end":{"line":165,"column":32}},"26":{"start":{"line":173,"column":8},"end":{"line":173,"column":6090}},"27":{"start":{"line":175,"column":8},"end":{"line":175,"column":73}},"28":{"start":{"line":176,"column":8},"end":{"line":176,"column":6245}},"29":{"start":{"line":187,"column":8},"end":{"line":187,"column":6592}},"30":{"start":{"line":189,"column":8},"end":{"line":189,"column":73}},"31":{"start":{"line":190,"column":8},"end":{"line":190,"column":6747}},"32":{"start":{"line":204,"column":8},"end":{"line":204,"column":7208}},"33":{"start":{"line":206,"column":8},"end":{"line":206,"column":70}},"34":{"start":{"line":207,"column":8},"end":{"line":207,"column":72}},"35":{"start":{"line":215,"column":8},"end":{"line":215,"column":7647}},"36":{"start":{"line":217,"column":8},"end":{"line":217,"column":70}},"37":{"start":{"line":218,"column":8},"end":{"line":218,"column":72}}},"branchMap":{"1":{"line":50,"type":"if","locations":[{"start":{"line":50,"column":12},"end":{"line":50,"column":12}},{"start":{"line":50,"column":12},"end":{"line":50,"column":12}}]},"2":{"line":103,"type":"if","locations":[{"start":{"line":103,"column":8},"end":{"line":103,"column":8}},{"start":{"line":103,"column":8},"end":{"line":103,"column":8}}]},"3":{"line":155,"type":"if","locations":[{"start":{"line":155,"column":8},"end":{"line":155,"column":8}},{"start":{"line":155,"column":8},"end":{"line":155,"column":8}}]},"4":{"line":178,"type":"if","locations":[{"start":{"line":178,"column":18},"end":{"line":178,"column":49}},{"start":{"line":179,"column":18},"end":{"line":179,"column":18}}]},"5":{"line":192,"type":"if","locations":[{"start":{"line":192,"column":18},"end":{"line":195,"column":16}},{"start":{"line":196,"column":18},"end":{"line":196,"column":18}}]},"6":{"line":207,"type":"if","locations":[{"start":{"line":207,"column":43},"end":{"line":207,"column":67}},{"start":{"line":207,"column":71},"end":{"line":207,"column":71}}]},"7":{"line":218,"type":"if","locations":[{"start":{"line":218,"column":43},"end":{"line":218,"column":67}},{"start":{"line":218,"column":71},"end":{"line":218,"column":71}}]}}}}