{"contracts/AAVE/AAVEDataTypes.sol":{"l":{},"path":"/Users/cola/Documents/codes/solidity/OK/LendingAggregator/contracts/AAVE/AAVEDataTypes.sol","s":{},"b":{},"f":{},"fnMap":{},"statementMap":{},"branchMap":{}},"contracts/AAVE/AAVELogic.sol":{"l":{"50":3,"51":3,"52":3,"56":1,"63":2,"73":2,"85":1,"87":1,"98":1,"101":1,"126":1,"127":1,"128":1,"129":1,"137":0,"138":0,"147":1,"157":1,"159":1,"160":0,"161":0,"164":1,"167":1,"169":1,"171":1,"187":0,"188":0,"189":0,"190":0,"193":0,"196":0,"198":0,"200":0,"216":1,"217":1,"218":1,"227":0,"228":0,"245":1,"246":1,"247":1,"248":0,"249":0,"252":1,"290":1,"291":1,"294":1,"303":1,"304":1,"307":1,"316":1,"317":1,"320":1,"323":1,"325":1,"327":1,"330":1,"332":1,"333":1,"342":1,"346":1,"350":1,"357":1,"364":1,"367":1,"368":0,"369":0,"370":0,"373":0,"377":0,"391":0,"400":0,"403":1,"411":1,"416":1,"417":0,"420":1,"424":1,"425":0,"426":0,"429":0,"438":1,"447":2,"450":2,"454":2,"478":2,"481":2,"486":2,"489":0,"492":0,"498":2,"506":2,"517":2,"548":9,"549":0,"551":9},"path":"/Users/cola/Documents/codes/solidity/OK/LendingAggregator/contracts/AAVE/AAVELogic.sol","s":{"1":1,"2":1,"3":1,"4":1,"5":1,"6":1,"7":1,"8":1,"9":1,"10":0,"11":0,"12":0,"13":0,"14":1,"15":1,"16":1,"17":1,"18":1,"19":1,"20":1,"21":1,"22":1,"23":1,"24":1,"25":1,"26":1,"27":1,"28":1,"29":1,"30":1,"31":1,"32":1,"33":1,"34":1,"35":1,"36":2,"37":2,"38":2,"39":2,"40":0,"41":2,"42":2,"43":2,"44":9,"45":0,"46":9},"b":{"1":[1,0],"2":[0,1],"3":[0,0],"4":[1,0],"5":[0,1],"6":[0,1],"7":[0,1],"8":[0,1],"9":[2,0],"10":[0,2],"11":[0,9]},"f":{"1":3,"2":1,"3":2,"4":2,"5":1,"6":1,"7":0,"8":1,"9":1,"10":0,"11":1,"12":1,"13":0,"14":0,"15":1,"16":1,"17":1,"18":1,"19":1,"20":2,"21":2,"22":2,"23":0,"24":0,"25":0,"26":9},"fnMap":{"1":{"name":"constructor","line":45,"loc":{"start":{"line":45,"column":4},"end":{"line":53,"column":4}}},"2":{"name":"setInitialized","line":55,"loc":{"start":{"line":55,"column":4},"end":{"line":57,"column":4}}},"3":{"name":"updateSupplyShare","line":59,"loc":{"start":{"line":59,"column":4},"end":{"line":67,"column":4}}},"4":{"name":"updateBorrowShare","line":69,"loc":{"start":{"line":69,"column":4},"end":{"line":77,"column":4}}},"5":{"name":"lastSupplyInterest","line":79,"loc":{"start":{"line":79,"column":4},"end":{"line":90,"column":4}}},"6":{"name":"lastBorrowInterest","line":92,"loc":{"start":{"line":92,"column":4},"end":{"line":104,"column":4}}},"7":{"name":"getAddAssetData","line":106,"loc":{"start":{"line":106,"column":4},"end":{"line":118,"column":4}}},"8":{"name":"getSupplyData","line":120,"loc":{"start":{"line":120,"column":4},"end":{"line":149,"column":4}}},"9":{"name":"getRedeemData","line":151,"loc":{"start":{"line":151,"column":4},"end":{"line":179,"column":4}}},"10":{"name":"getRedeemAllData","line":181,"loc":{"start":{"line":181,"column":4},"end":{"line":208,"column":4}}},"11":{"name":"getBorrowData","line":210,"loc":{"start":{"line":210,"column":4},"end":{"line":237,"column":4}}},"12":{"name":"getRepayData","line":239,"loc":{"start":{"line":239,"column":4},"end":{"line":259,"column":4}}},"13":{"name":"getClaimRewardData","line":261,"loc":{"start":{"line":261,"column":4},"end":{"line":266,"column":5}}},"14":{"name":"getClaimUserRewardData","line":268,"loc":{"start":{"line":268,"column":4},"end":{"line":282,"column":5}}},"15":{"name":"supplyOf","line":284,"loc":{"start":{"line":284,"column":4},"end":{"line":295,"column":4}}},"16":{"name":"debtOf","line":297,"loc":{"start":{"line":297,"column":4},"end":{"line":308,"column":4}}},"17":{"name":"totalColletralAndBorrow","line":310,"loc":{"start":{"line":310,"column":4},"end":{"line":334,"column":4}}},"18":{"name":"supplyToTargetSupplyRate","line":336,"loc":{"start":{"line":336,"column":4},"end":{"line":404,"column":4}}},"19":{"name":"borrowToTargetBorrowRate","line":406,"loc":{"start":{"line":406,"column":4},"end":{"line":439,"column":4}}},"20":{"name":"getUsageParams","line":441,"loc":{"start":{"line":441,"column":4},"end":{"line":499,"column":4}}},"21":{"name":"getCurrentSupplyRate","line":501,"loc":{"start":{"line":501,"column":4},"end":{"line":510,"column":4}}},"22":{"name":"getCurrentBorrowRate","line":512,"loc":{"start":{"line":512,"column":4},"end":{"line":521,"column":4}}},"23":{"name":"getRewardSupplyData","line":523,"loc":{"start":{"line":523,"column":4},"end":{"line":528,"column":58}}},"24":{"name":"getRouterRewardSupplyData","line":530,"loc":{"start":{"line":530,"column":4},"end":{"line":534,"column":53}}},"25":{"name":"getRewardBorrowData","line":536,"loc":{"start":{"line":536,"column":4},"end":{"line":541,"column":58}}},"26":{"name":"replaceNative","line":543,"loc":{"start":{"line":543,"column":4},"end":{"line":553,"column":4}}}},"statementMap":{"1":{"start":{"line":85,"column":8},"end":{"line":85,"column":2404}},"2":{"start":{"line":87,"column":8},"end":{"line":87,"column":2542}},"3":{"start":{"line":98,"column":8},"end":{"line":98,"column":2855}},"4":{"start":{"line":101,"column":8},"end":{"line":101,"column":3009}},"5":{"start":{"line":128,"column":8},"end":{"line":128,"column":3773}},"6":{"start":{"line":159,"column":8},"end":{"line":159,"column":4618}},"7":{"start":{"line":164,"column":8},"end":{"line":164,"column":4766}},"8":{"start":{"line":167,"column":8},"end":{"line":167,"column":4896}},"9":{"start":{"line":169,"column":8},"end":{"line":169,"column":77}},"10":{"start":{"line":188,"column":8},"end":{"line":188,"column":5505}},"11":{"start":{"line":193,"column":8},"end":{"line":193,"column":5653}},"12":{"start":{"line":196,"column":8},"end":{"line":196,"column":5783}},"13":{"start":{"line":198,"column":8},"end":{"line":198,"column":77}},"14":{"start":{"line":217,"column":8},"end":{"line":217,"column":6413}},"15":{"start":{"line":247,"column":8},"end":{"line":247,"column":7322}},"16":{"start":{"line":291,"column":8},"end":{"line":291,"column":8378}},"17":{"start":{"line":294,"column":8},"end":{"line":294,"column":64}},"18":{"start":{"line":304,"column":8},"end":{"line":304,"column":8746}},"19":{"start":{"line":307,"column":8},"end":{"line":307,"column":75}},"20":{"start":{"line":320,"column":8},"end":{"line":320,"column":9274}},"21":{"start":{"line":323,"column":8},"end":{"line":323,"column":62}},"22":{"start":{"line":325,"column":8},"end":{"line":325,"column":9502}},"23":{"start":{"line":327,"column":8},"end":{"line":327,"column":9587}},"24":{"start":{"line":330,"column":8},"end":{"line":330,"column":37}},"25":{"start":{"line":342,"column":8},"end":{"line":342,"column":10037}},"26":{"start":{"line":350,"column":8},"end":{"line":350,"column":10292}},"27":{"start":{"line":357,"column":8},"end":{"line":357,"column":10558}},"28":{"start":{"line":364,"column":8},"end":{"line":364,"column":10877}},"29":{"start":{"line":367,"column":8},"end":{"line":367,"column":10950}},"30":{"start":{"line":403,"column":8},"end":{"line":403,"column":60}},"31":{"start":{"line":411,"column":8},"end":{"line":411,"column":12508}},"32":{"start":{"line":416,"column":8},"end":{"line":416,"column":12634}},"33":{"start":{"line":420,"column":8},"end":{"line":420,"column":12784}},"34":{"start":{"line":424,"column":8},"end":{"line":424,"column":12887}},"35":{"start":{"line":438,"column":8},"end":{"line":438,"column":60}},"36":{"start":{"line":447,"column":8},"end":{"line":447,"column":13655}},"37":{"start":{"line":450,"column":8},"end":{"line":450,"column":13777}},"38":{"start":{"line":454,"column":8},"end":{"line":454,"column":13909}},"39":{"start":{"line":486,"column":8},"end":{"line":486,"column":15304}},"40":{"start":{"line":489,"column":12},"end":{"line":489,"column":15460}},"41":{"start":{"line":498,"column":8},"end":{"line":498,"column":33}},"42":{"start":{"line":506,"column":8},"end":{"line":506,"column":15992}},"43":{"start":{"line":517,"column":8},"end":{"line":517,"column":16259}},"44":{"start":{"line":548,"column":8},"end":{"line":548,"column":17101}},"45":{"start":{"line":549,"column":12},"end":{"line":549,"column":32}},"46":{"start":{"line":551,"column":12},"end":{"line":551,"column":30}}},"branchMap":{"1":{"line":128,"type":"if","locations":[{"start":{"line":128,"column":8},"end":{"line":128,"column":8}},{"start":{"line":128,"column":8},"end":{"line":128,"column":8}}]},"2":{"line":159,"type":"if","locations":[{"start":{"line":159,"column":8},"end":{"line":159,"column":8}},{"start":{"line":159,"column":8},"end":{"line":159,"column":8}}]},"3":{"line":188,"type":"if","locations":[{"start":{"line":188,"column":8},"end":{"line":188,"column":8}},{"start":{"line":188,"column":8},"end":{"line":188,"column":8}}]},"4":{"line":217,"type":"if","locations":[{"start":{"line":217,"column":8},"end":{"line":217,"column":8}},{"start":{"line":217,"column":8},"end":{"line":217,"column":8}}]},"5":{"line":247,"type":"if","locations":[{"start":{"line":247,"column":8},"end":{"line":247,"column":8}},{"start":{"line":247,"column":8},"end":{"line":247,"column":8}}]},"6":{"line":367,"type":"if","locations":[{"start":{"line":367,"column":8},"end":{"line":367,"column":8}},{"start":{"line":367,"column":8},"end":{"line":367,"column":8}}]},"7":{"line":416,"type":"if","locations":[{"start":{"line":416,"column":8},"end":{"line":416,"column":8}},{"start":{"line":416,"column":8},"end":{"line":416,"column":8}}]},"8":{"line":424,"type":"if","locations":[{"start":{"line":424,"column":8},"end":{"line":424,"column":8}},{"start":{"line":424,"column":8},"end":{"line":424,"column":8}}]},"9":{"line":482,"type":"if","locations":[{"start":{"line":482,"column":14},"end":{"line":483,"column":35}},{"start":{"line":484,"column":14},"end":{"line":484,"column":14}}]},"10":{"line":486,"type":"if","locations":[{"start":{"line":486,"column":8},"end":{"line":486,"column":8}},{"start":{"line":486,"column":8},"end":{"line":486,"column":8}}]},"11":{"line":548,"type":"if","locations":[{"start":{"line":548,"column":8},"end":{"line":548,"column":8}},{"start":{"line":548,"column":8},"end":{"line":548,"column":8}}]}}},"contracts/AAVE/AAVEReserveConfigurationGetter.sol":{"l":{"77":0,"88":0,"101":0,"116":0,"130":0,"143":0,"156":0,"171":0,"183":0,"194":0,"205":0,"218":2,"233":0,"246":0,"259":0,"271":0,"284":0,"299":0,"324":0,"326":0,"357":1,"359":1,"384":0,"386":0},"path":"/Users/cola/Documents/codes/solidity/OK/LendingAggregator/contracts/AAVE/AAVEReserveConfigurationGetter.sol","s":{"1":0,"2":0,"3":0,"4":0,"5":0,"6":0,"7":0,"8":0,"9":0,"10":0,"11":0,"12":2,"13":0,"14":0,"15":0,"16":0,"17":0,"18":0,"19":0,"20":0,"21":1,"22":1,"23":0,"24":0},"b":{},"f":{"1":0,"2":0,"3":0,"4":0,"5":0,"6":0,"7":0,"8":0,"9":0,"10":0,"11":0,"12":2,"13":0,"14":0,"15":0,"16":0,"17":0,"18":0,"19":0,"20":1,"21":0},"fnMap":{"1":{"name":"getLtv","line":72,"loc":{"start":{"line":72,"column":4},"end":{"line":78,"column":4}}},"2":{"name":"getLiquidationThreshold","line":85,"loc":{"start":{"line":85,"column":4},"end":{"line":91,"column":4}}},"3":{"name":"getLiquidationBonus","line":98,"loc":{"start":{"line":98,"column":4},"end":{"line":104,"column":4}}},"4":{"name":"getDecimals","line":111,"loc":{"start":{"line":111,"column":4},"end":{"line":118,"column":4}}},"5":{"name":"getActive","line":125,"loc":{"start":{"line":125,"column":4},"end":{"line":131,"column":4}}},"6":{"name":"getFrozen","line":138,"loc":{"start":{"line":138,"column":4},"end":{"line":144,"column":4}}},"7":{"name":"getPaused","line":151,"loc":{"start":{"line":151,"column":4},"end":{"line":157,"column":4}}},"8":{"name":"getBorrowableInIsolation","line":168,"loc":{"start":{"line":168,"column":4},"end":{"line":172,"column":4}}},"9":{"name":"getSiloedBorrowing","line":180,"loc":{"start":{"line":180,"column":4},"end":{"line":184,"column":4}}},"10":{"name":"getBorrowingEnabled","line":191,"loc":{"start":{"line":191,"column":4},"end":{"line":195,"column":4}}},"11":{"name":"getStableRateBorrowingEnabled","line":202,"loc":{"start":{"line":202,"column":4},"end":{"line":206,"column":4}}},"12":{"name":"getReserveFactor","line":213,"loc":{"start":{"line":213,"column":4},"end":{"line":221,"column":4}}},"13":{"name":"getBorrowCap","line":228,"loc":{"start":{"line":228,"column":4},"end":{"line":234,"column":4}}},"14":{"name":"getSupplyCap","line":241,"loc":{"start":{"line":241,"column":4},"end":{"line":247,"column":4}}},"15":{"name":"getDebtCeiling","line":254,"loc":{"start":{"line":254,"column":4},"end":{"line":261,"column":4}}},"16":{"name":"getLiquidationProtocolFee","line":268,"loc":{"start":{"line":268,"column":4},"end":{"line":274,"column":4}}},"17":{"name":"getUnbackedMintCap","line":281,"loc":{"start":{"line":281,"column":4},"end":{"line":287,"column":4}}},"18":{"name":"getEModeCategory","line":294,"loc":{"start":{"line":294,"column":4},"end":{"line":302,"column":4}}},"19":{"name":"getFlags","line":313,"loc":{"start":{"line":313,"column":4},"end":{"line":333,"column":4}}},"20":{"name":"getParams","line":345,"loc":{"start":{"line":345,"column":4},"end":{"line":371,"column":4}}},"21":{"name":"getCaps","line":379,"loc":{"start":{"line":379,"column":4},"end":{"line":390,"column":4}}}},"statementMap":{"1":{"start":{"line":77,"column":8},"end":{"line":77,"column":36}},"2":{"start":{"line":88,"column":8},"end":{"line":88,"column":5830}},"3":{"start":{"line":101,"column":8},"end":{"line":101,"column":6247}},"4":{"start":{"line":116,"column":8},"end":{"line":116,"column":6716}},"5":{"start":{"line":130,"column":8},"end":{"line":130,"column":46}},"6":{"start":{"line":143,"column":8},"end":{"line":143,"column":46}},"7":{"start":{"line":156,"column":8},"end":{"line":156,"column":46}},"8":{"start":{"line":171,"column":8},"end":{"line":171,"column":63}},"9":{"start":{"line":183,"column":8},"end":{"line":183,"column":56}},"10":{"start":{"line":194,"column":8},"end":{"line":194,"column":49}},"11":{"start":{"line":205,"column":8},"end":{"line":205,"column":56}},"12":{"start":{"line":218,"column":8},"end":{"line":218,"column":10035}},"13":{"start":{"line":233,"column":8},"end":{"line":233,"column":78}},"14":{"start":{"line":246,"column":8},"end":{"line":246,"column":78}},"15":{"start":{"line":259,"column":8},"end":{"line":259,"column":11274}},"16":{"start":{"line":271,"column":8},"end":{"line":271,"column":11643}},"17":{"start":{"line":284,"column":8},"end":{"line":284,"column":12059}},"18":{"start":{"line":299,"column":8},"end":{"line":299,"column":12476}},"19":{"start":{"line":324,"column":8},"end":{"line":324,"column":37}},"20":{"start":{"line":326,"column":8},"end":{"line":326,"column":13228}},"21":{"start":{"line":357,"column":8},"end":{"line":357,"column":37}},"22":{"start":{"line":359,"column":8},"end":{"line":359,"column":14297}},"23":{"start":{"line":384,"column":8},"end":{"line":384,"column":37}},"24":{"start":{"line":386,"column":8},"end":{"line":386,"column":15295}}},"branchMap":{}},"contracts/AAVE/IAAVEInterestRateStrategy.sol":{"l":{},"path":"/Users/cola/Documents/codes/solidity/OK/LendingAggregator/contracts/AAVE/IAAVEInterestRateStrategy.sol","s":{},"b":{},"f":{},"fnMap":{},"statementMap":{},"branchMap":{}},"contracts/AAVE/IAAVEPool.sol":{"l":{},"path":"/Users/cola/Documents/codes/solidity/OK/LendingAggregator/contracts/AAVE/IAAVEPool.sol","s":{},"b":{},"f":{},"fnMap":{},"statementMap":{},"branchMap":{}},"contracts/AAVE/IAAVEPriceOracleGetter.sol":{"l":{},"path":"/Users/cola/Documents/codes/solidity/OK/LendingAggregator/contracts/AAVE/IAAVEPriceOracleGetter.sol","s":{},"b":{},"f":{},"fnMap":{},"statementMap":{},"branchMap":{}},"contracts/AAVE/IAToken.sol":{"l":{},"path":"/Users/cola/Documents/codes/solidity/OK/LendingAggregator/contracts/AAVE/IAToken.sol","s":{},"b":{},"f":{},"fnMap":{},"statementMap":{},"branchMap":{}},"contracts/AAVE/IPoolAddressesProvider.sol":{"l":{},"path":"/Users/cola/Documents/codes/solidity/OK/LendingAggregator/contracts/AAVE/IPoolAddressesProvider.sol","s":{},"b":{},"f":{},"fnMap":{},"statementMap":{},"branchMap":{}},"contracts/AAVE/IScaledBalanceToken.sol":{"l":{},"path":"/Users/cola/Documents/codes/solidity/OK/LendingAggregator/contracts/AAVE/IScaledBalanceToken.sol","s":{},"b":{},"f":{},"fnMap":{},"statementMap":{},"branchMap":{}},"contracts/AAVE/IVariableDebtToken.sol":{"l":{},"path":"/Users/cola/Documents/codes/solidity/OK/LendingAggregator/contracts/AAVE/IVariableDebtToken.sol","s":{},"b":{},"f":{},"fnMap":{},"statementMap":{},"branchMap":{}},"contracts/Compound/CERC20Interface.sol":{"l":{},"path":"/Users/cola/Documents/codes/solidity/OK/LendingAggregator/contracts/Compound/CERC20Interface.sol","s":{},"b":{},"f":{},"fnMap":{},"statementMap":{},"branchMap":{}},"contracts/Compound/CETHInterface.sol":{"l":{},"path":"/Users/cola/Documents/codes/solidity/OK/LendingAggregator/contracts/Compound/CETHInterface.sol","s":{},"b":{},"f":{},"fnMap":{},"statementMap":{},"branchMap":{}},"contracts/Compound/CompoundLogic.sol":{"l":{"46":1,"47":1,"48":1,"49":1,"50":1,"52":1,"63":0,"64":0,"65":0,"71":0,"73":0,"83":0,"84":0,"85":0,"97":0,"98":0,"99":0,"105":0,"106":0,"117":0,"118":0,"120":0,"131":0,"132":0,"133":0,"134":0,"147":0,"148":0,"149":0,"153":0,"154":0,"159":0,"168":0,"169":0,"170":0,"176":0,"178":0,"190":0,"191":0,"203":0,"204":0,"216":0,"217":0,"218":0,"222":0,"223":0,"236":0,"237":0,"259":0,"260":0,"264":0,"269":0,"274":0,"280":0,"284":0,"287":0,"291":0,"295":0,"299":0,"302":0,"305":0,"321":0,"322":0,"328":0,"329":0,"342":0,"343":0,"344":0,"355":0,"358":0,"359":0,"360":0,"362":0,"369":0,"370":0,"372":0,"374":0,"378":0,"384":0,"385":0,"388":0,"390":0,"392":0,"393":0,"402":0,"407":0,"409":0,"414":0,"417":0,"418":0,"420":0,"424":0,"425":0,"430":0,"438":0,"443":0,"444":0,"447":0,"450":0,"451":0,"452":0,"460":0,"469":0,"470":0,"477":0,"479":0,"490":0,"494":0,"495":0,"496":0,"497":0,"509":0,"510":0,"511":0,"513":0,"516":0,"522":0,"524":0,"545":0,"546":0,"547":0,"548":0,"550":0,"552":0,"553":0,"556":0,"557":0,"559":0,"560":0,"564":0,"577":0,"588":0,"599":0,"605":0,"606":0,"607":0,"610":0,"614":0,"618":0,"626":0,"642":0,"648":0,"649":0,"650":0,"653":0,"657":0,"661":0,"669":0,"670":0,"672":0,"673":0,"674":0,"682":0,"683":0,"685":0,"688":0,"689":0,"690":0},"path":"/Users/cola/Documents/codes/solidity/OK/LendingAggregator/contracts/Compound/CompoundLogic.sol","s":{"1":1,"2":1,"3":0,"4":0,"5":0,"6":0,"7":0,"8":0,"9":0,"10":0,"11":0,"12":0,"13":0,"14":0,"15":0,"16":0,"17":0,"18":0,"19":0,"20":0,"21":0,"22":0,"23":0,"24":0,"25":0,"26":0,"27":0,"28":0,"29":0,"30":0,"31":0,"32":0,"33":0,"34":0,"35":0,"36":0,"37":0,"38":0,"39":0,"40":0,"41":0,"42":0,"43":0,"44":0,"45":0,"46":0,"47":0,"48":0,"49":0,"50":0,"51":0,"52":0,"53":0,"54":0,"55":0,"56":0,"57":0,"58":0,"59":0,"60":0,"61":0,"62":0,"63":0,"64":0,"65":0,"66":0,"67":0,"68":0,"69":0,"70":0,"71":0,"72":0,"73":0,"74":0,"75":0,"76":0,"77":0,"78":0,"79":0,"80":0,"81":0,"82":0,"83":0,"84":0,"85":0,"86":0,"87":0,"88":0,"89":0,"90":0,"91":0},"b":{"1":[1,0],"2":[0,0],"3":[0,0],"4":[0,0],"5":[0,0],"6":[0,0],"7":[0,0],"8":[0,0],"9":[0,0],"10":[0,0],"11":[0,0],"12":[0,0],"13":[0,0],"14":[0,0],"15":[0,0]},"f":{"1":1,"2":0,"3":0,"4":0,"5":0,"6":0,"7":0,"8":0,"9":0,"10":0,"11":0,"12":0,"13":0,"14":0,"15":0,"16":0,"17":0,"18":0,"19":0,"20":0,"21":0,"22":0,"23":0,"24":0,"25":0,"26":0,"27":0,"28":0,"29":0,"30":0},"fnMap":{"1":{"name":"constructor","line":41,"loc":{"start":{"line":41,"column":4},"end":{"line":53,"column":4}}},"2":{"name":"setInitialized","line":57,"loc":{"start":{"line":57,"column":4},"end":{"line":57,"column":68}}},"3":{"name":"updateSupplyShare","line":59,"loc":{"start":{"line":59,"column":4},"end":{"line":77,"column":4}}},"4":{"name":"updateBorrowShare","line":79,"loc":{"start":{"line":79,"column":4},"end":{"line":89,"column":4}}},"5":{"name":"lastSupplyInterest","line":91,"loc":{"start":{"line":91,"column":4},"end":{"line":109,"column":4}}},"6":{"name":"lastBorrowInterest","line":111,"loc":{"start":{"line":111,"column":4},"end":{"line":124,"column":4}}},"7":{"name":"getAddAssetData","line":126,"loc":{"start":{"line":126,"column":4},"end":{"line":138,"column":4}}},"8":{"name":"getSupplyData","line":141,"loc":{"start":{"line":141,"column":4},"end":{"line":160,"column":4}}},"9":{"name":"getRedeemData","line":162,"loc":{"start":{"line":162,"column":4},"end":{"line":182,"column":4}}},"10":{"name":"getRedeemAllData","line":184,"loc":{"start":{"line":184,"column":4},"end":{"line":195,"column":4}}},"11":{"name":"getBorrowData","line":197,"loc":{"start":{"line":197,"column":4},"end":{"line":208,"column":4}}},"12":{"name":"getRepayData","line":210,"loc":{"start":{"line":210,"column":4},"end":{"line":228,"column":4}}},"13":{"name":"getClaimRewardData","line":230,"loc":{"start":{"line":230,"column":4},"end":{"line":241,"column":4}}},"14":{"name":"getClaimUserRewardData","line":243,"loc":{"start":{"line":243,"column":4},"end":{"line":311,"column":4}}},"15":{"name":"supplyOf","line":315,"loc":{"start":{"line":315,"column":4},"end":{"line":334,"column":4}}},"16":{"name":"debtOf","line":336,"loc":{"start":{"line":336,"column":4},"end":{"line":347,"column":4}}},"17":{"name":"totalColletralAndBorrow","line":349,"loc":{"start":{"line":349,"column":4},"end":{"line":394,"column":4}}},"18":{"name":"supplyToTargetSupplyRate","line":396,"loc":{"start":{"line":396,"column":4},"end":{"line":431,"column":4}}},"19":{"name":"borrowToTargetBorrowRate","line":433,"loc":{"start":{"line":433,"column":4},"end":{"line":461,"column":4}}},"20":{"name":"getUsageParams","line":463,"loc":{"start":{"line":463,"column":4},"end":{"line":491,"column":4}}},"21":{"name":"updateCTokenList","line":493,"loc":{"start":{"line":493,"column":4},"end":{"line":498,"column":4}}},"22":{"name":"getAccountSnapshot","line":500,"loc":{"start":{"line":500,"column":4},"end":{"line":533,"column":4}}},"23":{"name":"accrueInterest","line":535,"loc":{"start":{"line":535,"column":4},"end":{"line":569,"column":4}}},"24":{"name":"getCurrentSupplyRate","line":571,"loc":{"start":{"line":571,"column":4},"end":{"line":580,"column":4}}},"25":{"name":"getCurrentBorrowRate","line":582,"loc":{"start":{"line":582,"column":4},"end":{"line":591,"column":4}}},"26":{"name":"getRewardSupplyData","line":593,"loc":{"start":{"line":593,"column":4},"end":{"line":619,"column":4}}},"27":{"name":"getRouterRewardSupplyData","line":621,"loc":{"start":{"line":621,"column":4},"end":{"line":634,"column":4}}},"28":{"name":"getRewardBorrowData","line":636,"loc":{"start":{"line":636,"column":4},"end":{"line":662,"column":4}}},"29":{"name":"newSupplyReward","line":664,"loc":{"start":{"line":664,"column":4},"end":{"line":675,"column":4}}},"30":{"name":"newBorrowReward","line":677,"loc":{"start":{"line":677,"column":4},"end":{"line":691,"column":4}}}},"statementMap":{"1":{"start":{"line":47,"column":8},"end":{"line":47,"column":56}},"2":{"start":{"line":48,"column":8},"end":{"line":48,"column":60}},"3":{"start":{"line":63,"column":8},"end":{"line":63,"column":70}},"4":{"start":{"line":64,"column":8},"end":{"line":64,"column":51}},"5":{"start":{"line":65,"column":8},"end":{"line":65,"column":1926}},"6":{"start":{"line":71,"column":8},"end":{"line":71,"column":74}},"7":{"start":{"line":83,"column":8},"end":{"line":83,"column":70}},"8":{"start":{"line":84,"column":8},"end":{"line":84,"column":73}},"9":{"start":{"line":97,"column":8},"end":{"line":97,"column":70}},"10":{"start":{"line":98,"column":8},"end":{"line":98,"column":51}},"11":{"start":{"line":99,"column":8},"end":{"line":99,"column":3001}},"12":{"start":{"line":105,"column":8},"end":{"line":105,"column":74}},"13":{"start":{"line":106,"column":8},"end":{"line":106,"column":3237}},"14":{"start":{"line":117,"column":8},"end":{"line":117,"column":70}},"15":{"start":{"line":118,"column":8},"end":{"line":118,"column":73}},"16":{"start":{"line":120,"column":8},"end":{"line":120,"column":3691}},"17":{"start":{"line":131,"column":8},"end":{"line":131,"column":55}},"18":{"start":{"line":148,"column":8},"end":{"line":148,"column":4542}},"19":{"start":{"line":169,"column":8},"end":{"line":169,"column":73}},"20":{"start":{"line":170,"column":8},"end":{"line":170,"column":5336}},"21":{"start":{"line":176,"column":8},"end":{"line":176,"column":74}},"22":{"start":{"line":217,"column":8},"end":{"line":217,"column":6661}},"23":{"start":{"line":259,"column":8},"end":{"line":259,"column":70}},"24":{"start":{"line":260,"column":8},"end":{"line":260,"column":7815}},"25":{"start":{"line":264,"column":8},"end":{"line":264,"column":7953}},"26":{"start":{"line":295,"column":8},"end":{"line":295,"column":8996}},"27":{"start":{"line":305,"column":8},"end":{"line":305,"column":9394}},"28":{"start":{"line":321,"column":8},"end":{"line":321,"column":70}},"29":{"start":{"line":322,"column":8},"end":{"line":322,"column":9871}},"30":{"start":{"line":328,"column":8},"end":{"line":328,"column":56}},"31":{"start":{"line":329,"column":8},"end":{"line":329,"column":10061}},"32":{"start":{"line":342,"column":8},"end":{"line":342,"column":70}},"33":{"start":{"line":343,"column":8},"end":{"line":343,"column":73}},"34":{"start":{"line":344,"column":8},"end":{"line":344,"column":10568}},"35":{"start":{"line":355,"column":8},"end":{"line":355,"column":10882}},"36":{"start":{"line":358,"column":8},"end":{"line":358,"column":45}},"37":{"start":{"line":359,"column":8},"end":{"line":359,"column":11032}},"38":{"start":{"line":360,"column":12},"end":{"line":360,"column":51}},"39":{"start":{"line":362,"column":12},"end":{"line":362,"column":11258}},"40":{"start":{"line":369,"column":12},"end":{"line":369,"column":67}},"41":{"start":{"line":370,"column":12},"end":{"line":370,"column":70}},"42":{"start":{"line":372,"column":12},"end":{"line":372,"column":11584}},"43":{"start":{"line":384,"column":8},"end":{"line":384,"column":40}},"44":{"start":{"line":385,"column":8},"end":{"line":385,"column":12099}},"45":{"start":{"line":388,"column":8},"end":{"line":388,"column":71}},"46":{"start":{"line":390,"column":8},"end":{"line":390,"column":12308}},"47":{"start":{"line":402,"column":8},"end":{"line":402,"column":12690}},"48":{"start":{"line":409,"column":8},"end":{"line":409,"column":12916}},"49":{"start":{"line":414,"column":8},"end":{"line":414,"column":13065}},"50":{"start":{"line":417,"column":8},"end":{"line":417,"column":13157}},"51":{"start":{"line":420,"column":12},"end":{"line":420,"column":13344}},"52":{"start":{"line":430,"column":8},"end":{"line":430,"column":60}},"53":{"start":{"line":438,"column":8},"end":{"line":438,"column":13919}},"54":{"start":{"line":443,"column":8},"end":{"line":443,"column":14053}},"55":{"start":{"line":447,"column":8},"end":{"line":447,"column":14163}},"56":{"start":{"line":450,"column":8},"end":{"line":450,"column":14254}},"57":{"start":{"line":460,"column":8},"end":{"line":460,"column":60}},"58":{"start":{"line":469,"column":8},"end":{"line":469,"column":70}},"59":{"start":{"line":470,"column":8},"end":{"line":470,"column":15021}},"60":{"start":{"line":477,"column":8},"end":{"line":477,"column":72}},"61":{"start":{"line":479,"column":8},"end":{"line":479,"column":15219}},"62":{"start":{"line":490,"column":8},"end":{"line":490,"column":33}},"63":{"start":{"line":494,"column":8},"end":{"line":494,"column":67}},"64":{"start":{"line":495,"column":8},"end":{"line":495,"column":60}},"65":{"start":{"line":509,"column":8},"end":{"line":509,"column":26}},"66":{"start":{"line":510,"column":8},"end":{"line":510,"column":16370}},"67":{"start":{"line":516,"column":8},"end":{"line":516,"column":16591}},"68":{"start":{"line":522,"column":8},"end":{"line":522,"column":50}},"69":{"start":{"line":524,"column":8},"end":{"line":524,"column":16805}},"70":{"start":{"line":550,"column":8},"end":{"line":550,"column":72}},"71":{"start":{"line":552,"column":8},"end":{"line":552,"column":17719}},"72":{"start":{"line":553,"column":12},"end":{"line":553,"column":17815}},"73":{"start":{"line":556,"column":12},"end":{"line":556,"column":74}},"74":{"start":{"line":557,"column":12},"end":{"line":557,"column":18028}},"75":{"start":{"line":577,"column":8},"end":{"line":577,"column":18659}},"76":{"start":{"line":588,"column":8},"end":{"line":588,"column":18929}},"77":{"start":{"line":599,"column":8},"end":{"line":599,"column":19263}},"78":{"start":{"line":605,"column":8},"end":{"line":605,"column":54}},"79":{"start":{"line":606,"column":8},"end":{"line":606,"column":19547}},"80":{"start":{"line":618,"column":8},"end":{"line":618,"column":73}},"81":{"start":{"line":626,"column":8},"end":{"line":626,"column":20233}},"82":{"start":{"line":642,"column":8},"end":{"line":642,"column":20730}},"83":{"start":{"line":648,"column":8},"end":{"line":648,"column":54}},"84":{"start":{"line":649,"column":8},"end":{"line":649,"column":21014}},"85":{"start":{"line":661,"column":8},"end":{"line":661,"column":73}},"86":{"start":{"line":669,"column":8},"end":{"line":669,"column":78}},"87":{"start":{"line":670,"column":8},"end":{"line":670,"column":21862}},"88":{"start":{"line":674,"column":8},"end":{"line":674,"column":22}},"89":{"start":{"line":682,"column":8},"end":{"line":682,"column":78}},"90":{"start":{"line":683,"column":8},"end":{"line":683,"column":22399}},"91":{"start":{"line":690,"column":8},"end":{"line":690,"column":22}}},"branchMap":{"1":{"line":48,"type":"if","locations":[{"start":{"line":48,"column":8},"end":{"line":48,"column":8}},{"start":{"line":48,"column":8},"end":{"line":48,"column":8}}]},"2":{"line":148,"type":"if","locations":[{"start":{"line":148,"column":8},"end":{"line":148,"column":8}},{"start":{"line":148,"column":8},"end":{"line":148,"column":8}}]},"3":{"line":217,"type":"if","locations":[{"start":{"line":217,"column":8},"end":{"line":217,"column":8}},{"start":{"line":217,"column":8},"end":{"line":217,"column":8}}]},"4":{"line":331,"type":"if","locations":[{"start":{"line":331,"column":18},"end":{"line":332,"column":66}},{"start":{"line":333,"column":18},"end":{"line":333,"column":18}}]},"5":{"line":370,"type":"if","locations":[{"start":{"line":370,"column":12},"end":{"line":370,"column":12}},{"start":{"line":370,"column":12},"end":{"line":370,"column":12}}]},"6":{"line":388,"type":"if","locations":[{"start":{"line":388,"column":8},"end":{"line":388,"column":8}},{"start":{"line":388,"column":8},"end":{"line":388,"column":8}}]},"7":{"line":417,"type":"if","locations":[{"start":{"line":417,"column":8},"end":{"line":417,"column":8}},{"start":{"line":417,"column":8},"end":{"line":417,"column":8}}]},"8":{"line":443,"type":"if","locations":[{"start":{"line":443,"column":8},"end":{"line":443,"column":8}},{"start":{"line":443,"column":8},"end":{"line":443,"column":8}}]},"9":{"line":450,"type":"if","locations":[{"start":{"line":450,"column":8},"end":{"line":450,"column":8}},{"start":{"line":450,"column":8},"end":{"line":450,"column":8}}]},"10":{"line":495,"type":"if","locations":[{"start":{"line":495,"column":8},"end":{"line":495,"column":8}},{"start":{"line":495,"column":8},"end":{"line":495,"column":8}}]},"11":{"line":510,"type":"if","locations":[{"start":{"line":510,"column":8},"end":{"line":510,"column":8}},{"start":{"line":510,"column":8},"end":{"line":510,"column":8}}]},"12":{"line":529,"type":"if","locations":[{"start":{"line":529,"column":18},"end":{"line":530,"column":51}},{"start":{"line":531,"column":18},"end":{"line":531,"column":18}}]},"13":{"line":552,"type":"if","locations":[{"start":{"line":552,"column":8},"end":{"line":552,"column":8}},{"start":{"line":552,"column":8},"end":{"line":552,"column":8}}]},"14":{"line":606,"type":"if","locations":[{"start":{"line":606,"column":8},"end":{"line":606,"column":8}},{"start":{"line":606,"column":8},"end":{"line":606,"column":8}}]},"15":{"line":649,"type":"if","locations":[{"start":{"line":649,"column":8},"end":{"line":649,"column":8}},{"start":{"line":649,"column":8},"end":{"line":649,"column":8}}]}}},"contracts/Compound/ComptrollerInterface.sol":{"l":{},"path":"/Users/cola/Documents/codes/solidity/OK/LendingAggregator/contracts/Compound/ComptrollerInterface.sol","s":{},"b":{},"f":{},"fnMap":{},"statementMap":{},"branchMap":{}},"contracts/Compound/CTokenInterface.sol":{"l":{},"path":"/Users/cola/Documents/codes/solidity/OK/LendingAggregator/contracts/Compound/CTokenInterface.sol","s":{},"b":{},"f":{},"fnMap":{},"statementMap":{},"branchMap":{}},"contracts/Compound/InterestRateModel.sol":{"l":{},"path":"/Users/cola/Documents/codes/solidity/OK/LendingAggregator/contracts/Compound/InterestRateModel.sol","s":{},"b":{},"f":{},"fnMap":{},"statementMap":{},"branchMap":{}},"contracts/Compound/IOracle.sol":{"l":{},"path":"/Users/cola/Documents/codes/solidity/OK/LendingAggregator/contracts/Compound/IOracle.sol","s":{},"b":{},"f":{},"fnMap":{},"statementMap":{},"branchMap":{}},"contracts/Config.sol":{"l":{"20":0,"24":0,"28":0,"29":0,"33":0,"34":0,"42":0,"49":0,"57":0,"61":0,"65":0,"66":0,"67":0,"69":0,"78":0,"82":0,"83":0,"84":0,"86":0,"96":0},"path":"/Users/cola/Documents/codes/solidity/OK/LendingAggregator/contracts/Config.sol","s":{"1":0,"2":0,"3":0,"4":0,"5":0,"6":0,"7":0,"8":0,"9":0,"10":0,"11":0},"b":{"1":[0,0],"2":[0,0],"3":[0,0],"4":[0,0],"5":[0,0],"6":[0,0],"7":[0,0],"8":[0,0],"9":[0,0],"10":[0,0],"11":[0,0],"12":[0,0]},"f":{"1":0,"2":0,"3":0,"4":0,"5":0,"6":0,"7":0,"8":0},"fnMap":{"1":{"name":"onlyRouterOrOwner","line":19,"loc":{"start":{"line":19,"column":4},"end":{"line":25,"column":4}}},"2":{"name":"onlyRouter","line":27,"loc":{"start":{"line":27,"column":4},"end":{"line":30,"column":4}}},"3":{"name":"constructor","line":32,"loc":{"start":{"line":32,"column":4},"end":{"line":35,"column":4}}},"4":{"name":"setBorrowConfig","line":40,"loc":{"start":{"line":37,"column":4},"end":{"line":43,"column":4}}},"5":{"name":"setUserColletral","line":47,"loc":{"start":{"line":45,"column":4},"end":{"line":50,"column":4}}},"6":{"name":"setUsingAsCollateral","line":52,"loc":{"start":{"line":52,"column":4},"end":{"line":71,"column":4}}},"7":{"name":"setBorrowing","line":77,"loc":{"start":{"line":73,"column":4},"end":{"line":88,"column":4}}},"8":{"name":"borrowConfigs","line":90,"loc":{"start":{"line":90,"column":4},"end":{"line":97,"column":4}}}},"statementMap":{"1":{"start":{"line":20,"column":8},"end":{"line":20,"column":610}},"2":{"start":{"line":28,"column":8},"end":{"line":28,"column":59}},"3":{"start":{"line":33,"column":8},"end":{"line":33,"column":32}},"4":{"start":{"line":57,"column":8},"end":{"line":57,"column":1486}},"5":{"start":{"line":61,"column":8},"end":{"line":61,"column":1613}},"6":{"start":{"line":65,"column":8},"end":{"line":65,"column":53}},"7":{"start":{"line":66,"column":8},"end":{"line":66,"column":1798}},"8":{"start":{"line":78,"column":8},"end":{"line":78,"column":2116}},"9":{"start":{"line":82,"column":8},"end":{"line":82,"column":47}},"10":{"start":{"line":83,"column":8},"end":{"line":83,"column":2295}},"11":{"start":{"line":96,"column":8},"end":{"line":96,"column":37}}},"branchMap":{"1":{"line":20,"type":"if","locations":[{"start":{"line":20,"column":8},"end":{"line":20,"column":8}},{"start":{"line":20,"column":8},"end":{"line":20,"column":8}}]},"2":{"line":21,"type":"cond-expr","locations":[{"start":{"line":21,"column":12},"end":{"line":21,"column":31}},{"start":{"line":21,"column":36},"end":{"line":21,"column":56}}]},"3":{"line":28,"type":"if","locations":[{"start":{"line":28,"column":8},"end":{"line":28,"column":8}},{"start":{"line":28,"column":8},"end":{"line":28,"column":8}}]},"4":{"line":40,"type":"if","locations":[{"start":{"line":40,"column":8},"end":{"line":40,"column":8}},{"start":{"line":40,"column":8},"end":{"line":40,"column":8}}]},"5":{"line":47,"type":"if","locations":[{"start":{"line":47,"column":8},"end":{"line":47,"column":8}},{"start":{"line":47,"column":8},"end":{"line":47,"column":8}}]},"6":{"line":57,"type":"if","locations":[{"start":{"line":57,"column":8},"end":{"line":57,"column":8}},{"start":{"line":57,"column":8},"end":{"line":57,"column":8}}]},"7":{"line":58,"type":"cond-expr","locations":[{"start":{"line":58,"column":12},"end":{"line":58,"column":31}},{"start":{"line":58,"column":36},"end":{"line":58,"column":57}}]},"8":{"line":61,"type":"if","locations":[{"start":{"line":61,"column":8},"end":{"line":61,"column":8}},{"start":{"line":61,"column":8},"end":{"line":61,"column":8}}]},"9":{"line":66,"type":"if","locations":[{"start":{"line":66,"column":8},"end":{"line":66,"column":8}},{"start":{"line":66,"column":8},"end":{"line":66,"column":8}}]},"10":{"line":77,"type":"if","locations":[{"start":{"line":77,"column":24},"end":{"line":77,"column":24}},{"start":{"line":77,"column":24},"end":{"line":77,"column":24}}]},"11":{"line":78,"type":"if","locations":[{"start":{"line":78,"column":8},"end":{"line":78,"column":8}},{"start":{"line":78,"column":8},"end":{"line":78,"column":8}}]},"12":{"line":83,"type":"if","locations":[{"start":{"line":83,"column":8},"end":{"line":83,"column":8}},{"start":{"line":83,"column":8},"end":{"line":83,"column":8}}]}}},"contracts/DToken.sol":{"l":{"26":0,"27":0,"36":0,"37":0,"38":0,"39":0,"47":0,"50":0,"58":0,"61":0,"70":0,"79":0,"82":0,"89":0,"93":0,"94":0,"95":0,"96":0,"100":0,"102":0,"103":0,"104":0,"105":0,"107":0,"109":0},"path":"/Users/cola/Documents/codes/solidity/OK/LendingAggregator/contracts/DToken.sol","s":{"1":0,"2":0,"3":0,"4":0,"5":0,"6":0,"7":0,"8":0,"9":0,"10":0,"11":0,"12":0},"b":{"1":[0,0],"2":[0,0],"3":[0,0],"4":[0,0],"5":[0,0],"6":[0,0],"7":[0,0],"8":[0,0],"9":[0,0]},"f":{"1":0,"2":0,"3":0,"4":0,"5":0,"6":0,"7":0,"8":0,"9":0},"fnMap":{"1":{"name":"onlyRouter","line":25,"loc":{"start":{"line":25,"column":4},"end":{"line":28,"column":4}}},"2":{"name":"constructor","line":30,"loc":{"start":{"line":30,"column":4},"end":{"line":40,"column":4}}},"3":{"name":"mint","line":46,"loc":{"start":{"line":42,"column":4},"end":{"line":51,"column":4}}},"4":{"name":"burn","line":57,"loc":{"start":{"line":53,"column":4},"end":{"line":62,"column":4}}},"5":{"name":"scaledDebtOf","line":64,"loc":{"start":{"line":64,"column":4},"end":{"line":71,"column":4}}},"6":{"name":"scaledAmount","line":73,"loc":{"start":{"line":73,"column":4},"end":{"line":86,"column":4}}},"7":{"name":"totalDebt","line":88,"loc":{"start":{"line":88,"column":4},"end":{"line":90,"column":4}}},"8":{"name":"_mint","line":92,"loc":{"start":{"line":92,"column":4},"end":{"line":97,"column":4}}},"9":{"name":"_burn","line":99,"loc":{"start":{"line":99,"column":4},"end":{"line":110,"column":4}}}},"statementMap":{"1":{"start":{"line":26,"column":8},"end":{"line":26,"column":67}},"2":{"start":{"line":50,"column":8},"end":{"line":50,"column":30}},"3":{"start":{"line":61,"column":8},"end":{"line":61,"column":30}},"4":{"start":{"line":70,"column":8},"end":{"line":70,"column":48}},"5":{"start":{"line":79,"column":8},"end":{"line":79,"column":2008}},"6":{"start":{"line":82,"column":8},"end":{"line":82,"column":2128}},"7":{"start":{"line":93,"column":8},"end":{"line":93,"column":72}},"8":{"start":{"line":96,"column":8},"end":{"line":96,"column":34}},"9":{"start":{"line":100,"column":8},"end":{"line":100,"column":74}},"10":{"start":{"line":102,"column":8},"end":{"line":102,"column":51}},"11":{"start":{"line":103,"column":8},"end":{"line":103,"column":78}},"12":{"start":{"line":109,"column":8},"end":{"line":109,"column":34}}},"branchMap":{"1":{"line":26,"type":"if","locations":[{"start":{"line":26,"column":8},"end":{"line":26,"column":8}},{"start":{"line":26,"column":8},"end":{"line":26,"column":8}}]},"2":{"line":46,"type":"if","locations":[{"start":{"line":46,"column":24},"end":{"line":46,"column":24}},{"start":{"line":46,"column":24},"end":{"line":46,"column":24}}]},"3":{"line":48,"type":"if","locations":[{"start":{"line":48,"column":14},"end":{"line":48,"column":67}},{"start":{"line":49,"column":14},"end":{"line":49,"column":32}}]},"4":{"line":57,"type":"if","locations":[{"start":{"line":57,"column":24},"end":{"line":57,"column":24}},{"start":{"line":57,"column":24},"end":{"line":57,"column":24}}]},"5":{"line":59,"type":"if","locations":[{"start":{"line":59,"column":14},"end":{"line":59,"column":67}},{"start":{"line":60,"column":14},"end":{"line":60,"column":32}}]},"6":{"line":84,"type":"if","locations":[{"start":{"line":84,"column":18},"end":{"line":84,"column":63}},{"start":{"line":85,"column":18},"end":{"line":85,"column":24}}]},"7":{"line":93,"type":"if","locations":[{"start":{"line":93,"column":8},"end":{"line":93,"column":8}},{"start":{"line":93,"column":8},"end":{"line":93,"column":8}}]},"8":{"line":100,"type":"if","locations":[{"start":{"line":100,"column":8},"end":{"line":100,"column":8}},{"start":{"line":100,"column":8},"end":{"line":100,"column":8}}]},"9":{"line":103,"type":"if","locations":[{"start":{"line":103,"column":8},"end":{"line":103,"column":8}},{"start":{"line":103,"column":8},"end":{"line":103,"column":8}}]}}},"contracts/Factory.sol":{"l":{"14":0,"22":0,"45":0},"path":"/Users/cola/Documents/codes/solidity/OK/LendingAggregator/contracts/Factory.sol","s":{"1":0,"2":0},"b":{},"f":{"1":0,"2":0,"3":0},"fnMap":{"1":{"name":"newConfig","line":13,"loc":{"start":{"line":13,"column":4},"end":{"line":15,"column":4}}},"2":{"name":"newAsset","line":17,"loc":{"start":{"line":17,"column":4},"end":{"line":38,"column":4}}},"3":{"name":"newProtocolsHandler","line":40,"loc":{"start":{"line":40,"column":4},"end":{"line":46,"column":4}}}},"statementMap":{"1":{"start":{"line":14,"column":8},"end":{"line":14,"column":54}},"2":{"start":{"line":45,"column":8},"end":{"line":45,"column":79}}},"branchMap":{}},"contracts/interfaces/IConfig.sol":{"l":{},"path":"/Users/cola/Documents/codes/solidity/OK/LendingAggregator/contracts/interfaces/IConfig.sol","s":{},"b":{},"f":{},"fnMap":{},"statementMap":{},"branchMap":{}},"contracts/interfaces/IDToken.sol":{"l":{},"path":"/Users/cola/Documents/codes/solidity/OK/LendingAggregator/contracts/interfaces/IDToken.sol","s":{},"b":{},"f":{},"fnMap":{},"statementMap":{},"branchMap":{}},"contracts/interfaces/IFactory.sol":{"l":{},"path":"/Users/cola/Documents/codes/solidity/OK/LendingAggregator/contracts/interfaces/IFactory.sol","s":{},"b":{},"f":{},"fnMap":{},"statementMap":{},"branchMap":{}},"contracts/interfaces/IPriceOracle.sol":{"l":{},"path":"/Users/cola/Documents/codes/solidity/OK/LendingAggregator/contracts/interfaces/IPriceOracle.sol","s":{},"b":{},"f":{},"fnMap":{},"statementMap":{},"branchMap":{}},"contracts/interfaces/IProtocol.sol":{"l":{},"path":"/Users/cola/Documents/codes/solidity/OK/LendingAggregator/contracts/interfaces/IProtocol.sol","s":{},"b":{},"f":{},"fnMap":{},"statementMap":{},"branchMap":{}},"contracts/interfaces/IProtocolsHandler.sol":{"l":{},"path":"/Users/cola/Documents/codes/solidity/OK/LendingAggregator/contracts/interfaces/IProtocolsHandler.sol","s":{},"b":{},"f":{},"fnMap":{},"statementMap":{},"branchMap":{}},"contracts/interfaces/IRewards.sol":{"l":{},"path":"/Users/cola/Documents/codes/solidity/OK/LendingAggregator/contracts/interfaces/IRewards.sol","s":{},"b":{},"f":{},"fnMap":{},"statementMap":{},"branchMap":{}},"contracts/interfaces/IRouter.sol":{"l":{},"path":"/Users/cola/Documents/codes/solidity/OK/LendingAggregator/contracts/interfaces/IRouter.sol","s":{},"b":{},"f":{},"fnMap":{},"statementMap":{},"branchMap":{}},"contracts/interfaces/ISToken.sol":{"l":{},"path":"/Users/cola/Documents/codes/solidity/OK/LendingAggregator/contracts/interfaces/ISToken.sol","s":{},"b":{},"f":{},"fnMap":{},"statementMap":{},"branchMap":{}},"contracts/interfaces/IStrategy.sol":{"l":{},"path":"/Users/cola/Documents/codes/solidity/OK/LendingAggregator/contracts/interfaces/IStrategy.sol","s":{},"b":{},"f":{},"fnMap":{},"statementMap":{},"branchMap":{}},"contracts/interfaces/IWETH.sol":{"l":{},"path":"/Users/cola/Documents/codes/solidity/OK/LendingAggregator/contracts/interfaces/IWETH.sol","s":{},"b":{},"f":{},"fnMap":{},"statementMap":{},"branchMap":{}},"contracts/libraries/Math.sol":{"l":{"6":1,"11":1,"12":1,"13":1,"14":1,"15":76,"16":76,"19":0},"path":"/Users/cola/Documents/codes/solidity/OK/LendingAggregator/contracts/libraries/Math.sol","s":{"1":1,"2":1,"3":1,"4":1,"5":0},"b":{"1":[1,0],"2":[0,0]},"f":{"1":1,"2":1},"fnMap":{"1":{"name":"divCeil","line":5,"loc":{"start":{"line":5,"column":4},"end":{"line":7,"column":4}}},"2":{"name":"sqrt","line":10,"loc":{"start":{"line":10,"column":4},"end":{"line":21,"column":4}}}},"statementMap":{"1":{"start":{"line":6,"column":8},"end":{"line":6,"column":30}},"2":{"start":{"line":11,"column":8},"end":{"line":11,"column":387}},"3":{"start":{"line":13,"column":12},"end":{"line":13,"column":33}},"4":{"start":{"line":14,"column":12},"end":{"line":14,"column":470}},"5":{"start":{"line":18,"column":15},"end":{"line":18,"column":571}}},"branchMap":{"1":{"line":11,"type":"if","locations":[{"start":{"line":11,"column":8},"end":{"line":11,"column":8}},{"start":{"line":11,"column":8},"end":{"line":11,"column":8}}]},"2":{"line":18,"type":"if","locations":[{"start":{"line":18,"column":15},"end":{"line":18,"column":15}},{"start":{"line":18,"column":15},"end":{"line":18,"column":15}}]}}},"contracts/libraries/StrategyCalculations.sol":{"l":{"18":0,"19":0,"20":0,"21":0,"22":0,"23":0,"24":0,"32":0,"35":0,"36":0,"38":0,"40":0,"44":0,"45":0,"46":0,"50":0,"55":0,"59":0,"60":0,"63":0,"64":0,"68":0,"76":0,"80":0,"88":0,"90":0,"91":0,"95":0,"96":0,"100":0,"101":0,"109":0,"115":0,"118":0,"119":0,"121":0,"123":0,"127":0,"128":0,"129":0,"130":0,"131":0,"135":0,"136":0,"146":0,"147":0,"149":0,"150":0,"151":0,"152":0,"153":0,"161":0,"167":0,"170":0,"171":0,"173":0,"175":0,"179":0,"180":0,"181":0,"182":0,"183":0,"187":0,"188":0,"199":0,"203":0,"211":0,"215":0,"223":0,"227":0},"path":"/Users/cola/Documents/codes/solidity/OK/LendingAggregator/contracts/libraries/StrategyCalculations.sol","s":{"1":0,"2":0,"3":0,"4":0,"5":0,"6":0,"7":0,"8":0,"9":0,"10":0,"11":0,"12":0,"13":0,"14":0,"15":0,"16":0,"17":0,"18":0,"19":0,"20":0,"21":0,"22":0,"23":0,"24":0,"25":0,"26":0,"27":0,"28":0,"29":0,"30":0,"31":0,"32":0,"33":0,"34":0,"35":0,"36":0,"37":0,"38":0,"39":0,"40":0,"41":0,"42":0,"43":0},"b":{"1":[0,0],"2":[0,0],"3":[0,0],"4":[0,0],"5":[0,0],"6":[0,0],"7":[0,0],"8":[0,0],"9":[0,0],"10":[0,0],"11":[0,0],"12":[0,0],"13":[0,0],"14":[0,0],"15":[0,0],"16":[0,0],"17":[0,0],"18":[0,0],"19":[0,0]},"f":{"1":0,"2":0,"3":0,"4":0,"5":0,"6":0},"fnMap":{"1":{"name":"calculateAmountsToSupply","line":14,"loc":{"start":{"line":14,"column":4},"end":{"line":82,"column":4}}},"2":{"name":"calculateAmountsToBorrow","line":84,"loc":{"start":{"line":84,"column":4},"end":{"line":140,"column":4}}},"3":{"name":"calculateAmountsToRepay","line":142,"loc":{"start":{"line":142,"column":4},"end":{"line":192,"column":4}}},"4":{"name":"getAmountToSupply","line":194,"loc":{"start":{"line":194,"column":4},"end":{"line":204,"column":4}}},"5":{"name":"getAmountToBorrow","line":206,"loc":{"start":{"line":206,"column":4},"end":{"line":216,"column":4}}},"6":{"name":"getAmountToRepay","line":218,"loc":{"start":{"line":218,"column":4},"end":{"line":228,"column":4}}}},"statementMap":{"1":{"start":{"line":19,"column":8},"end":{"line":19,"column":35}},"2":{"start":{"line":20,"column":8},"end":{"line":20,"column":551}},"3":{"start":{"line":22,"column":12},"end":{"line":22,"column":72}},"4":{"start":{"line":23,"column":12},"end":{"line":23,"column":734}},"5":{"start":{"line":35,"column":12},"end":{"line":35,"column":1149}},"6":{"start":{"line":37,"column":19},"end":{"line":37,"column":1264}},"7":{"start":{"line":44,"column":8},"end":{"line":44,"column":1433}},"8":{"start":{"line":46,"column":12},"end":{"line":46,"column":26}},"9":{"start":{"line":50,"column":8},"end":{"line":50,"column":1658}},"10":{"start":{"line":55,"column":12},"end":{"line":55,"column":1817}},"11":{"start":{"line":63,"column":8},"end":{"line":63,"column":2064}},"12":{"start":{"line":64,"column":12},"end":{"line":64,"column":26}},"13":{"start":{"line":68,"column":8},"end":{"line":68,"column":2317}},"14":{"start":{"line":90,"column":8},"end":{"line":90,"column":35}},"15":{"start":{"line":91,"column":8},"end":{"line":91,"column":3107}},"16":{"start":{"line":96,"column":12},"end":{"line":96,"column":3319}},"17":{"start":{"line":100,"column":12},"end":{"line":100,"column":3444}},"18":{"start":{"line":101,"column":16},"end":{"line":101,"column":3515}},"19":{"start":{"line":118,"column":12},"end":{"line":118,"column":4112}},"20":{"start":{"line":120,"column":19},"end":{"line":120,"column":4227}},"21":{"start":{"line":127,"column":8},"end":{"line":127,"column":4396}},"22":{"start":{"line":128,"column":12},"end":{"line":128,"column":75}},"23":{"start":{"line":129,"column":12},"end":{"line":129,"column":4539}},"24":{"start":{"line":130,"column":16},"end":{"line":130,"column":4624}},"25":{"start":{"line":131,"column":20},"end":{"line":131,"column":4691}},"26":{"start":{"line":147,"column":8},"end":{"line":147,"column":34}},"27":{"start":{"line":149,"column":8},"end":{"line":149,"column":5249}},"28":{"start":{"line":151,"column":12},"end":{"line":151,"column":72}},"29":{"start":{"line":152,"column":12},"end":{"line":152,"column":5431}},"30":{"start":{"line":153,"column":16},"end":{"line":153,"column":5502}},"31":{"start":{"line":170,"column":12},"end":{"line":170,"column":6095}},"32":{"start":{"line":172,"column":19},"end":{"line":172,"column":6209}},"33":{"start":{"line":179,"column":8},"end":{"line":179,"column":6377}},"34":{"start":{"line":180,"column":12},"end":{"line":180,"column":74}},"35":{"start":{"line":181,"column":12},"end":{"line":181,"column":6518}},"36":{"start":{"line":182,"column":16},"end":{"line":182,"column":6603}},"37":{"start":{"line":183,"column":20},"end":{"line":183,"column":6670}},"38":{"start":{"line":199,"column":8},"end":{"line":199,"column":7126}},"39":{"start":{"line":203,"column":8},"end":{"line":203,"column":47}},"40":{"start":{"line":211,"column":8},"end":{"line":211,"column":7467}},"41":{"start":{"line":215,"column":8},"end":{"line":215,"column":47}},"42":{"start":{"line":223,"column":8},"end":{"line":223,"column":7807}},"43":{"start":{"line":227,"column":8},"end":{"line":227,"column":48}}},"branchMap":{"1":{"line":35,"type":"if","locations":[{"start":{"line":35,"column":12},"end":{"line":35,"column":12}},{"start":{"line":35,"column":12},"end":{"line":35,"column":12}}]},"2":{"line":37,"type":"if","locations":[{"start":{"line":37,"column":19},"end":{"line":37,"column":19}},{"start":{"line":37,"column":19},"end":{"line":37,"column":19}}]},"3":{"line":44,"type":"if","locations":[{"start":{"line":44,"column":8},"end":{"line":44,"column":8}},{"start":{"line":44,"column":8},"end":{"line":44,"column":8}}]},"4":{"line":63,"type":"if","locations":[{"start":{"line":63,"column":8},"end":{"line":63,"column":8}},{"start":{"line":63,"column":8},"end":{"line":63,"column":8}}]},"5":{"line":92,"type":"cond-expr","locations":[{"start":{"line":92,"column":12},"end":{"line":92,"column":56}},{"start":{"line":93,"column":12},"end":{"line":93,"column":31}}]},"6":{"line":97,"type":"if","locations":[{"start":{"line":97,"column":18},"end":{"line":97,"column":54}},{"start":{"line":98,"column":18},"end":{"line":98,"column":56}}]},"7":{"line":110,"type":"if","locations":[{"start":{"line":110,"column":22},"end":{"line":113,"column":20}},{"start":{"line":114,"column":22},"end":{"line":114,"column":22}}]},"8":{"line":118,"type":"if","locations":[{"start":{"line":118,"column":12},"end":{"line":118,"column":12}},{"start":{"line":118,"column":12},"end":{"line":118,"column":12}}]},"9":{"line":120,"type":"if","locations":[{"start":{"line":120,"column":19},"end":{"line":120,"column":19}},{"start":{"line":120,"column":19},"end":{"line":120,"column":19}}]},"10":{"line":127,"type":"if","locations":[{"start":{"line":127,"column":8},"end":{"line":127,"column":8}},{"start":{"line":127,"column":8},"end":{"line":127,"column":8}}]},"11":{"line":130,"type":"if","locations":[{"start":{"line":130,"column":16},"end":{"line":130,"column":16}},{"start":{"line":130,"column":16},"end":{"line":130,"column":16}}]},"12":{"line":162,"type":"if","locations":[{"start":{"line":162,"column":22},"end":{"line":165,"column":20}},{"start":{"line":166,"column":22},"end":{"line":166,"column":22}}]},"13":{"line":170,"type":"if","locations":[{"start":{"line":170,"column":12},"end":{"line":170,"column":12}},{"start":{"line":170,"column":12},"end":{"line":170,"column":12}}]},"14":{"line":172,"type":"if","locations":[{"start":{"line":172,"column":19},"end":{"line":172,"column":19}},{"start":{"line":172,"column":19},"end":{"line":172,"column":19}}]},"15":{"line":179,"type":"if","locations":[{"start":{"line":179,"column":8},"end":{"line":179,"column":8}},{"start":{"line":179,"column":8},"end":{"line":179,"column":8}}]},"16":{"line":182,"type":"if","locations":[{"start":{"line":182,"column":16},"end":{"line":182,"column":16}},{"start":{"line":182,"column":16},"end":{"line":182,"column":16}}]},"17":{"line":203,"type":"if","locations":[{"start":{"line":203,"column":28},"end":{"line":203,"column":42}},{"start":{"line":203,"column":46},"end":{"line":203,"column":46}}]},"18":{"line":215,"type":"if","locations":[{"start":{"line":215,"column":28},"end":{"line":215,"column":42}},{"start":{"line":215,"column":46},"end":{"line":215,"column":46}}]},"19":{"line":227,"type":"if","locations":[{"start":{"line":227,"column":28},"end":{"line":227,"column":43}},{"start":{"line":227,"column":47},"end":{"line":227,"column":47}}]}}},"contracts/libraries/TransferHelper.sol":{"l":{"10":0,"11":0,"19":0,"22":0,"33":0,"44":0,"52":0,"64":0,"65":0,"67":0,"79":0,"82":0,"93":0},"path":"/Users/cola/Documents/codes/solidity/OK/LendingAggregator/contracts/libraries/TransferHelper.sol","s":{"1":0,"2":0,"3":0,"4":0,"5":0,"6":0,"7":0,"8":0,"9":0,"10":0,"11":0,"12":0},"b":{"1":[0,0],"2":[0,0],"3":[0,0],"4":[0,0],"5":[0,0],"6":[0,0],"7":[0,0],"8":[0,0]},"f":{"1":0,"2":0,"3":0,"4":0,"5":0,"6":0,"7":0},"fnMap":{"1":{"name":"transferETH","line":9,"loc":{"start":{"line":9,"column":4},"end":{"line":12,"column":4}}},"2":{"name":"transferERC20","line":14,"loc":{"start":{"line":14,"column":4},"end":{"line":26,"column":4}}},"3":{"name":"transfer","line":28,"loc":{"start":{"line":28,"column":4},"end":{"line":36,"column":4}}},"4":{"name":"transferFrom","line":38,"loc":{"start":{"line":38,"column":4},"end":{"line":56,"column":4}}},"5":{"name":"collectTo","line":58,"loc":{"start":{"line":58,"column":4},"end":{"line":72,"column":4}}},"6":{"name":"approve","line":74,"loc":{"start":{"line":74,"column":4},"end":{"line":86,"column":4}}},"7":{"name":"balanceOf","line":88,"loc":{"start":{"line":88,"column":4},"end":{"line":97,"column":4}}}},"statementMap":{"1":{"start":{"line":10,"column":8},"end":{"line":10,"column":55}},"2":{"start":{"line":11,"column":8},"end":{"line":11,"column":52}},"3":{"start":{"line":19,"column":8},"end":{"line":19,"column":544}},"4":{"start":{"line":22,"column":8},"end":{"line":22,"column":692}},"5":{"start":{"line":44,"column":8},"end":{"line":44,"column":1193}},"6":{"start":{"line":52,"column":8},"end":{"line":52,"column":1430}},"7":{"start":{"line":64,"column":8},"end":{"line":64,"column":1703}},"8":{"start":{"line":65,"column":12},"end":{"line":65,"column":52}},"9":{"start":{"line":67,"column":12},"end":{"line":67,"column":1812}},"10":{"start":{"line":79,"column":8},"end":{"line":79,"column":2072}},"11":{"start":{"line":82,"column":8},"end":{"line":82,"column":2224}},"12":{"start":{"line":93,"column":8},"end":{"line":93,"column":2529}}},"branchMap":{"1":{"line":11,"type":"if","locations":[{"start":{"line":11,"column":8},"end":{"line":11,"column":8}},{"start":{"line":11,"column":8},"end":{"line":11,"column":8}}]},"2":{"line":22,"type":"if","locations":[{"start":{"line":22,"column":8},"end":{"line":22,"column":8}},{"start":{"line":22,"column":8},"end":{"line":22,"column":8}}]},"3":{"line":34,"type":"if","locations":[{"start":{"line":34,"column":14},"end":{"line":34,"column":38}},{"start":{"line":35,"column":14},"end":{"line":35,"column":48}}]},"4":{"line":52,"type":"if","locations":[{"start":{"line":52,"column":8},"end":{"line":52,"column":8}},{"start":{"line":52,"column":8},"end":{"line":52,"column":8}}]},"5":{"line":64,"type":"if","locations":[{"start":{"line":64,"column":8},"end":{"line":64,"column":8}},{"start":{"line":64,"column":8},"end":{"line":64,"column":8}}]},"6":{"line":67,"type":"if","locations":[{"start":{"line":67,"column":12},"end":{"line":67,"column":12}},{"start":{"line":67,"column":12},"end":{"line":67,"column":12}}]},"7":{"line":82,"type":"if","locations":[{"start":{"line":82,"column":8},"end":{"line":82,"column":8}},{"start":{"line":82,"column":8},"end":{"line":82,"column":8}}]},"8":{"line":95,"type":"if","locations":[{"start":{"line":95,"column":18},"end":{"line":95,"column":33}},{"start":{"line":96,"column":18},"end":{"line":96,"column":51}}]}}},"contracts/libraries/Types.sol":{"l":{},"path":"/Users/cola/Documents/codes/solidity/OK/LendingAggregator/contracts/libraries/Types.sol","s":{},"b":{},"f":{},"fnMap":{},"statementMap":{},"branchMap":{}},"contracts/libraries/UserAssetBitMap.sol":{"l":{"13":0,"21":0,"29":0},"path":"/Users/cola/Documents/codes/solidity/OK/LendingAggregator/contracts/libraries/UserAssetBitMap.sol","s":{"1":0,"2":0,"3":0},"b":{},"f":{"1":0,"2":0,"3":0},"fnMap":{"1":{"name":"isUsingAsCollateralOrBorrowing","line":9,"loc":{"start":{"line":9,"column":4},"end":{"line":14,"column":4}}},"2":{"name":"isBorrowing","line":16,"loc":{"start":{"line":16,"column":4},"end":{"line":22,"column":4}}},"3":{"name":"isUsingAsCollateral","line":24,"loc":{"start":{"line":24,"column":4},"end":{"line":30,"column":4}}}},"statementMap":{"1":{"start":{"line":13,"column":8},"end":{"line":13,"column":61}},"2":{"start":{"line":21,"column":8},"end":{"line":21,"column":61}},"3":{"start":{"line":29,"column":8},"end":{"line":29,"column":67}}},"branchMap":{}},"contracts/libraries/Utils.sol":{"l":{"22":0,"26":0,"33":0,"36":0,"37":0,"38":0,"43":0,"47":0,"55":0,"58":0,"59":0,"60":0,"65":0,"69":0,"77":0,"80":0,"81":0,"82":0,"87":0,"91":0},"path":"/Users/cola/Documents/codes/solidity/OK/LendingAggregator/contracts/libraries/Utils.sol","s":{"1":0,"2":0,"3":0,"4":0,"5":0,"6":0,"7":0,"8":0,"9":0,"10":0,"11":0,"12":0,"13":0,"14":0,"15":0,"16":0,"17":0},"b":{"1":[0,0],"2":[0,0],"3":[0,0],"4":[0,0],"5":[0,0],"6":[0,0],"7":[0,0],"8":[0,0]},"f":{"1":0,"2":0,"3":0,"4":0,"5":0},"fnMap":{"1":{"name":"minOf","line":21,"loc":{"start":{"line":21,"column":4},"end":{"line":23,"column":4}}},"2":{"name":"maxOf","line":25,"loc":{"start":{"line":25,"column":4},"end":{"line":27,"column":4}}},"3":{"name":"delegateCall","line":29,"loc":{"start":{"line":29,"column":4},"end":{"line":48,"column":4}}},"4":{"name":"lowLevelCall","line":50,"loc":{"start":{"line":50,"column":4},"end":{"line":70,"column":4}}},"5":{"name":"lowLevelStaticCall","line":72,"loc":{"start":{"line":72,"column":4},"end":{"line":92,"column":4}}}},"statementMap":{"1":{"start":{"line":22,"column":8},"end":{"line":22,"column":28}},"2":{"start":{"line":26,"column":8},"end":{"line":26,"column":28}},"3":{"start":{"line":33,"column":8},"end":{"line":33,"column":1258}},"4":{"start":{"line":36,"column":8},"end":{"line":36,"column":1367}},"5":{"start":{"line":37,"column":12},"end":{"line":37,"column":1399}},"6":{"start":{"line":43,"column":16},"end":{"line":43,"column":38}},"7":{"start":{"line":47,"column":8},"end":{"line":47,"column":25}},"8":{"start":{"line":55,"column":8},"end":{"line":55,"column":1890}},"9":{"start":{"line":58,"column":8},"end":{"line":58,"column":1993}},"10":{"start":{"line":59,"column":12},"end":{"line":59,"column":2025}},"11":{"start":{"line":65,"column":16},"end":{"line":65,"column":38}},"12":{"start":{"line":69,"column":8},"end":{"line":69,"column":25}},"13":{"start":{"line":77,"column":8},"end":{"line":77,"column":2494}},"14":{"start":{"line":80,"column":8},"end":{"line":80,"column":2601}},"15":{"start":{"line":81,"column":12},"end":{"line":81,"column":2633}},"16":{"start":{"line":87,"column":16},"end":{"line":87,"column":38}},"17":{"start":{"line":91,"column":8},"end":{"line":91,"column":25}}},"branchMap":{"1":{"line":22,"type":"if","locations":[{"start":{"line":22,"column":23},"end":{"line":22,"column":23}},{"start":{"line":22,"column":27},"end":{"line":22,"column":27}}]},"2":{"line":26,"type":"if","locations":[{"start":{"line":26,"column":23},"end":{"line":26,"column":23}},{"start":{"line":26,"column":27},"end":{"line":26,"column":27}}]},"3":{"line":36,"type":"if","locations":[{"start":{"line":36,"column":8},"end":{"line":36,"column":8}},{"start":{"line":36,"column":8},"end":{"line":36,"column":8}}]},"4":{"line":37,"type":"if","locations":[{"start":{"line":37,"column":12},"end":{"line":37,"column":12}},{"start":{"line":37,"column":12},"end":{"line":37,"column":12}}]},"5":{"line":58,"type":"if","locations":[{"start":{"line":58,"column":8},"end":{"line":58,"column":8}},{"start":{"line":58,"column":8},"end":{"line":58,"column":8}}]},"6":{"line":59,"type":"if","locations":[{"start":{"line":59,"column":12},"end":{"line":59,"column":12}},{"start":{"line":59,"column":12},"end":{"line":59,"column":12}}]},"7":{"line":80,"type":"if","locations":[{"start":{"line":80,"column":8},"end":{"line":80,"column":8}},{"start":{"line":80,"column":8},"end":{"line":80,"column":8}}]},"8":{"line":81,"type":"if","locations":[{"start":{"line":81,"column":12},"end":{"line":81,"column":12}},{"start":{"line":81,"column":12},"end":{"line":81,"column":12}}]}}},"contracts/mocks/aave-core/dependencies/chainlink/AggregatorInterface.sol":{"l":{},"path":"/Users/cola/Documents/codes/solidity/OK/LendingAggregator/contracts/mocks/aave-core/dependencies/chainlink/AggregatorInterface.sol","s":{},"b":{},"f":{},"fnMap":{},"statementMap":{},"branchMap":{}},"contracts/mocks/aave-core/dependencies/gnosis/contracts/GPv2SafeERC20.sol":{"l":{"17":13,"20":13,"32":13,"43":16,"46":16,"59":16,"73":29},"path":"/Users/cola/Documents/codes/solidity/OK/LendingAggregator/contracts/mocks/aave-core/dependencies/gnosis/contracts/GPv2SafeERC20.sol","s":{"1":13,"2":13,"3":16,"4":16},"b":{"1":[13,0],"2":[16,0]},"f":{"1":13,"2":16,"3":29},"fnMap":{"1":{"name":"safeTransfer","line":12,"loc":{"start":{"line":12,"column":2},"end":{"line":33,"column":2}}},"2":{"name":"safeTransferFrom","line":37,"loc":{"start":{"line":37,"column":2},"end":{"line":60,"column":2}}},"3":{"name":"getLastTransferResult","line":65,"loc":{"start":{"line":65,"column":2},"end":{"line":123,"column":2}}}},"statementMap":{"1":{"start":{"line":17,"column":4},"end":{"line":17,"column":46}},"2":{"start":{"line":32,"column":4},"end":{"line":32,"column":65}},"3":{"start":{"line":43,"column":4},"end":{"line":43,"column":50}},"4":{"start":{"line":59,"column":4},"end":{"line":59,"column":69}}},"branchMap":{"1":{"line":32,"type":"if","locations":[{"start":{"line":32,"column":4},"end":{"line":32,"column":4}},{"start":{"line":32,"column":4},"end":{"line":32,"column":4}}]},"2":{"line":59,"type":"if","locations":[{"start":{"line":59,"column":4},"end":{"line":59,"column":4}},{"start":{"line":59,"column":4},"end":{"line":59,"column":4}}]}}},"contracts/mocks/aave-core/dependencies/openzeppelin/contracts/AccessControl.sol":{"l":{"69":3,"70":3,"77":0,"84":27,"95":3,"96":0,"116":3,"135":2,"153":1,"171":0,"173":0,"193":1,"202":0,"203":0,"204":0,"208":3,"209":3,"210":3,"215":1,"216":1,"217":1},"path":"/Users/cola/Documents/codes/solidity/OK/LendingAggregator/contracts/mocks/aave-core/dependencies/openzeppelin/contracts/AccessControl.sol","s":{"1":3,"2":0,"3":27,"4":3,"5":0,"6":3,"7":2,"8":1,"9":0,"10":0,"11":1,"12":0,"13":0,"14":3,"15":3,"16":1,"17":1},"b":{"1":[0,0],"2":[0,3],"3":[2,0],"4":[1,0],"5":[0,0],"6":[3,0],"7":[1,0]},"f":{"1":3,"2":0,"3":27,"4":3,"5":3,"6":2,"7":1,"8":0,"9":1,"10":0,"11":3,"12":1},"fnMap":{"1":{"name":"onlyRole","line":68,"loc":{"start":{"line":68,"column":2},"end":{"line":71,"column":2}}},"2":{"name":"supportsInterface","line":76,"loc":{"start":{"line":76,"column":2},"end":{"line":78,"column":2}}},"3":{"name":"hasRole","line":83,"loc":{"start":{"line":83,"column":2},"end":{"line":85,"column":2}}},"4":{"name":"_checkRole","line":94,"loc":{"start":{"line":94,"column":2},"end":{"line":107,"column":2}}},"5":{"name":"getRoleAdmin","line":115,"loc":{"start":{"line":115,"column":2},"end":{"line":117,"column":2}}},"6":{"name":"grantRole","line":133,"loc":{"start":{"line":129,"column":2},"end":{"line":136,"column":2}}},"7":{"name":"revokeRole","line":151,"loc":{"start":{"line":147,"column":2},"end":{"line":154,"column":2}}},"8":{"name":"renounceRole","line":170,"loc":{"start":{"line":170,"column":2},"end":{"line":174,"column":2}}},"9":{"name":"_setupRole","line":192,"loc":{"start":{"line":192,"column":2},"end":{"line":194,"column":2}}},"10":{"name":"_setRoleAdmin","line":201,"loc":{"start":{"line":201,"column":2},"end":{"line":205,"column":2}}},"11":{"name":"_grantRole","line":207,"loc":{"start":{"line":207,"column":2},"end":{"line":212,"column":2}}},"12":{"name":"_revokeRole","line":214,"loc":{"start":{"line":214,"column":2},"end":{"line":219,"column":2}}}},"statementMap":{"1":{"start":{"line":69,"column":4},"end":{"line":69,"column":33}},"2":{"start":{"line":77,"column":4},"end":{"line":77,"column":98}},"3":{"start":{"line":84,"column":4},"end":{"line":84,"column":40}},"4":{"start":{"line":95,"column":4},"end":{"line":95,"column":3201}},"5":{"start":{"line":96,"column":6},"end":{"line":96,"column":3240}},"6":{"start":{"line":116,"column":4},"end":{"line":116,"column":33}},"7":{"start":{"line":135,"column":4},"end":{"line":135,"column":28}},"8":{"start":{"line":153,"column":4},"end":{"line":153,"column":29}},"9":{"start":{"line":171,"column":4},"end":{"line":171,"column":86}},"10":{"start":{"line":173,"column":4},"end":{"line":173,"column":29}},"11":{"start":{"line":193,"column":4},"end":{"line":193,"column":28}},"12":{"start":{"line":202,"column":4},"end":{"line":202,"column":50}},"13":{"start":{"line":204,"column":4},"end":{"line":204,"column":61}},"14":{"start":{"line":208,"column":4},"end":{"line":208,"column":6263}},"15":{"start":{"line":210,"column":6},"end":{"line":210,"column":51}},"16":{"start":{"line":215,"column":4},"end":{"line":215,"column":6470}},"17":{"start":{"line":217,"column":6},"end":{"line":217,"column":51}}},"branchMap":{"1":{"line":77,"type":"cond-expr","locations":[{"start":{"line":77,"column":11},"end":{"line":77,"column":57}},{"start":{"line":77,"column":62},"end":{"line":77,"column":97}}]},"2":{"line":95,"type":"if","locations":[{"start":{"line":95,"column":4},"end":{"line":95,"column":4}},{"start":{"line":95,"column":4},"end":{"line":95,"column":4}}]},"3":{"line":133,"type":"if","locations":[{"start":{"line":133,"column":4},"end":{"line":133,"column":4}},{"start":{"line":133,"column":4},"end":{"line":133,"column":4}}]},"4":{"line":151,"type":"if","locations":[{"start":{"line":151,"column":4},"end":{"line":151,"column":4}},{"start":{"line":151,"column":4},"end":{"line":151,"column":4}}]},"5":{"line":171,"type":"if","locations":[{"start":{"line":171,"column":4},"end":{"line":171,"column":4}},{"start":{"line":171,"column":4},"end":{"line":171,"column":4}}]},"6":{"line":208,"type":"if","locations":[{"start":{"line":208,"column":4},"end":{"line":208,"column":4}},{"start":{"line":208,"column":4},"end":{"line":208,"column":4}}]},"7":{"line":215,"type":"if","locations":[{"start":{"line":215,"column":4},"end":{"line":215,"column":4}},{"start":{"line":215,"column":4},"end":{"line":215,"column":4}}]}}},"contracts/mocks/aave-core/dependencies/openzeppelin/contracts/Address.sol":{"l":{"29":14,"30":14,"32":14,"35":14,"55":0,"58":0,"59":0},"path":"/Users/cola/Documents/codes/solidity/OK/LendingAggregator/contracts/mocks/aave-core/dependencies/openzeppelin/contracts/Address.sol","s":{"1":14,"2":14,"3":14,"4":0,"5":0,"6":0},"b":{"1":[0,0],"2":[0,0]},"f":{"1":14,"2":0},"fnMap":{"1":{"name":"isContract","line":25,"loc":{"start":{"line":25,"column":2},"end":{"line":36,"column":2}}},"2":{"name":"sendValue","line":54,"loc":{"start":{"line":54,"column":2},"end":{"line":60,"column":2}}}},"statementMap":{"1":{"start":{"line":29,"column":4},"end":{"line":29,"column":20}},"2":{"start":{"line":30,"column":4},"end":{"line":30,"column":92}},"3":{"start":{"line":35,"column":4},"end":{"line":35,"column":55}},"4":{"start":{"line":55,"column":4},"end":{"line":55,"column":76}},"5":{"start":{"line":58,"column":4},"end":{"line":58,"column":56}},"6":{"start":{"line":59,"column":4},"end":{"line":59,"column":81}}},"branchMap":{"1":{"line":55,"type":"if","locations":[{"start":{"line":55,"column":4},"end":{"line":55,"column":4}},{"start":{"line":55,"column":4},"end":{"line":55,"column":4}}]},"2":{"line":59,"type":"if","locations":[{"start":{"line":59,"column":4},"end":{"line":59,"column":4}},{"start":{"line":59,"column":4},"end":{"line":59,"column":4}}]}}},"contracts/mocks/aave-core/dependencies/openzeppelin/contracts/Context.sol":{"l":{"16":64,"20":0,"21":0},"path":"/Users/cola/Documents/codes/solidity/OK/LendingAggregator/contracts/mocks/aave-core/dependencies/openzeppelin/contracts/Context.sol","s":{"1":64,"2":0},"b":{},"f":{"1":64,"2":0},"fnMap":{"1":{"name":"_msgSender","line":15,"loc":{"start":{"line":15,"column":2},"end":{"line":17,"column":2}}},"2":{"name":"_msgData","line":19,"loc":{"start":{"line":19,"column":2},"end":{"line":22,"column":2}}}},"statementMap":{"1":{"start":{"line":16,"column":4},"end":{"line":16,"column":30}},"2":{"start":{"line":21,"column":4},"end":{"line":21,"column":19}}},"branchMap":{}},"contracts/mocks/aave-core/dependencies/openzeppelin/contracts/ERC165.sol":{"l":{"26":0},"path":"/Users/cola/Documents/codes/solidity/OK/LendingAggregator/contracts/mocks/aave-core/dependencies/openzeppelin/contracts/ERC165.sol","s":{"1":0},"b":{},"f":{"1":0},"fnMap":{"1":{"name":"supportsInterface","line":25,"loc":{"start":{"line":25,"column":2},"end":{"line":27,"column":2}}}},"statementMap":{"1":{"start":{"line":26,"column":4},"end":{"line":26,"column":51}}},"branchMap":{}},"contracts/mocks/aave-core/dependencies/openzeppelin/contracts/ERC20.sol":{"l":{"58":0,"59":0,"60":0,"67":0,"75":0,"92":0,"99":0,"106":0,"118":0,"119":0,"132":0,"143":0,"144":0,"164":0,"165":0,"170":0,"186":0,"187":0,"209":0,"217":0,"239":0,"240":0,"242":0,"244":0,"245":0,"246":0,"259":0,"261":0,"263":0,"264":0,"265":0,"280":0,"282":0,"284":0,"285":0,"286":0,"307":0,"308":0,"310":0,"311":0,"322":0},"path":"/Users/cola/Documents/codes/solidity/OK/LendingAggregator/contracts/mocks/aave-core/dependencies/openzeppelin/contracts/ERC20.sol","s":{"1":0,"2":0,"3":0,"4":0,"5":0,"6":0,"7":0,"8":0,"9":0,"10":0,"11":0,"12":0,"13":0,"14":0,"15":0,"16":0,"17":0,"18":0,"19":0,"20":0,"21":0,"22":0,"23":0,"24":0,"25":0,"26":0,"27":0,"28":0,"29":0,"30":0},"b":{"1":[0,0],"2":[0,0],"3":[0,0],"4":[0,0],"5":[0,0],"6":[0,0]},"f":{"1":0,"2":0,"3":0,"4":0,"5":0,"6":0,"7":0,"8":0,"9":0,"10":0,"11":0,"12":0,"13":0,"14":0,"15":0,"16":0,"17":0,"18":0},"fnMap":{"1":{"name":"constructor","line":57,"loc":{"start":{"line":57,"column":2},"end":{"line":61,"column":2}}},"2":{"name":"name","line":66,"loc":{"start":{"line":66,"column":2},"end":{"line":68,"column":2}}},"3":{"name":"symbol","line":74,"loc":{"start":{"line":74,"column":2},"end":{"line":76,"column":2}}},"4":{"name":"decimals","line":91,"loc":{"start":{"line":91,"column":2},"end":{"line":93,"column":2}}},"5":{"name":"totalSupply","line":98,"loc":{"start":{"line":98,"column":2},"end":{"line":100,"column":2}}},"6":{"name":"balanceOf","line":105,"loc":{"start":{"line":105,"column":2},"end":{"line":107,"column":2}}},"7":{"name":"transfer","line":117,"loc":{"start":{"line":117,"column":2},"end":{"line":120,"column":2}}},"8":{"name":"allowance","line":125,"loc":{"start":{"line":125,"column":2},"end":{"line":133,"column":2}}},"9":{"name":"approve","line":142,"loc":{"start":{"line":142,"column":2},"end":{"line":145,"column":2}}},"10":{"name":"transferFrom","line":159,"loc":{"start":{"line":159,"column":2},"end":{"line":171,"column":2}}},"11":{"name":"increaseAllowance","line":185,"loc":{"start":{"line":185,"column":2},"end":{"line":188,"column":2}}},"12":{"name":"decreaseAllowance","line":204,"loc":{"start":{"line":204,"column":2},"end":{"line":218,"column":2}}},"13":{"name":"_transfer","line":234,"loc":{"start":{"line":234,"column":2},"end":{"line":247,"column":2}}},"14":{"name":"_mint","line":258,"loc":{"start":{"line":258,"column":2},"end":{"line":266,"column":2}}},"15":{"name":"_burn","line":279,"loc":{"start":{"line":279,"column":2},"end":{"line":287,"column":2}}},"16":{"name":"_approve","line":302,"loc":{"start":{"line":302,"column":2},"end":{"line":312,"column":2}}},"17":{"name":"_setupDecimals","line":321,"loc":{"start":{"line":321,"column":2},"end":{"line":323,"column":2}}},"18":{"name":"_beforeTokenTransfer","line":339,"loc":{"start":{"line":339,"column":2},"end":{"line":343,"column":22}}}},"statementMap":{"1":{"start":{"line":67,"column":4},"end":{"line":67,"column":16}},"2":{"start":{"line":75,"column":4},"end":{"line":75,"column":18}},"3":{"start":{"line":92,"column":4},"end":{"line":92,"column":20}},"4":{"start":{"line":99,"column":4},"end":{"line":99,"column":23}},"5":{"start":{"line":106,"column":4},"end":{"line":106,"column":29}},"6":{"start":{"line":118,"column":4},"end":{"line":118,"column":45}},"7":{"start":{"line":119,"column":4},"end":{"line":119,"column":15}},"8":{"start":{"line":132,"column":4},"end":{"line":132,"column":38}},"9":{"start":{"line":143,"column":4},"end":{"line":143,"column":42}},"10":{"start":{"line":144,"column":4},"end":{"line":144,"column":15}},"11":{"start":{"line":164,"column":4},"end":{"line":164,"column":39}},"12":{"start":{"line":165,"column":4},"end":{"line":165,"column":4810}},"13":{"start":{"line":170,"column":4},"end":{"line":170,"column":15}},"14":{"start":{"line":186,"column":4},"end":{"line":186,"column":86}},"15":{"start":{"line":187,"column":4},"end":{"line":187,"column":15}},"16":{"start":{"line":209,"column":4},"end":{"line":209,"column":6127}},"17":{"start":{"line":217,"column":4},"end":{"line":217,"column":15}},"18":{"start":{"line":239,"column":4},"end":{"line":239,"column":73}},"19":{"start":{"line":240,"column":4},"end":{"line":240,"column":74}},"20":{"start":{"line":242,"column":4},"end":{"line":242,"column":50}},"21":{"start":{"line":246,"column":4},"end":{"line":246,"column":44}},"22":{"start":{"line":259,"column":4},"end":{"line":259,"column":68}},"23":{"start":{"line":261,"column":4},"end":{"line":261,"column":52}},"24":{"start":{"line":265,"column":4},"end":{"line":265,"column":46}},"25":{"start":{"line":280,"column":4},"end":{"line":280,"column":70}},"26":{"start":{"line":282,"column":4},"end":{"line":282,"column":52}},"27":{"start":{"line":286,"column":4},"end":{"line":286,"column":46}},"28":{"start":{"line":307,"column":4},"end":{"line":307,"column":71}},"29":{"start":{"line":308,"column":4},"end":{"line":308,"column":71}},"30":{"start":{"line":311,"column":4},"end":{"line":311,"column":41}}},"branchMap":{"1":{"line":239,"type":"if","locations":[{"start":{"line":239,"column":4},"end":{"line":239,"column":4}},{"start":{"line":239,"column":4},"end":{"line":239,"column":4}}]},"2":{"line":240,"type":"if","locations":[{"start":{"line":240,"column":4},"end":{"line":240,"column":4}},{"start":{"line":240,"column":4},"end":{"line":240,"column":4}}]},"3":{"line":259,"type":"if","locations":[{"start":{"line":259,"column":4},"end":{"line":259,"column":4}},{"start":{"line":259,"column":4},"end":{"line":259,"column":4}}]},"4":{"line":280,"type":"if","locations":[{"start":{"line":280,"column":4},"end":{"line":280,"column":4}},{"start":{"line":280,"column":4},"end":{"line":280,"column":4}}]},"5":{"line":307,"type":"if","locations":[{"start":{"line":307,"column":4},"end":{"line":307,"column":4}},{"start":{"line":307,"column":4},"end":{"line":307,"column":4}}]},"6":{"line":308,"type":"if","locations":[{"start":{"line":308,"column":4},"end":{"line":308,"column":4}},{"start":{"line":308,"column":4},"end":{"line":308,"column":4}}]}}},"contracts/mocks/aave-core/dependencies/openzeppelin/contracts/IAccessControl.sol":{"l":{},"path":"/Users/cola/Documents/codes/solidity/OK/LendingAggregator/contracts/mocks/aave-core/dependencies/openzeppelin/contracts/IAccessControl.sol","s":{},"b":{},"f":{},"fnMap":{},"statementMap":{},"branchMap":{}},"contracts/mocks/aave-core/dependencies/openzeppelin/contracts/IERC165.sol":{"l":{},"path":"/Users/cola/Documents/codes/solidity/OK/LendingAggregator/contracts/mocks/aave-core/dependencies/openzeppelin/contracts/IERC165.sol","s":{},"b":{},"f":{},"fnMap":{},"statementMap":{},"branchMap":{}},"contracts/mocks/aave-core/dependencies/openzeppelin/contracts/IERC20.sol":{"l":{},"path":"/Users/cola/Documents/codes/solidity/OK/LendingAggregator/contracts/mocks/aave-core/dependencies/openzeppelin/contracts/IERC20.sol","s":{},"b":{},"f":{},"fnMap":{},"statementMap":{},"branchMap":{}},"contracts/mocks/aave-core/dependencies/openzeppelin/contracts/IERC20Detailed.sol":{"l":{},"path":"/Users/cola/Documents/codes/solidity/OK/LendingAggregator/contracts/mocks/aave-core/dependencies/openzeppelin/contracts/IERC20Detailed.sol","s":{},"b":{},"f":{},"fnMap":{},"statementMap":{},"branchMap":{}},"contracts/mocks/aave-core/dependencies/openzeppelin/contracts/Ownable.sol":{"l":{"28":6,"29":6,"30":6,"37":0,"44":9,"45":9,"56":0,"57":0,"65":3,"66":3,"67":3},"path":"/Users/cola/Documents/codes/solidity/OK/LendingAggregator/contracts/mocks/aave-core/dependencies/openzeppelin/contracts/Ownable.sol","s":{"1":6,"2":6,"3":0,"4":9,"5":0,"6":3,"7":3},"b":{"1":[9,0],"2":[0,0],"3":[3,0],"4":[3,0]},"f":{"1":6,"2":0,"3":9,"4":0,"5":3},"fnMap":{"1":{"name":"constructor","line":27,"loc":{"start":{"line":27,"column":2},"end":{"line":31,"column":2}}},"2":{"name":"owner","line":36,"loc":{"start":{"line":36,"column":2},"end":{"line":38,"column":2}}},"3":{"name":"onlyOwner","line":43,"loc":{"start":{"line":43,"column":2},"end":{"line":46,"column":2}}},"4":{"name":"renounceOwnership","line":55,"loc":{"start":{"line":55,"column":2},"end":{"line":58,"column":2}}},"5":{"name":"transferOwnership","line":64,"loc":{"start":{"line":64,"column":2},"end":{"line":68,"column":2}}}},"statementMap":{"1":{"start":{"line":28,"column":4},"end":{"line":28,"column":36}},"2":{"start":{"line":30,"column":4},"end":{"line":30,"column":52}},"3":{"start":{"line":37,"column":4},"end":{"line":37,"column":17}},"4":{"start":{"line":44,"column":4},"end":{"line":44,"column":70}},"5":{"start":{"line":56,"column":4},"end":{"line":56,"column":49}},"6":{"start":{"line":65,"column":4},"end":{"line":65,"column":76}},"7":{"start":{"line":66,"column":4},"end":{"line":66,"column":47}}},"branchMap":{"1":{"line":44,"type":"if","locations":[{"start":{"line":44,"column":4},"end":{"line":44,"column":4}},{"start":{"line":44,"column":4},"end":{"line":44,"column":4}}]},"2":{"line":55,"type":"if","locations":[{"start":{"line":55,"column":46},"end":{"line":55,"column":46}},{"start":{"line":55,"column":46},"end":{"line":55,"column":46}}]},"3":{"line":64,"type":"if","locations":[{"start":{"line":64,"column":62},"end":{"line":64,"column":62}},{"start":{"line":64,"column":62},"end":{"line":64,"column":62}}]},"4":{"line":65,"type":"if","locations":[{"start":{"line":65,"column":4},"end":{"line":65,"column":4}},{"start":{"line":65,"column":4},"end":{"line":65,"column":4}}]}}},"contracts/mocks/aave-core/dependencies/openzeppelin/contracts/SafeCast.sol":{"l":{"32":0,"33":0,"47":154,"48":154,"62":0,"63":0,"77":0,"78":0,"92":0,"93":0,"107":0,"108":0,"122":0,"123":0,"134":0,"135":0,"152":0,"156":0,"173":0,"177":0,"194":0,"198":0,"215":0,"219":0,"236":0,"240":0,"252":0,"253":0},"path":"/Users/cola/Documents/codes/solidity/OK/LendingAggregator/contracts/mocks/aave-core/dependencies/openzeppelin/contracts/SafeCast.sol","s":{"1":0,"2":0,"3":154,"4":154,"5":0,"6":0,"7":0,"8":0,"9":0,"10":0,"11":0,"12":0,"13":0,"14":0,"15":0,"16":0,"17":0,"18":0,"19":0,"20":0,"21":0,"22":0,"23":0,"24":0,"25":0,"26":0,"27":0,"28":0},"b":{"1":[0,0],"2":[154,0],"3":[0,0],"4":[0,0],"5":[0,0],"6":[0,0],"7":[0,0],"8":[0,0],"9":[0,0],"10":[0,0],"11":[0,0],"12":[0,0],"13":[0,0],"14":[0,0]},"f":{"1":0,"2":154,"3":0,"4":0,"5":0,"6":0,"7":0,"8":0,"9":0,"10":0,"11":0,"12":0,"13":0,"14":0},"fnMap":{"1":{"name":"toUint224","line":31,"loc":{"start":{"line":31,"column":2},"end":{"line":34,"column":2}}},"2":{"name":"toUint128","line":46,"loc":{"start":{"line":46,"column":2},"end":{"line":49,"column":2}}},"3":{"name":"toUint9
[...]
{"line":226,"column":4},"end":{"line":268,"column":4}}},"7":{"name":"liquidate","line":270,"loc":{"start":{"line":270,"column":4},"end":{"line":310,"column":4}}},"8":{"name":"borrowAllowed","line":312,"loc":{"start":{"line":312,"column":4},"end":{"line":326,"column":4}}},"9":{"name":"liquidateAllowed","line":328,"loc":{"start":{"line":328,"column":4},"end":{"line":342,"column":4}}},"10":{"name":"updatetotalLendings","line":344,"loc":{"start":{"line":344,"column":4},"end":{"line":348,"column":4}}},"11":{"name":"userStatus","line":350,"loc":{"start":{"line":350,"column":4},"end":{"line":379,"column":4}}},"12":{"name":"addAsset","line":385,"loc":{"start":{"line":382,"column":4},"end":{"line":398,"column":4}}},"13":{"name":"updateConfig","line":400,"loc":{"start":{"line":400,"column":4},"end":{"line":402,"column":4}}},"14":{"name":"updateFactory","line":404,"loc":{"start":{"line":404,"column":4},"end":{"line":406,"column":4}}},"15":{"name":"updateProtocolsHandler","line":411,"loc":{"start":{"line":408,"column":4},"end":{"line":414,"column":4}}},"16":{"name":"updatePriceOracle","line":419,"loc":{"start":{"line":416,"column":4},"end":{"line":422,"column":4}}},"17":{"name":"updateStrategy","line":424,"loc":{"start":{"line":424,"column":4},"end":{"line":426,"column":4}}}},"statementMap":{"1":{"start":{"line":77,"column":8},"end":{"line":77,"column":52}},"2":{"start":{"line":78,"column":8},"end":{"line":78,"column":57}},"3":{"start":{"line":79,"column":8},"end":{"line":79,"column":2065}},"4":{"start":{"line":84,"column":8},"end":{"line":84,"column":2203}},"5":{"start":{"line":91,"column":8},"end":{"line":91,"column":2397}},"6":{"start":{"line":94,"column":8},"end":{"line":94,"column":2485}},"7":{"start":{"line":100,"column":8},"end":{"line":100,"column":55}},"8":{"start":{"line":101,"column":8},"end":{"line":101,"column":2696}},"9":{"start":{"line":102,"column":12},"end":{"line":102,"column":2744}},"10":{"start":{"line":111,"column":8},"end":{"line":111,"column":76}},"11":{"start":{"line":113,"column":8},"end":{"line":113,"column":65}},"12":{"start":{"line":114,"column":8},"end":{"line":114,"column":3128}},"13":{"start":{"line":120,"column":8},"end":{"line":120,"column":75}},"14":{"start":{"line":122,"column":8},"end":{"line":122,"column":64}},"15":{"start":{"line":128,"column":8},"end":{"line":128,"column":52}},"16":{"start":{"line":129,"column":8},"end":{"line":129,"column":57}},"17":{"start":{"line":130,"column":8},"end":{"line":130,"column":3656}},"18":{"start":{"line":132,"column":8},"end":{"line":132,"column":3743}},"19":{"start":{"line":137,"column":8},"end":{"line":137,"column":3887}},"20":{"start":{"line":144,"column":8},"end":{"line":144,"column":76}},"21":{"start":{"line":145,"column":8},"end":{"line":145,"column":76}},"22":{"start":{"line":155,"column":8},"end":{"line":155,"column":52}},"23":{"start":{"line":156,"column":8},"end":{"line":156,"column":4518}},"24":{"start":{"line":164,"column":8},"end":{"line":164,"column":4708}},"25":{"start":{"line":165,"column":12},"end":{"line":165,"column":61}},"26":{"start":{"line":169,"column":8},"end":{"line":169,"column":56}},"27":{"start":{"line":170,"column":8},"end":{"line":170,"column":4921}},"28":{"start":{"line":176,"column":8},"end":{"line":176,"column":66}},"29":{"start":{"line":178,"column":8},"end":{"line":178,"column":64}},"30":{"start":{"line":182,"column":8},"end":{"line":182,"column":68}},"31":{"start":{"line":184,"column":8},"end":{"line":184,"column":52}},"32":{"start":{"line":185,"column":8},"end":{"line":185,"column":57}},"33":{"start":{"line":187,"column":8},"end":{"line":187,"column":79}},"34":{"start":{"line":188,"column":8},"end":{"line":188,"column":5528}},"35":{"start":{"line":192,"column":8},"end":{"line":192,"column":5671}},"36":{"start":{"line":198,"column":8},"end":{"line":198,"column":57}},"37":{"start":{"line":200,"column":8},"end":{"line":200,"column":5935}},"38":{"start":{"line":202,"column":8},"end":{"line":202,"column":6022}},"39":{"start":{"line":209,"column":8},"end":{"line":209,"column":6209}},"40":{"start":{"line":211,"column":12},"end":{"line":211,"column":41}},"41":{"start":{"line":214,"column":8},"end":{"line":214,"column":66}},"42":{"start":{"line":215,"column":8},"end":{"line":215,"column":6414}},"43":{"start":{"line":221,"column":8},"end":{"line":221,"column":76}},"44":{"start":{"line":223,"column":8},"end":{"line":223,"column":64}},"45":{"start":{"line":227,"column":8},"end":{"line":227,"column":52}},"46":{"start":{"line":229,"column":8},"end":{"line":229,"column":6825}},"47":{"start":{"line":236,"column":8},"end":{"line":236,"column":57}},"48":{"start":{"line":238,"column":8},"end":{"line":238,"column":79}},"49":{"start":{"line":239,"column":8},"end":{"line":239,"column":7128}},"50":{"start":{"line":243,"column":8},"end":{"line":243,"column":7271}},"51":{"start":{"line":249,"column":8},"end":{"line":249,"column":55}},"52":{"start":{"line":250,"column":8},"end":{"line":250,"column":7498}},"53":{"start":{"line":251,"column":12},"end":{"line":251,"column":7573}},"54":{"start":{"line":253,"column":12},"end":{"line":253,"column":7668}},"55":{"start":{"line":262,"column":8},"end":{"line":262,"column":55}},"56":{"start":{"line":263,"column":8},"end":{"line":263,"column":78}},"57":{"start":{"line":265,"column":8},"end":{"line":265,"column":65}},"58":{"start":{"line":267,"column":8},"end":{"line":267,"column":63}},"59":{"start":{"line":274,"column":8},"end":{"line":274,"column":79}},"60":{"start":{"line":275,"column":8},"end":{"line":275,"column":8417}},"61":{"start":{"line":280,"column":8},"end":{"line":280,"column":26}},"62":{"start":{"line":282,"column":8},"end":{"line":282,"column":60}},"63":{"start":{"line":283,"column":8},"end":{"line":283,"column":8631}},"64":{"start":{"line":288,"column":8},"end":{"line":288,"column":8794}},"65":{"start":{"line":292,"column":8},"end":{"line":292,"column":9001}},"66":{"start":{"line":294,"column":8},"end":{"line":294,"column":9083}},"67":{"start":{"line":298,"column":8},"end":{"line":298,"column":9233}},"68":{"start":{"line":303,"column":8},"end":{"line":303,"column":9383}},"69":{"start":{"line":317,"column":8},"end":{"line":317,"column":74}},"70":{"start":{"line":318,"column":8},"end":{"line":318,"column":9746}},"71":{"start":{"line":323,"column":8},"end":{"line":323,"column":9892}},"72":{"start":{"line":325,"column":8},"end":{"line":325,"column":56}},"73":{"start":{"line":332,"column":8},"end":{"line":332,"column":10188}},"74":{"start":{"line":336,"column":8},"end":{"line":336,"column":10333}},"75":{"start":{"line":339,"column":8},"end":{"line":339,"column":10451}},"76":{"start":{"line":345,"column":8},"end":{"line":345,"column":43}},"77":{"start":{"line":347,"column":8},"end":{"line":347,"column":52}},"78":{"start":{"line":355,"column":8},"end":{"line":355,"column":67}},"79":{"start":{"line":356,"column":8},"end":{"line":356,"column":11007}},"80":{"start":{"line":357,"column":12},"end":{"line":357,"column":11074}},"81":{"start":{"line":358,"column":16},"end":{"line":358,"column":66}},"82":{"start":{"line":360,"column":16},"end":{"line":360,"column":11232}},"83":{"start":{"line":361,"column":20},"end":{"line":361,"column":66}},"84":{"start":{"line":362,"column":20},"end":{"line":362,"column":76}},"85":{"start":{"line":369,"column":16},"end":{"line":369,"column":11647}},"86":{"start":{"line":370,"column":20},"end":{"line":370,"column":66}},"87":{"start":{"line":371,"column":20},"end":{"line":371,"column":73}},"88":{"start":{"line":388,"column":8},"end":{"line":388,"column":57}},"89":{"start":{"line":389,"column":8},"end":{"line":389,"column":12309}},"90":{"start":{"line":393,"column":8},"end":{"line":393,"column":45}},"91":{"start":{"line":397,"column":8},"end":{"line":397,"column":75}}},"branchMap":{"1":{"line":101,"type":"if","locations":[{"start":{"line":101,"column":8},"end":{"line":101,"column":8}},{"start":{"line":101,"column":8},"end":{"line":101,"column":8}}]},"2":{"line":164,"type":"if","locations":[{"start":{"line":164,"column":8},"end":{"line":164,"column":8}},{"start":{"line":164,"column":8},"end":{"line":164,"column":8}}]},"3":{"line":182,"type":"if","locations":[{"start":{"line":182,"column":8},"end":{"line":182,"column":8}},{"start":{"line":182,"column":8},"end":{"line":182,"column":8}}]},"4":{"line":209,"type":"if","locations":[{"start":{"line":209,"column":8},"end":{"line":209,"column":8}},{"start":{"line":209,"column":8},"end":{"line":209,"column":8}}]},"5":{"line":250,"type":"if","locations":[{"start":{"line":250,"column":8},"end":{"line":250,"column":8}},{"start":{"line":250,"column":8},"end":{"line":250,"column":8}}]},"6":{"line":275,"type":"if","locations":[{"start":{"line":275,"column":8},"end":{"line":275,"column":8}},{"start":{"line":275,"column":8},"end":{"line":275,"column":8}}]},"7":{"line":357,"type":"if","locations":[{"start":{"line":357,"column":12},"end":{"line":357,"column":12}},{"start":{"line":357,"column":12},"end":{"line":357,"column":12}}]},"8":{"line":360,"type":"if","locations":[{"start":{"line":360,"column":16},"end":{"line":360,"column":16}},{"start":{"line":360,"column":16},"end":{"line":360,"column":16}}]},"9":{"line":365,"type":"if","locations":[{"start":{"line":365,"column":26},"end":{"line":365,"column":32}},{"start":{"line":366,"column":26},"end":{"line":366,"column":78}}]},"10":{"line":369,"type":"if","locations":[{"start":{"line":369,"column":16},"end":{"line":369,"column":16}},{"start":{"line":369,"column":16},"end":{"line":369,"column":16}}]},"11":{"line":374,"type":"if","locations":[{"start":{"line":374,"column":26},"end":{"line":374,"column":32}},{"start":{"line":375,"column":26},"end":{"line":375,"column":78}}]},"12":{"line":385,"type":"if","locations":[{"start":{"line":385,"column":8},"end":{"line":385,"column":8}},{"start":{"line":385,"column":8},"end":{"line":385,"column":8}}]},"13":{"line":389,"type":"if","locations":[{"start":{"line":389,"column":8},"end":{"line":389,"column":8}},{"start":{"line":389,"column":8},"end":{"line":389,"column":8}}]},"14":{"line":400,"type":"if","locations":[{"start":{"line":400,"column":61},"end":{"line":400,"column":61}},{"start":{"line":400,"column":61},"end":{"line":400,"column":61}}]},"15":{"line":404,"type":"if","locations":[{"start":{"line":404,"column":64},"end":{"line":404,"column":64}},{"start":{"line":404,"column":64},"end":{"line":404,"column":64}}]},"16":{"line":411,"type":"if","locations":[{"start":{"line":411,"column":8},"end":{"line":411,"column":8}},{"start":{"line":411,"column":8},"end":{"line":411,"column":8}}]},"17":{"line":419,"type":"if","locations":[{"start":{"line":419,"column":8},"end":{"line":419,"column":8}},{"start":{"line":419,"column":8},"end":{"line":419,"column":8}}]},"18":{"line":424,"type":"if","locations":[{"start":{"line":424,"column":67},"end":{"line":424,"column":67}},{"start":{"line":424,"column":67},"end":{"line":424,"column":67}}]}}},"contracts/SToken.sol":{"l":{"19":0,"20":0,"29":0,"30":0,"38":0,"41":0,"49":0,"52":0,"61":0,"70":0,"71":0,"74":0,"78":0,"87":0},"path":"/Users/cola/Documents/codes/solidity/OK/LendingAggregator/contracts/SToken.sol","s":{"1":0,"2":0,"3":0,"4":0,"5":0,"6":0,"7":0},"b":{"1":[0,0],"2":[0,0],"3":[0,0],"4":[0,0],"5":[0,0],"6":[0,0]},"f":{"1":0,"2":0,"3":0,"4":0,"5":0,"6":0,"7":0,"8":0},"fnMap":{"1":{"name":"onlyRouter","line":18,"loc":{"start":{"line":18,"column":4},"end":{"line":21,"column":4}}},"2":{"name":"constructor","line":28,"loc":{"start":{"line":23,"column":4},"end":{"line":31,"column":4}}},"3":{"name":"mint","line":37,"loc":{"start":{"line":33,"column":4},"end":{"line":42,"column":4}}},"4":{"name":"burn","line":48,"loc":{"start":{"line":44,"column":4},"end":{"line":53,"column":4}}},"5":{"name":"scaledBalanceOf","line":55,"loc":{"start":{"line":55,"column":4},"end":{"line":62,"column":4}}},"6":{"name":"scaledAmount","line":64,"loc":{"start":{"line":64,"column":4},"end":{"line":75,"column":4}}},"7":{"name":"scaledTotalSupply","line":77,"loc":{"start":{"line":77,"column":4},"end":{"line":79,"column":4}}},"8":{"name":"userShare","line":81,"loc":{"start":{"line":81,"column":4},"end":{"line":88,"column":4}}}},"statementMap":{"1":{"start":{"line":19,"column":8},"end":{"line":19,"column":67}},"2":{"start":{"line":41,"column":8},"end":{"line":41,"column":30}},"3":{"start":{"line":52,"column":8},"end":{"line":52,"column":27}},"4":{"start":{"line":61,"column":8},"end":{"line":61,"column":48}},"5":{"start":{"line":70,"column":8},"end":{"line":70,"column":43}},"6":{"start":{"line":71,"column":8},"end":{"line":71,"column":1884}},"7":{"start":{"line":74,"column":8},"end":{"line":74,"column":76}}},"branchMap":{"1":{"line":19,"type":"if","locations":[{"start":{"line":19,"column":8},"end":{"line":19,"column":8}},{"start":{"line":19,"column":8},"end":{"line":19,"column":8}}]},"2":{"line":37,"type":"if","locations":[{"start":{"line":37,"column":24},"end":{"line":37,"column":24}},{"start":{"line":37,"column":24},"end":{"line":37,"column":24}}]},"3":{"line":39,"type":"if","locations":[{"start":{"line":39,"column":14},"end":{"line":39,"column":69}},{"start":{"line":40,"column":14},"end":{"line":40,"column":32}}]},"4":{"line":48,"type":"if","locations":[{"start":{"line":48,"column":24},"end":{"line":48,"column":24}},{"start":{"line":48,"column":24},"end":{"line":48,"column":24}}]},"5":{"line":50,"type":"if","locations":[{"start":{"line":50,"column":14},"end":{"line":50,"column":69}},{"start":{"line":51,"column":14},"end":{"line":51,"column":32}}]},"6":{"line":74,"type":"if","locations":[{"start":{"line":74,"column":33},"end":{"line":74,"column":71}},{"start":{"line":74,"column":75},"end":{"line":74,"column":75}}]}}},"contracts/Strategy.sol":{"l":{"14":0,"28":0,"29":0,"30":0,"32":0,"33":0,"37":0,"43":0,"44":0,"47":0,"48":0,"50":0,"51":0,"52":0,"54":0,"64":0,"65":0,"66":0,"68":0,"69":0,"70":0,"72":0,"73":0,"76":0,"77":0,"84":0,"85":0,"86":0,"87":0,"89":0,"90":0,"95":0,"100":0,"102":0,"103":0,"106":0,"110":0,"112":0,"120":0,"121":0,"122":0,"124":0,"125":0,"126":0,"128":0,"129":0,"132":0,"133":0,"140":0,"141":0,"143":0,"144":0,"146":0,"147":0,"152":0,"157":0,"161":0,"163":0,"168":0,"169":0,"172":0,"173":0,"177":0,"178":0,"179":0,"182":0,"192":0,"194":0,"195":0,"206":0,"208":0,"209":0,"223":0,"225":0,"226":0,"234":0,"236":0,"237":0},"path":"/Users/cola/Documents/codes/solidity/OK/LendingAggregator/contracts/Strategy.sol","s":{"1":0,"2":0,"3":0,"4":0,"5":0,"6":0,"7":0,"8":0,"9":0,"10":0,"11":0,"12":0,"13":0,"14":0,"15":0,"16":0,"17":0,"18":0,"19":0,"20":0,"21":0,"22":0,"23":0,"24":0,"25":0,"26":0,"27":0,"28":0,"29":0,"30":0,"31":0,"32":0,"33":0,"34":0,"35":0,"36":0,"37":0,"38":0},"b":{"1":[0,0],"2":[0,0],"3":[0,0],"4":[0,0],"5":[0,0],"6":[0,0],"7":[0,0],"8":[0,0]},"f":{"1":0,"2":0,"3":0,"4":0,"5":0,"6":0,"7":0,"8":0,"9":0,"10":0},"fnMap":{"1":{"name":"constructor","line":13,"loc":{"start":{"line":13,"column":4},"end":{"line":15,"column":4}}},"2":{"name":"getSupplyStrategy","line":17,"loc":{"start":{"line":17,"column":4},"end":{"line":57,"column":4}}},"3":{"name":"getSimulateSupplyStrategy","line":59,"loc":{"start":{"line":59,"column":4},"end":{"line":78,"column":4}}},"4":{"name":"getBorrowStrategy","line":80,"loc":{"start":{"line":80,"column":4},"end":{"line":113,"column":4}}},"5":{"name":"getSimulateBorrowStrategy","line":115,"loc":{"start":{"line":115,"column":4},"end":{"line":134,"column":4}}},"6":{"name":"getRepayStrategy","line":136,"loc":{"start":{"line":136,"column":4},"end":{"line":185,"column":4}}},"7":{"name":"minSupplyNeeded","line":187,"loc":{"start":{"line":187,"column":4},"end":{"line":199,"column":4}}},"8":{"name":"maxRedeemAllowed","line":201,"loc":{"start":{"line":201,"column":4},"end":{"line":216,"column":4}}},"9":{"name":"maxBorrowAllowed","line":218,"loc":{"start":{"line":218,"column":4},"end":{"line":227,"column":4}}},"10":{"name":"minRepayNeeded","line":229,"loc":{"start":{"line":229,"column":4},"end":{"line":238,"column":4}}}},"statementMap":{"1":{"start":{"line":28,"column":8},"end":{"line":28,"column":42}},"2":{"start":{"line":32,"column":8},"end":{"line":32,"column":825}},"3":{"start":{"line":43,"column":12},"end":{"line":43,"column":69}},"4":{"start":{"line":48,"column":8},"end":{"line":48,"column":78}},"5":{"start":{"line":50,"column":8},"end":{"line":50,"column":1449}},"6":{"start":{"line":51,"column":12},"end":{"line":51,"column":1512}},"7":{"start":{"line":64,"column":8},"end":{"line":64,"column":42}},"8":{"start":{"line":68,"column":8},"end":{"line":68,"column":2107}},"9":{"start":{"line":72,"column":12},"end":{"line":72,"column":69}},"10":{"start":{"line":84,"column":8},"end":{"line":84,"column":42}},"11":{"start":{"line":87,"column":8},"end":{"line":87,"column":31}},"12":{"start":{"line":89,"column":8},"end":{"line":89,"column":2928}},"13":{"start":{"line":102,"column":12},"end":{"line":102,"column":76}},"14":{"start":{"line":106,"column":8},"end":{"line":106,"column":3490}},"15":{"start":{"line":120,"column":8},"end":{"line":120,"column":42}},"16":{"start":{"line":124,"column":8},"end":{"line":124,"column":4088}},"17":{"start":{"line":128,"column":12},"end":{"line":128,"column":69}},"18":{"start":{"line":140,"column":8},"end":{"line":140,"column":42}},"19":{"start":{"line":146,"column":8},"end":{"line":146,"column":30}},"20":{"start":{"line":147,"column":8},"end":{"line":147,"column":4983}},"21":{"start":{"line":168,"column":12},"end":{"line":168,"column":76}},"22":{"start":{"line":172,"column":8},"end":{"line":172,"column":5787}},"23":{"start":{"line":173,"column":12},"end":{"line":173,"column":5846}},"24":{"start":{"line":177,"column":12},"end":{"line":177,"column":5967}},"25":{"start":{"line":178,"column":16},"end":{"line":178,"column":6016}},"26":{"start":{"line":182,"column":16},"end":{"line":182,"column":38}},"27":{"start":{"line":192,"column":8},"end":{"line":192,"column":6458}},"28":{"start":{"line":194,"column":8},"end":{"line":194,"column":73}},"29":{"start":{"line":195,"column":8},"end":{"line":195,"column":6613}},"30":{"start":{"line":206,"column":8},"end":{"line":206,"column":6960}},"31":{"start":{"line":208,"column":8},"end":{"line":208,"column":73}},"32":{"start":{"line":209,"column":8},"end":{"line":209,"column":7115}},"33":{"start":{"line":223,"column":8},"end":{"line":223,"column":7576}},"34":{"start":{"line":225,"column":8},"end":{"line":225,"column":70}},"35":{"start":{"line":226,"column":8},"end":{"line":226,"column":72}},"36":{"start":{"line":234,"column":8},"end":{"line":234,"column":8015}},"37":{"start":{"line":236,"column":8},"end":{"line":236,"column":70}},"38":{"start":{"line":237,"column":8},"end":{"line":237,"column":72}}},"branchMap":{"1":{"line":51,"type":"if","locations":[{"start":{"line":51,"column":12},"end":{"line":51,"column":12}},{"start":{"line":51,"column":12},"end":{"line":51,"column":12}}]},"2":{"line":106,"type":"if","locations":[{"start":{"line":106,"column":8},"end":{"line":106,"column":8}},{"start":{"line":106,"column":8},"end":{"line":106,"column":8}}]},"3":{"line":172,"type":"if","locations":[{"start":{"line":172,"column":8},"end":{"line":172,"column":8}},{"start":{"line":172,"column":8},"end":{"line":172,"column":8}}]},"4":{"line":177,"type":"if","locations":[{"start":{"line":177,"column":12},"end":{"line":177,"column":12}},{"start":{"line":177,"column":12},"end":{"line":177,"column":12}}]},"5":{"line":197,"type":"if","locations":[{"start":{"line":197,"column":18},"end":{"line":197,"column":49}},{"start":{"line":198,"column":18},"end":{"line":198,"column":18}}]},"6":{"line":211,"type":"if","locations":[{"start":{"line":211,"column":18},"end":{"line":214,"column":16}},{"start":{"line":215,"column":18},"end":{"line":215,"column":18}}]},"7":{"line":226,"type":"if","locations":[{"start":{"line":226,"column":43},"end":{"line":226,"column":67}},{"start":{"line":226,"column":71},"end":{"line":226,"column":71}}]},"8":{"line":237,"type":"if","locations":[{"start":{"line":237,"column":43},"end":{"line":237,"column":67}},{"start":{"line":237,"column":71},"end":{"line":237,"column":71}}]}}}}